[0.442s] Invoking command in '/home/user/ros2_ws/src/wall_follower': PYTHONPATH=/home/user/ros2_ws/install/wall_follower/lib/python3.8/site-packages:${PYTHONPATH} _=/usr/bin/env /usr/bin/python3 setup.py egg_info --egg-base ../../build/wall_follower build --build-base /home/user/ros2_ws/build/wall_follower/build install --prefix /home/user/ros2_ws/install/wall_follower --record /home/user/ros2_ws/build/wall_follower/install.log --single-version-externally-managed
[0.820s] running egg_info
[0.820s] writing ../../build/wall_follower/wall_follower.egg-info/PKG-INFO
[0.821s] writing dependency_links to ../../build/wall_follower/wall_follower.egg-info/dependency_links.txt
[0.821s] writing entry points to ../../build/wall_follower/wall_follower.egg-info/entry_points.txt
[0.821s] writing requirements to ../../build/wall_follower/wall_follower.egg-info/requires.txt
[0.821s] writing top-level names to ../../build/wall_follower/wall_follower.egg-info/top_level.txt
[0.883s] reading manifest file '../../build/wall_follower/wall_follower.egg-info/SOURCES.txt'
[0.884s] writing manifest file '../../build/wall_follower/wall_follower.egg-info/SOURCES.txt'
[0.884s] running build
[0.884s] running build_py
[0.884s] copying wall_follower/wall_finder.py -> /home/user/ros2_ws/build/wall_follower/build/lib/wall_follower
[0.885s] running install
[0.885s] running install_lib
[0.887s] copying /home/user/ros2_ws/build/wall_follower/build/lib/wall_follower/wall_finder.py -> /home/user/ros2_ws/install/wall_follower/lib/python3.8/site-packages/wall_follower
[0.887s] byte-compiling /home/user/ros2_ws/install/wall_follower/lib/python3.8/site-packages/wall_follower/wall_finder.py to wall_finder.cpython-38.pyc
[0.892s] running install_data
[0.893s] running install_egg_info
[0.896s] removing '/home/user/ros2_ws/install/wall_follower/lib/python3.8/site-packages/wall_follower-0.0.0-py3.8.egg-info' (and everything under it)
[0.896s] Copying ../../build/wall_follower/wall_follower.egg-info to /home/user/ros2_ws/install/wall_follower/lib/python3.8/site-packages/wall_follower-0.0.0-py3.8.egg-info
[0.897s] running install_scripts
[0.917s] Installing laserScan_test_executable script to /home/user/ros2_ws/install/wall_follower/lib/wall_follower
[0.918s] Installing odom_recorder_executable script to /home/user/ros2_ws/install/wall_follower/lib/wall_follower
[0.918s] Installing server_client_executable script to /home/user/ros2_ws/install/wall_follower/lib/wall_follower
[0.918s] Installing wall_finder_executable script to /home/user/ros2_ws/install/wall_follower/lib/wall_follower
[0.918s] Installing wall_finder_executable_2 script to /home/user/ros2_ws/install/wall_follower/lib/wall_follower
[0.918s] Installing wall_follower_executable script to /home/user/ros2_ws/install/wall_follower/lib/wall_follower
[0.919s] writing list of installed files to '/home/user/ros2_ws/build/wall_follower/install.log'
[0.968s] Invoked command in '/home/user/ros2_ws/src/wall_follower' returned '0': PYTHONPATH=/home/user/ros2_ws/install/wall_follower/lib/python3.8/site-packages:${PYTHONPATH} _=/usr/bin/env /usr/bin/python3 setup.py egg_info --egg-base ../../build/wall_follower build --build-base /home/user/ros2_ws/build/wall_follower/build install --prefix /home/user/ros2_ws/install/wall_follower --record /home/user/ros2_ws/build/wall_follower/install.log --single-version-externally-managed
