[0.547s] DEBUG:colcon:Command line arguments: ['/usr/bin/colcon', 'build', '--packages-select', 'project_interfaces']
[0.547s] DEBUG:colcon:Parsed command line arguments: Namespace(ament_cmake_args=None, base_paths=['.'], build_base='build', catkin_cmake_args=None, catkin_skip_building_tests=False, cmake_args=None, cmake_clean_cache=False, cmake_clean_first=False, cmake_force_configure=False, cmake_target=None, cmake_target_skip_unavailable=False, continue_on_error=False, event_handlers=None, executor='parallel', ignore_user_meta=False, install_base='install', log_base=None, log_level=None, main=<bound method BuildVerb.main of <colcon_core.verb.build.BuildVerb object at 0x7fb07383d610>>, merge_install=False, metas=['./colcon.meta'], packages_above=None, packages_above_and_dependencies=None, packages_above_depth=None, packages_end=None, packages_ignore=None, packages_ignore_regex=None, packages_select=['project_interfaces'], packages_select_build_failed=False, packages_select_by_dep=None, packages_select_regex=None, packages_select_test_failures=False, packages_skip=None, packages_skip_build_finished=False, packages_skip_by_dep=None, packages_skip_regex=None, packages_skip_test_passed=False, packages_skip_up_to=None, packages_start=None, packages_up_to=None, packages_up_to_regex=None, parallel_workers=8, paths=None, symlink_install=False, test_result_base=None, verb_extension=<colcon_core.verb.build.BuildVerb object at 0x7fb07383d610>, verb_name='build', verb_parser=<colcon_defaults.argument_parser.defaults.DefaultArgumentsDecorator object at 0x7fb07383db50>)
[0.555s] Level 1:colcon.colcon_core.package_discovery:discover_packages(colcon_meta) check parameters
[0.555s] Level 1:colcon.colcon_core.package_discovery:discover_packages(recursive) check parameters
[0.555s] Level 1:colcon.colcon_core.package_discovery:discover_packages(ignore) check parameters
[0.555s] Level 1:colcon.colcon_core.package_discovery:discover_packages(path) check parameters
[0.555s] Level 1:colcon.colcon_core.package_discovery:discover_packages(colcon_meta) discover
[0.556s] Level 1:colcon.colcon_core.package_discovery:discover_packages(recursive) discover
[0.556s] INFO:colcon.colcon_core.package_discovery:Crawling recursively for packages in '/home/user/ros2_ws'
[0.556s] Level 1:colcon.colcon_core.package_identification:_identify(.) by extensions ['ignore', 'ignore_ament_install']
[0.556s] Level 1:colcon.colcon_core.package_identification:_identify(.) by extension 'ignore'
[0.556s] Level 1:colcon.colcon_core.package_identification:_identify(.) by extension 'ignore_ament_install'
[0.556s] Level 1:colcon.colcon_core.package_identification:_identify(.) by extensions ['colcon_pkg']
[0.556s] Level 1:colcon.colcon_core.package_identification:_identify(.) by extension 'colcon_pkg'
[0.556s] Level 1:colcon.colcon_core.package_identification:_identify(.) by extensions ['colcon_meta']
[0.556s] Level 1:colcon.colcon_core.package_identification:_identify(.) by extension 'colcon_meta'
[0.556s] Level 1:colcon.colcon_core.package_identification:_identify(.) by extensions ['ros']
[0.556s] Level 1:colcon.colcon_core.package_identification:_identify(.) by extension 'ros'
[0.573s] Level 1:colcon.colcon_core.package_identification:_identify(.) by extensions ['cmake', 'python']
[0.573s] Level 1:colcon.colcon_core.package_identification:_identify(.) by extension 'cmake'
[0.573s] Level 1:colcon.colcon_core.package_identification:_identify(.) by extension 'python'
[0.573s] Level 1:colcon.colcon_core.package_identification:_identify(.) by extensions ['python_setup_py']
[0.573s] Level 1:colcon.colcon_core.package_identification:_identify(.) by extension 'python_setup_py'
[0.573s] Level 1:colcon.colcon_core.package_identification:_identify(build) by extensions ['ignore', 'ignore_ament_install']
[0.573s] Level 1:colcon.colcon_core.package_identification:_identify(build) by extension 'ignore'
[0.574s] Level 1:colcon.colcon_core.package_identification:_identify(build) ignored
[0.574s] Level 1:colcon.colcon_core.package_identification:_identify(install) by extensions ['ignore', 'ignore_ament_install']
[0.574s] Level 1:colcon.colcon_core.package_identification:_identify(install) by extension 'ignore'
[0.574s] Level 1:colcon.colcon_core.package_identification:_identify(install) ignored
[0.574s] Level 1:colcon.colcon_core.package_identification:_identify(log) by extensions ['ignore', 'ignore_ament_install']
[0.574s] Level 1:colcon.colcon_core.package_identification:_identify(log) by extension 'ignore'
[0.575s] Level 1:colcon.colcon_core.package_identification:_identify(log) ignored
[0.575s] Level 1:colcon.colcon_core.package_identification:_identify(src) by extensions ['ignore', 'ignore_ament_install']
[0.575s] Level 1:colcon.colcon_core.package_identification:_identify(src) by extension 'ignore'
[0.575s] Level 1:colcon.colcon_core.package_identification:_identify(src) by extension 'ignore_ament_install'
[0.575s] Level 1:colcon.colcon_core.package_identification:_identify(src) by extensions ['colcon_pkg']
[0.575s] Level 1:colcon.colcon_core.package_identification:_identify(src) by extension 'colcon_pkg'
[0.575s] Level 1:colcon.colcon_core.package_identification:_identify(src) by extensions ['colcon_meta']
[0.575s] Level 1:colcon.colcon_core.package_identification:_identify(src) by extension 'colcon_meta'
[0.575s] Level 1:colcon.colcon_core.package_identification:_identify(src) by extensions ['ros']
[0.575s] Level 1:colcon.colcon_core.package_identification:_identify(src) by extension 'ros'
[0.575s] Level 1:colcon.colcon_core.package_identification:_identify(src) by extensions ['cmake', 'python']
[0.575s] Level 1:colcon.colcon_core.package_identification:_identify(src) by extension 'cmake'
[0.576s] Level 1:colcon.colcon_core.package_identification:_identify(src) by extension 'python'
[0.576s] Level 1:colcon.colcon_core.package_identification:_identify(src) by extensions ['python_setup_py']
[0.576s] Level 1:colcon.colcon_core.package_identification:_identify(src) by extension 'python_setup_py'
[0.576s] Level 1:colcon.colcon_core.package_identification:_identify(src/project_interfaces) by extensions ['ignore', 'ignore_ament_install']
[0.576s] Level 1:colcon.colcon_core.package_identification:_identify(src/project_interfaces) by extension 'ignore'
[0.576s] Level 1:colcon.colcon_core.package_identification:_identify(src/project_interfaces) by extension 'ignore_ament_install'
[0.576s] Level 1:colcon.colcon_core.package_identification:_identify(src/project_interfaces) by extensions ['colcon_pkg']
[0.576s] Level 1:colcon.colcon_core.package_identification:_identify(src/project_interfaces) by extension 'colcon_pkg'
[0.576s] Level 1:colcon.colcon_core.package_identification:_identify(src/project_interfaces) by extensions ['colcon_meta']
[0.576s] Level 1:colcon.colcon_core.package_identification:_identify(src/project_interfaces) by extension 'colcon_meta'
[0.576s] Level 1:colcon.colcon_core.package_identification:_identify(src/project_interfaces) by extensions ['ros']
[0.576s] Level 1:colcon.colcon_core.package_identification:_identify(src/project_interfaces) by extension 'ros'
[0.580s] DEBUG:colcon.colcon_core.package_identification:Package 'src/project_interfaces' with type 'ros.ament_cmake' and name 'project_interfaces'
[0.580s] Level 1:colcon.colcon_core.package_identification:_identify(src/wall_follower) by extensions ['ignore', 'ignore_ament_install']
[0.580s] Level 1:colcon.colcon_core.package_identification:_identify(src/wall_follower) by extension 'ignore'
[0.580s] Level 1:colcon.colcon_core.package_identification:_identify(src/wall_follower) by extension 'ignore_ament_install'
[0.580s] Level 1:colcon.colcon_core.package_identification:_identify(src/wall_follower) by extensions ['colcon_pkg']
[0.580s] Level 1:colcon.colcon_core.package_identification:_identify(src/wall_follower) by extension 'colcon_pkg'
[0.581s] Level 1:colcon.colcon_core.package_identification:_identify(src/wall_follower) by extensions ['colcon_meta']
[0.581s] Level 1:colcon.colcon_core.package_identification:_identify(src/wall_follower) by extension 'colcon_meta'
[0.581s] Level 1:colcon.colcon_core.package_identification:_identify(src/wall_follower) by extensions ['ros']
[0.581s] Level 1:colcon.colcon_core.package_identification:_identify(src/wall_follower) by extension 'ros'
[0.582s] DEBUG:colcon.colcon_core.package_identification:Package 'src/wall_follower' with type 'ros.ament_python' and name 'wall_follower'
[0.582s] Level 1:colcon.colcon_core.package_discovery:discover_packages(recursive) using defaults
[0.582s] Level 1:colcon.colcon_core.package_discovery:discover_packages(ignore) discover
[0.582s] Level 1:colcon.colcon_core.package_discovery:discover_packages(ignore) using defaults
[0.582s] Level 1:colcon.colcon_core.package_discovery:discover_packages(path) discover
[0.582s] Level 1:colcon.colcon_core.package_discovery:discover_packages(path) using defaults
[0.617s] INFO:colcon.colcon_core.package_selection:Skipping not selected package 'wall_follower' in 'src/wall_follower'
[0.622s] Level 5:colcon.colcon_core.verb:set package 'project_interfaces' build argument 'cmake_args' from command line to 'None'
[0.622s] Level 5:colcon.colcon_core.verb:set package 'project_interfaces' build argument 'cmake_target' from command line to 'None'
[0.622s] Level 5:colcon.colcon_core.verb:set package 'project_interfaces' build argument 'cmake_target_skip_unavailable' from command line to 'False'
[0.622s] Level 5:colcon.colcon_core.verb:set package 'project_interfaces' build argument 'cmake_clean_cache' from command line to 'False'
[0.622s] Level 5:colcon.colcon_core.verb:set package 'project_interfaces' build argument 'cmake_clean_first' from command line to 'False'
[0.622s] Level 5:colcon.colcon_core.verb:set package 'project_interfaces' build argument 'cmake_force_configure' from command line to 'False'
[0.623s] Level 5:colcon.colcon_core.verb:set package 'project_interfaces' build argument 'ament_cmake_args' from command line to 'None'
[0.623s] Level 5:colcon.colcon_core.verb:set package 'project_interfaces' build argument 'catkin_cmake_args' from command line to 'None'
[0.623s] Level 5:colcon.colcon_core.verb:set package 'project_interfaces' build argument 'catkin_skip_building_tests' from command line to 'False'
[0.623s] DEBUG:colcon.colcon_core.verb:Building package 'project_interfaces' with the following arguments: {'ament_cmake_args': None, 'build_base': '/home/user/ros2_ws/build/project_interfaces', 'catkin_cmake_args': None, 'catkin_skip_building_tests': False, 'cmake_args': None, 'cmake_clean_cache': False, 'cmake_clean_first': False, 'cmake_force_configure': False, 'cmake_target': None, 'cmake_target_skip_unavailable': False, 'install_base': '/home/user/ros2_ws/install/project_interfaces', 'merge_install': False, 'path': '/home/user/ros2_ws/src/project_interfaces', 'symlink_install': False, 'test_result_base': None}
[0.623s] INFO:colcon.colcon_core.executor:Executing jobs using 'parallel' executor
[0.627s] DEBUG:colcon.colcon_parallel_executor.executor.parallel:run_until_complete
[0.628s] INFO:colcon.colcon_ros.task.ament_cmake.build:Building ROS package in '/home/user/ros2_ws/src/project_interfaces' with build type 'ament_cmake'
[0.628s] INFO:colcon.colcon_cmake.task.cmake.build:Building CMake package in '/home/user/ros2_ws/src/project_interfaces'
[0.634s] INFO:colcon.colcon_core.plugin_system:Skipping extension 'colcon_core.shell.bat': Not used on non-Windows systems
[0.634s] INFO:colcon.colcon_core.shell:Skip shell extension 'powershell' for command environment: Not usable outside of PowerShell
[0.634s] DEBUG:colcon.colcon_core.shell:Skip shell extension 'dsv' for command environment
[0.638s] WARNING:colcon.colcon_ros.prefix_path.ament:The path '/home/user/ros2_ws/install/logs_test' in the environment variable AMENT_PREFIX_PATH doesn't exist
[0.638s] WARNING:colcon.colcon_ros.prefix_path.ament:The path '/home/user/ros2_ws/install/actions_quiz_msg' in the environment variable AMENT_PREFIX_PATH doesn't exist
[0.638s] WARNING:colcon.colcon_ros.prefix_path.ament:The path '/home/user/ros2_ws/install/actions_quiz' in the environment variable AMENT_PREFIX_PATH doesn't exist
[0.638s] WARNING:colcon.colcon_ros.prefix_path.catkin:The path '/home/user/ros2_ws/install/actions_quiz_msg' in the environment variable CMAKE_PREFIX_PATH doesn't exist
[0.639s] DEBUG:colcon.colcon_core.shell:Ignoring prefix path '/opt/ros/foxy'
[0.650s] DEBUG:colcon.colcon_core.event_handler.log_command:Invoking command in '/home/user/ros2_ws/build/project_interfaces': CMAKE_PREFIX_PATH=${CMAKE_PREFIX_PATH}:/home/user/ros2_ws/install/wall_follower:/home/user/ros2_ws/install/logs_test:/home/user/ros2_ws/install/actions_quiz:/opt/ros/foxy _=/usr/bin/env /usr/bin/cmake /home/user/ros2_ws/src/project_interfaces -DCMAKE_INSTALL_PREFIX=/home/user/ros2_ws/install/project_interfaces
[5.026s] DEBUG:colcon.colcon_core.event_handler.log_command:Invoked command in '/home/user/ros2_ws/build/project_interfaces' returned '0': CMAKE_PREFIX_PATH=${CMAKE_PREFIX_PATH}:/home/user/ros2_ws/install/wall_follower:/home/user/ros2_ws/install/logs_test:/home/user/ros2_ws/install/actions_quiz:/opt/ros/foxy _=/usr/bin/env /usr/bin/cmake /home/user/ros2_ws/src/project_interfaces -DCMAKE_INSTALL_PREFIX=/home/user/ros2_ws/install/project_interfaces
[5.033s] DEBUG:colcon.colcon_core.event_handler.log_command:Invoking command in '/home/user/ros2_ws/build/project_interfaces': CMAKE_PREFIX_PATH=${CMAKE_PREFIX_PATH}:/home/user/ros2_ws/install/wall_follower:/home/user/ros2_ws/install/logs_test:/home/user/ros2_ws/install/actions_quiz:/opt/ros/foxy _=/usr/bin/env /usr/bin/cmake --build /home/user/ros2_ws/build/project_interfaces -- -j8 -l8
[16.691s] DEBUG:colcon.colcon_core.event_handler.log_command:Invoked command in '/home/user/ros2_ws/build/project_interfaces' returned '0': CMAKE_PREFIX_PATH=${CMAKE_PREFIX_PATH}:/home/user/ros2_ws/install/wall_follower:/home/user/ros2_ws/install/logs_test:/home/user/ros2_ws/install/actions_quiz:/opt/ros/foxy _=/usr/bin/env /usr/bin/cmake --build /home/user/ros2_ws/build/project_interfaces -- -j8 -l8
[16.859s] DEBUG:colcon.colcon_core.event_handler.log_command:Invoking command in '/home/user/ros2_ws/build/project_interfaces': CMAKE_PREFIX_PATH=${CMAKE_PREFIX_PATH}:/home/user/ros2_ws/install/wall_follower:/home/user/ros2_ws/install/logs_test:/home/user/ros2_ws/install/actions_quiz:/opt/ros/foxy _=/usr/bin/env /usr/bin/cmake --install /home/user/ros2_ws/build/project_interfaces
[16.958s] Level 1:colcon.colcon_core.environment:create_environment_scripts_only(project_interfaces)
[16.959s] DEBUG:colcon.colcon_core.event_handler.log_command:Invoked command in '/home/user/ros2_ws/build/project_interfaces' returned '0': CMAKE_PREFIX_PATH=${CMAKE_PREFIX_PATH}:/home/user/ros2_ws/install/wall_follower:/home/user/ros2_ws/install/logs_test:/home/user/ros2_ws/install/actions_quiz:/opt/ros/foxy _=/usr/bin/env /usr/bin/cmake --install /home/user/ros2_ws/build/project_interfaces
[16.966s] Level 1:colcon.colcon_core.environment:checking '/home/user/ros2_ws/install/project_interfaces' for CMake module files
[16.967s] Level 1:colcon.colcon_core.environment:checking '/home/user/ros2_ws/install/project_interfaces' for CMake config files
[16.967s] Level 1:colcon.colcon_core.shell:create_environment_hook('project_interfaces', 'cmake_prefix_path')
[16.968s] INFO:colcon.colcon_core.shell:Creating environment hook '/home/user/ros2_ws/install/project_interfaces/share/project_interfaces/hook/cmake_prefix_path.ps1'
[16.970s] INFO:colcon.colcon_core.shell:Creating environment descriptor '/home/user/ros2_ws/install/project_interfaces/share/project_interfaces/hook/cmake_prefix_path.dsv'
[16.971s] INFO:colcon.colcon_core.shell:Creating environment hook '/home/user/ros2_ws/install/project_interfaces/share/project_interfaces/hook/cmake_prefix_path.sh'
[16.973s] Level 1:colcon.colcon_core.environment:checking '/home/user/ros2_ws/install/project_interfaces/lib'
[16.973s] Level 1:colcon.colcon_core.shell:create_environment_hook('project_interfaces', 'ld_library_path_lib')
[16.974s] INFO:colcon.colcon_core.shell:Creating environment hook '/home/user/ros2_ws/install/project_interfaces/share/project_interfaces/hook/ld_library_path_lib.ps1'
[16.975s] INFO:colcon.colcon_core.shell:Creating environment descriptor '/home/user/ros2_ws/install/project_interfaces/share/project_interfaces/hook/ld_library_path_lib.dsv'
[16.975s] INFO:colcon.colcon_core.shell:Creating environment hook '/home/user/ros2_ws/install/project_interfaces/share/project_interfaces/hook/ld_library_path_lib.sh'
[16.976s] Level 1:colcon.colcon_core.environment:checking '/home/user/ros2_ws/install/project_interfaces/bin'
[16.976s] Level 1:colcon.colcon_core.environment:checking '/home/user/ros2_ws/install/project_interfaces/lib/pkgconfig/project_interfaces.pc'
[16.976s] Level 1:colcon.colcon_core.environment:checking '/home/user/ros2_ws/install/project_interfaces/lib/python3.8/site-packages'
[16.976s] Level 1:colcon.colcon_core.shell:create_environment_hook('project_interfaces', 'pythonpath')
[16.978s] INFO:colcon.colcon_core.shell:Creating environment hook '/home/user/ros2_ws/install/project_interfaces/share/project_interfaces/hook/pythonpath.ps1'
[16.978s] INFO:colcon.colcon_core.shell:Creating environment descriptor '/home/user/ros2_ws/install/project_interfaces/share/project_interfaces/hook/pythonpath.dsv'
[16.978s] INFO:colcon.colcon_core.shell:Creating environment hook '/home/user/ros2_ws/install/project_interfaces/share/project_interfaces/hook/pythonpath.sh'
[16.980s] INFO:colcon.colcon_core.shell:Creating package script '/home/user/ros2_ws/install/project_interfaces/share/project_interfaces/package.ps1'
[16.981s] INFO:colcon.colcon_core.shell:Creating package descriptor '/home/user/ros2_ws/install/project_interfaces/share/project_interfaces/package.dsv'
[16.981s] INFO:colcon.colcon_core.shell:Creating package script '/home/user/ros2_ws/install/project_interfaces/share/project_interfaces/package.sh'
[16.982s] INFO:colcon.colcon_core.shell:Creating package script '/home/user/ros2_ws/install/project_interfaces/share/project_interfaces/package.bash'
[16.983s] INFO:colcon.colcon_core.shell:Creating package script '/home/user/ros2_ws/install/project_interfaces/share/project_interfaces/package.zsh'
[16.984s] Level 1:colcon.colcon_core.environment:create_file_with_runtime_dependencies(/home/user/ros2_ws/install/project_interfaces/share/colcon-core/packages/project_interfaces)
[17.144s] Level 1:colcon.colcon_core.environment:create_environment_scripts_only(project_interfaces)
[17.145s] Level 1:colcon.colcon_core.environment:checking '/home/user/ros2_ws/install/project_interfaces' for CMake module files
[17.146s] Level 1:colcon.colcon_core.environment:checking '/home/user/ros2_ws/install/project_interfaces' for CMake config files
[17.146s] Level 1:colcon.colcon_core.shell:create_environment_hook('project_interfaces', 'cmake_prefix_path')
[17.147s] INFO:colcon.colcon_core.shell:Creating environment hook '/home/user/ros2_ws/install/project_interfaces/share/project_interfaces/hook/cmake_prefix_path.ps1'
[17.148s] INFO:colcon.colcon_core.shell:Creating environment descriptor '/home/user/ros2_ws/install/project_interfaces/share/project_interfaces/hook/cmake_prefix_path.dsv'
[17.148s] INFO:colcon.colcon_core.shell:Creating environment hook '/home/user/ros2_ws/install/project_interfaces/share/project_interfaces/hook/cmake_prefix_path.sh'
[17.149s] Level 1:colcon.colcon_core.environment:checking '/home/user/ros2_ws/install/project_interfaces/lib'
[17.149s] Level 1:colcon.colcon_core.shell:create_environment_hook('project_interfaces', 'ld_library_path_lib')
[17.150s] INFO:colcon.colcon_core.shell:Creating environment hook '/home/user/ros2_ws/install/project_interfaces/share/project_interfaces/hook/ld_library_path_lib.ps1'
[17.151s] INFO:colcon.colcon_core.shell:Creating environment descriptor '/home/user/ros2_ws/install/project_interfaces/share/project_interfaces/hook/ld_library_path_lib.dsv'
[17.151s] INFO:colcon.colcon_core.shell:Creating environment hook '/home/user/ros2_ws/install/project_interfaces/share/project_interfaces/hook/ld_library_path_lib.sh'
[17.152s] Level 1:colcon.colcon_core.environment:checking '/home/user/ros2_ws/install/project_interfaces/bin'
[17.152s] Level 1:colcon.colcon_core.environment:checking '/home/user/ros2_ws/install/project_interfaces/lib/pkgconfig/project_interfaces.pc'
[17.152s] Level 1:colcon.colcon_core.environment:checking '/home/user/ros2_ws/install/project_interfaces/lib/python3.8/site-packages'
[17.152s] Level 1:colcon.colcon_core.shell:create_environment_hook('project_interfaces', 'pythonpath')
[17.152s] INFO:colcon.colcon_core.shell:Creating environment hook '/home/user/ros2_ws/install/project_interfaces/share/project_interfaces/hook/pythonpath.ps1'
[17.153s] INFO:colcon.colcon_core.shell:Creating environment descriptor '/home/user/ros2_ws/install/project_interfaces/share/project_interfaces/hook/pythonpath.dsv'
[17.153s] INFO:colcon.colcon_core.shell:Creating environment hook '/home/user/ros2_ws/install/project_interfaces/share/project_interfaces/hook/pythonpath.sh'
[17.154s] INFO:colcon.colcon_core.shell:Creating package script '/home/user/ros2_ws/install/project_interfaces/share/project_interfaces/package.ps1'
[17.155s] INFO:colcon.colcon_core.shell:Creating package descriptor '/home/user/ros2_ws/install/project_interfaces/share/project_interfaces/package.dsv'
[17.156s] INFO:colcon.colcon_core.shell:Creating package script '/home/user/ros2_ws/install/project_interfaces/share/project_interfaces/package.sh'
[17.157s] INFO:colcon.colcon_core.shell:Creating package script '/home/user/ros2_ws/install/project_interfaces/share/project_interfaces/package.bash'
[17.157s] INFO:colcon.colcon_core.shell:Creating package script '/home/user/ros2_ws/install/project_interfaces/share/project_interfaces/package.zsh'
[17.158s] Level 1:colcon.colcon_core.environment:create_file_with_runtime_dependencies(/home/user/ros2_ws/install/project_interfaces/share/colcon-core/packages/project_interfaces)
[17.159s] DEBUG:colcon.colcon_parallel_executor.executor.parallel:closing loop
[17.159s] DEBUG:colcon.colcon_parallel_executor.executor.parallel:loop closed
[17.159s] DEBUG:colcon.colcon_parallel_executor.executor.parallel:run_until_complete finished with '0'
[17.160s] DEBUG:colcon.colcon_core.event_reactor:joining thread
[17.166s] INFO:colcon.colcon_core.plugin_system:Skipping extension 'colcon_notification.desktop_notification.notify_send': Could not find 'notify-send'
[17.166s] INFO:colcon.colcon_core.plugin_system:Skipping extension 'colcon_notification.desktop_notification.terminal_notifier': Not used on non-Darwin systems
[17.167s] INFO:colcon.colcon_core.plugin_system:Skipping extension 'colcon_notification.desktop_notification.win32': Not used on non-Windows systems
[17.167s] INFO:colcon.colcon_notification.desktop_notification:Sending desktop notification using 'notify2'
[17.172s] DEBUG:colcon.colcon_notification.desktop_notification.notify2:Failed to initialize notify2: org.freedesktop.DBus.Error.ServiceUnknown: The name org.freedesktop.Notifications was not provided by any .service files
[17.172s] DEBUG:colcon.colcon_core.event_reactor:joined thread
[17.174s] INFO:colcon.colcon_core.shell:Creating prefix script '/home/user/ros2_ws/install/local_setup.ps1'
[17.175s] INFO:colcon.colcon_core.shell:Creating prefix util module '/home/user/ros2_ws/install/_local_setup_util_ps1.py'
[17.176s] INFO:colcon.colcon_core.shell:Creating prefix chain script '/home/user/ros2_ws/install/setup.ps1'
[17.179s] INFO:colcon.colcon_core.shell:Creating prefix script '/home/user/ros2_ws/install/local_setup.sh'
[17.180s] INFO:colcon.colcon_core.shell:Creating prefix util module '/home/user/ros2_ws/install/_local_setup_util_sh.py'
[17.180s] INFO:colcon.colcon_core.shell:Creating prefix chain script '/home/user/ros2_ws/install/setup.sh'
[17.184s] INFO:colcon.colcon_core.shell:Creating prefix script '/home/user/ros2_ws/install/local_setup.bash'
[17.184s] INFO:colcon.colcon_core.shell:Creating prefix chain script '/home/user/ros2_ws/install/setup.bash'
[17.187s] INFO:colcon.colcon_core.shell:Creating prefix script '/home/user/ros2_ws/install/local_setup.zsh'
[17.188s] INFO:colcon.colcon_core.shell:Creating prefix chain script '/home/user/ros2_ws/install/setup.zsh'
