[1.092s] Invoking command in '/home/user/ros2_ws/src/wall_follower': PYTHONPATH=/home/user/ros2_ws/install/wall_follower/lib/python3.8/site-packages:${PYTHONPATH} _=/usr/bin/env /usr/bin/python3 setup.py egg_info --egg-base ../../build/wall_follower build --build-base /home/user/ros2_ws/build/wall_follower/build install --prefix /home/user/ros2_ws/install/wall_follower --record /home/user/ros2_ws/build/wall_follower/install.log --single-version-externally-managed
[1.932s] running egg_info
[1.933s] writing ../../build/wall_follower/wall_follower.egg-info/PKG-INFO
[1.990s] writing dependency_links to ../../build/wall_follower/wall_follower.egg-info/dependency_links.txt
[1.990s] writing entry points to ../../build/wall_follower/wall_follower.egg-info/entry_points.txt
[1.990s] writing requirements to ../../build/wall_follower/wall_follower.egg-info/requires.txt
[1.990s] writing top-level names to ../../build/wall_follower/wall_follower.egg-info/top_level.txt
[2.095s] reading manifest file '../../build/wall_follower/wall_follower.egg-info/SOURCES.txt'
[2.097s] writing manifest file '../../build/wall_follower/wall_follower.egg-info/SOURCES.txt'
[2.099s] running build
[2.099s] running build_py
[2.099s] copying wall_follower/wall_following.py -> /home/user/ros2_ws/build/wall_follower/build/lib/wall_follower
[2.100s] running install
[2.101s] running install_lib
[2.103s] copying /home/user/ros2_ws/build/wall_follower/build/lib/wall_follower/wall_following.py -> /home/user/ros2_ws/install/wall_follower/lib/python3.8/site-packages/wall_follower
[2.104s] byte-compiling /home/user/ros2_ws/install/wall_follower/lib/python3.8/site-packages/wall_follower/wall_following.py to wall_following.cpython-38.pyc
[2.106s] running install_data
[2.107s] running install_egg_info
[2.110s] removing '/home/user/ros2_ws/install/wall_follower/lib/python3.8/site-packages/wall_follower-0.0.0-py3.8.egg-info' (and everything under it)
[2.110s] Copying ../../build/wall_follower/wall_follower.egg-info to /home/user/ros2_ws/install/wall_follower/lib/python3.8/site-packages/wall_follower-0.0.0-py3.8.egg-info
[2.112s] running install_scripts
[2.147s] Installing laserScan_test_executable script to /home/user/ros2_ws/install/wall_follower/lib/wall_follower
[2.147s] Installing wall_follower_executable script to /home/user/ros2_ws/install/wall_follower/lib/wall_follower
[2.148s] writing list of installed files to '/home/user/ros2_ws/build/wall_follower/install.log'
[2.235s] Invoked command in '/home/user/ros2_ws/src/wall_follower' returned '0': PYTHONPATH=/home/user/ros2_ws/install/wall_follower/lib/python3.8/site-packages:${PYTHONPATH} _=/usr/bin/env /usr/bin/python3 setup.py egg_info --egg-base ../../build/wall_follower build --build-base /home/user/ros2_ws/build/wall_follower/build install --prefix /home/user/ros2_ws/install/wall_follower --record /home/user/ros2_ws/build/wall_follower/install.log --single-version-externally-managed
