[1.101s] Invoking command in '/home/user/ros2_ws/src/wall_follower': PYTHONPATH=/home/user/ros2_ws/install/wall_follower/lib/python3.8/site-packages:${PYTHONPATH} _=/usr/bin/env /usr/bin/python3 setup.py egg_info --egg-base ../../build/wall_follower build --build-base /home/user/ros2_ws/build/wall_follower/build install --prefix /home/user/ros2_ws/install/wall_follower --record /home/user/ros2_ws/build/wall_follower/install.log --single-version-externally-managed
[1.897s] running egg_info
[1.898s] writing ../../build/wall_follower/wall_follower.egg-info/PKG-INFO
[1.898s] writing dependency_links to ../../build/wall_follower/wall_follower.egg-info/dependency_links.txt
[1.899s] writing entry points to ../../build/wall_follower/wall_follower.egg-info/entry_points.txt
[1.904s] writing requirements to ../../build/wall_follower/wall_follower.egg-info/requires.txt
[1.905s] writing top-level names to ../../build/wall_follower/wall_follower.egg-info/top_level.txt
[2.003s] reading manifest file '../../build/wall_follower/wall_follower.egg-info/SOURCES.txt'
[2.005s] writing manifest file '../../build/wall_follower/wall_follower.egg-info/SOURCES.txt'
[2.005s] running build
[2.006s] running build_py
[2.006s] copying wall_follower/wall_following.py -> /home/user/ros2_ws/build/wall_follower/build/lib/wall_follower
[2.007s] running install
[2.008s] running install_lib
[2.009s] copying /home/user/ros2_ws/build/wall_follower/build/lib/wall_follower/wall_following.py -> /home/user/ros2_ws/install/wall_follower/lib/python3.8/site-packages/wall_follower
[2.010s] byte-compiling /home/user/ros2_ws/install/wall_follower/lib/python3.8/site-packages/wall_follower/wall_following.py to wall_following.cpython-38.pyc
[2.012s] running install_data
[2.014s] running install_egg_info
[2.016s] removing '/home/user/ros2_ws/install/wall_follower/lib/python3.8/site-packages/wall_follower-0.0.0-py3.8.egg-info' (and everything under it)
[2.017s] Copying ../../build/wall_follower/wall_follower.egg-info to /home/user/ros2_ws/install/wall_follower/lib/python3.8/site-packages/wall_follower-0.0.0-py3.8.egg-info
[2.024s] running install_scripts
[2.100s] Installing laserScan_test_executable script to /home/user/ros2_ws/install/wall_follower/lib/wall_follower
[2.100s] Installing wall_follower_executable script to /home/user/ros2_ws/install/wall_follower/lib/wall_follower
[2.101s] writing list of installed files to '/home/user/ros2_ws/build/wall_follower/install.log'
[2.142s] Invoked command in '/home/user/ros2_ws/src/wall_follower' returned '0': PYTHONPATH=/home/user/ros2_ws/install/wall_follower/lib/python3.8/site-packages:${PYTHONPATH} _=/usr/bin/env /usr/bin/python3 setup.py egg_info --egg-base ../../build/wall_follower build --build-base /home/user/ros2_ws/build/wall_follower/build install --prefix /home/user/ros2_ws/install/wall_follower --record /home/user/ros2_ws/build/wall_follower/install.log --single-version-externally-managed
