[0.020s] Invoking command in '/home/user/ros2_ws/build/project_interfaces': CMAKE_PREFIX_PATH=${CMAKE_PREFIX_PATH}:/home/user/ros2_ws/install/wall_follower:/home/user/ros2_ws/install/logs_test:/home/user/ros2_ws/install/actions_quiz:/opt/ros/foxy _=/usr/bin/env /usr/bin/cmake /home/user/ros2_ws/src/project_interfaces -DCMAKE_INSTALL_PREFIX=/home/user/ros2_ws/install/project_interfaces
[0.411s] -- The C compiler identification is GNU 9.3.0
[0.718s] -- The CXX compiler identification is GNU 9.3.0
[0.728s] -- Check for working C compiler: /usr/bin/cc
[0.840s] -- Check for working C compiler: /usr/bin/cc -- works
[0.844s] -- Detecting C compiler ABI info
[0.961s] -- Detecting C compiler ABI info - done
[0.982s] -- Detecting C compile features
[0.983s] -- Detecting C compile features - done
[0.987s] -- Check for working CXX compiler: /usr/bin/c++
[1.106s] -- Check for working CXX compiler: /usr/bin/c++ -- works
[1.108s] -- Detecting CXX compiler ABI info
[1.245s] -- Detecting CXX compiler ABI info - done
[1.261s] -- Detecting CXX compile features
[1.262s] -- Detecting CXX compile features - done
[1.269s] -- Found ament_cmake: 0.9.9 (/opt/ros/foxy/share/ament_cmake/cmake)
[1.325s] -- Found PythonInterp: /usr/bin/python3 (found suitable version "3.8.10", minimum required is "3") 
[1.325s] -- Using PYTHON_EXECUTABLE: /usr/bin/python3
[1.754s] -- Found rclcpp: 2.4.0 (/opt/ros/foxy/share/rclcpp/cmake)
[1.856s] -- Using all available rosidl_typesupport_c: rosidl_typesupport_fastrtps_c;rosidl_typesupport_introspection_c
[1.875s] -- Found rosidl_adapter: 1.2.1 (/opt/ros/foxy/share/rosidl_adapter/cmake)
[2.050s] -- Found OpenSSL: /usr/lib/x86_64-linux-gnu/libcrypto.so (found version "1.1.1f")  
[2.114s] -- Found FastRTPS: /opt/ros/foxy/include  
[2.290s] -- Using all available rosidl_typesupport_cpp: rosidl_typesupport_fastrtps_cpp;rosidl_typesupport_introspection_cpp
[2.406s] -- Found rmw_implementation_cmake: 1.0.3 (/opt/ros/foxy/share/rmw_implementation_cmake/cmake)
[2.408s] -- Using RMW implementation 'rmw_fastrtps_cpp' as default
[2.410s] -- Looking for pthread.h
[2.547s] -- Looking for pthread.h - found
[2.547s] -- Performing Test CMAKE_HAVE_LIBC_PTHREAD
[2.667s] -- Performing Test CMAKE_HAVE_LIBC_PTHREAD - Failed
[2.668s] -- Looking for pthread_create in pthreads
[2.762s] -- Looking for pthread_create in pthreads - not found
[2.762s] -- Looking for pthread_create in pthread
[2.875s] -- Looking for pthread_create in pthread - found
[2.877s] -- Found Threads: TRUE  
[3.147s] -- Found rosidl_default_generators: 1.0.1 (/opt/ros/foxy/share/rosidl_default_generators/cmake)
[3.199s] -- Found PythonInterp: /usr/bin/python3 (found version "3.8.10") 
[3.454s] -- Found ament_cmake_ros: 0.9.2 (/opt/ros/foxy/share/ament_cmake_ros/cmake)
[3.718s] -- Using all available rosidl_typesupport_c: rosidl_typesupport_fastrtps_c;rosidl_typesupport_introspection_c
[3.731s] -- Using all available rosidl_typesupport_cpp: rosidl_typesupport_fastrtps_cpp;rosidl_typesupport_introspection_cpp
[3.770s] -- Found PythonInterp: /usr/bin/python3 (found suitable version "3.8.10", minimum required is "3.5") 
[3.778s] -- Found python_cmake_module: 0.8.1 (/opt/ros/foxy/share/python_cmake_module/cmake)
[3.898s] -- Found PythonLibs: /usr/lib/x86_64-linux-gnu/libpython3.8.so (found suitable version "3.8.10", minimum required is "3.5") 
[3.898s] -- Using PYTHON_EXECUTABLE: /usr/bin/python3
[3.898s] -- Using PYTHON_INCLUDE_DIRS: /usr/include/python3.8
[3.898s] -- Using PYTHON_LIBRARIES: /usr/lib/x86_64-linux-gnu/libpython3.8.so
[3.930s] -- Found PythonExtra: .so  
[4.090s] -- Found ament_lint_auto: 0.9.6 (/opt/ros/foxy/share/ament_lint_auto/cmake)
[4.166s] -- Added test 'copyright' to check source files copyright and LICENSE
[4.172s] -- Added test 'lint_cmake' to check CMake code style
[4.176s] -- Added test 'xmllint' to check XML markup files
[4.186s] -- Configuring done
[4.377s] -- Generating done
[4.381s] -- Build files have been written to: /home/user/ros2_ws/build/project_interfaces
[4.396s] Invoked command in '/home/user/ros2_ws/build/project_interfaces' returned '0': CMAKE_PREFIX_PATH=${CMAKE_PREFIX_PATH}:/home/user/ros2_ws/install/wall_follower:/home/user/ros2_ws/install/logs_test:/home/user/ros2_ws/install/actions_quiz:/opt/ros/foxy _=/usr/bin/env /usr/bin/cmake /home/user/ros2_ws/src/project_interfaces -DCMAKE_INSTALL_PREFIX=/home/user/ros2_ws/install/project_interfaces
[4.403s] Invoking command in '/home/user/ros2_ws/build/project_interfaces': CMAKE_PREFIX_PATH=${CMAKE_PREFIX_PATH}:/home/user/ros2_ws/install/wall_follower:/home/user/ros2_ws/install/logs_test:/home/user/ros2_ws/install/actions_quiz:/opt/ros/foxy _=/usr/bin/env /usr/bin/cmake --build /home/user/ros2_ws/build/project_interfaces -- -j8 -l8
[4.460s] [35m[1mScanning dependencies of target project_interfaces__cpp[0m
[4.480s] [  3%] [34m[1mGenerating C++ code for ROS interfaces[0m
[4.905s] [  3%] Built target project_interfaces__cpp
[4.925s] [  6%] [34m[1mGenerating C code for ROS interfaces[0m
[5.353s] [35m[1mScanning dependencies of target project_interfaces__rosidl_generator_c[0m
[5.636s] [  9%] [32mBuilding C object CMakeFiles/project_interfaces__rosidl_generator_c.dir/rosidl_generator_c/project_interfaces/srv/detail/find_wall__functions.c.o[0m
[6.076s] [ 12%] [32m[1mLinking C shared library libproject_interfaces__rosidl_generator_c.so[0m
[6.135s] [ 12%] Built target project_interfaces__rosidl_generator_c
[6.151s] [ 16%] [34m[1mGenerating C++ introspection for ROS interfaces[0m
[6.478s] [35m[1mScanning dependencies of target project_interfaces__rosidl_typesupport_introspection_cpp[0m
[6.607s] [ 19%] [32mBuilding CXX object CMakeFiles/project_interfaces__rosidl_typesupport_introspection_cpp.dir/rosidl_typesupport_introspection_cpp/project_interfaces/srv/detail/find_wall__type_support.cpp.o[0m
[8.947s] [ 22%] [32m[1mLinking CXX shared library libproject_interfaces__rosidl_typesupport_introspection_cpp.so[0m
[9.005s] [ 22%] Built target project_interfaces__rosidl_typesupport_introspection_cpp
[9.022s] [ 25%] [34m[1mGenerating C introspection for ROS interfaces[0m
[9.341s] [35m[1mScanning dependencies of target project_interfaces__rosidl_typesupport_introspection_c[0m
[9.361s] [ 29%] [32mBuilding C object CMakeFiles/project_interfaces__rosidl_typesupport_introspection_c.dir/rosidl_typesupport_introspection_c/project_interfaces/srv/detail/find_wall__type_support.c.o[0m
[9.414s] [ 32%] [32m[1mLinking C shared library libproject_interfaces__rosidl_typesupport_introspection_c.so[0m
[9.461s] [ 32%] Built target project_interfaces__rosidl_typesupport_introspection_c
[9.479s] [ 35%] [34m[1mGenerating C type support dispatch for ROS interfaces[0m
[9.804s] [35m[1mScanning dependencies of target project_interfaces__rosidl_typesupport_c[0m
[9.830s] [ 38%] [32mBuilding CXX object CMakeFiles/project_interfaces__rosidl_typesupport_c.dir/rosidl_typesupport_c/project_interfaces/srv/find_wall__type_support.cpp.o[0m
[9.894s] [ 41%] [32m[1mLinking CXX shared library libproject_interfaces__rosidl_typesupport_c.so[0m
[9.957s] [ 41%] Built target project_interfaces__rosidl_typesupport_c
[9.973s] [ 45%] [34m[1mGenerating C++ type support for eProsima Fast-RTPS[0m
[10.339s] [35m[1mScanning dependencies of target project_interfaces__rosidl_typesupport_fastrtps_cpp[0m
[11.082s] [ 48%] [32mBuilding CXX object CMakeFiles/project_interfaces__rosidl_typesupport_fastrtps_cpp.dir/rosidl_typesupport_fastrtps_cpp/project_interfaces/srv/detail/dds_fastrtps/find_wall__type_support.cpp.o[0m
[11.726s] [ 51%] [32m[1mLinking CXX shared library libproject_interfaces__rosidl_typesupport_fastrtps_cpp.so[0m
[11.855s] [ 51%] Built target project_interfaces__rosidl_typesupport_fastrtps_cpp
[11.872s] [ 54%] [34m[1mGenerating C++ type support dispatch for ROS interfaces[0m
[12.166s] [35m[1mScanning dependencies of target project_interfaces__rosidl_typesupport_cpp[0m
[12.188s] [ 58%] [32mBuilding CXX object CMakeFiles/project_interfaces__rosidl_typesupport_cpp.dir/rosidl_typesupport_cpp/project_interfaces/srv/find_wall__type_support.cpp.o[0m
[12.553s] [ 61%] [32m[1mLinking CXX shared library libproject_interfaces__rosidl_typesupport_cpp.so[0m
[12.621s] [ 61%] Built target project_interfaces__rosidl_typesupport_cpp
[12.647s] [ 64%] [34m[1mGenerating C type support for eProsima Fast-RTPS[0m
[13.000s] [35m[1mScanning dependencies of target project_interfaces__rosidl_typesupport_fastrtps_c[0m
[13.039s] [ 67%] [32mBuilding CXX object CMakeFiles/project_interfaces__rosidl_typesupport_fastrtps_c.dir/rosidl_typesupport_fastrtps_c/project_interfaces/srv/detail/find_wall__type_support_c.cpp.o[0m
[13.522s] [ 70%] [32m[1mLinking CXX shared library libproject_interfaces__rosidl_typesupport_fastrtps_c.so[0m
[13.649s] [ 70%] Built target project_interfaces__rosidl_typesupport_fastrtps_c
[13.670s] [35m[1mScanning dependencies of target project_interfaces[0m
[13.685s] [ 70%] Built target project_interfaces
[13.700s] [35m[1mScanning dependencies of target project_interfaces__py[0m
[13.718s] [ 74%] [34m[1mGenerating Python code for ROS interfaces[0m
[14.575s] [ 74%] Built target project_interfaces__py
[14.591s] [35m[1mScanning dependencies of target project_interfaces__python[0m
[14.770s] [ 77%] [32mBuilding C object CMakeFiles/project_interfaces__python.dir/rosidl_generator_py/project_interfaces/srv/_find_wall_s.c.o[0m
[15.270s] [ 80%] [32m[1mLinking C shared library rosidl_generator_py/project_interfaces/libproject_interfaces__python.so[0m
[15.328s] [ 80%] Built target project_interfaces__python
[15.344s] [35m[1mScanning dependencies of target project_interfaces__rosidl_typesupport_fastrtps_c__pyext[0m
[15.374s] [ 83%] [32mBuilding C object CMakeFiles/project_interfaces__rosidl_typesupport_fastrtps_c__pyext.dir/rosidl_generator_py/project_interfaces/_project_interfaces_s.ep.rosidl_typesupport_fastrtps_c.c.o[0m
[15.501s] [ 87%] [32m[1mLinking CXX shared library rosidl_generator_py/project_interfaces/project_interfaces_s__rosidl_typesupport_fastrtps_c.cpython-38-x86_64-linux-gnu.so[0m
[15.587s] [ 87%] Built target project_interfaces__rosidl_typesupport_fastrtps_c__pyext
[15.601s] [35m[1mScanning dependencies of target project_interfaces__rosidl_typesupport_c__pyext[0m
[15.627s] [ 90%] [32mBuilding C object CMakeFiles/project_interfaces__rosidl_typesupport_c__pyext.dir/rosidl_generator_py/project_interfaces/_project_interfaces_s.ep.rosidl_typesupport_c.c.o[0m
[15.754s] [ 93%] [32m[1mLinking C shared library rosidl_generator_py/project_interfaces/project_interfaces_s__rosidl_typesupport_c.cpython-38-x86_64-linux-gnu.so[0m
[15.808s] [ 93%] Built target project_interfaces__rosidl_typesupport_c__pyext
[15.829s] [35m[1mScanning dependencies of target project_interfaces__rosidl_typesupport_introspection_c__pyext[0m
[15.862s] [ 96%] [32mBuilding C object CMakeFiles/project_interfaces__rosidl_typesupport_introspection_c__pyext.dir/rosidl_generator_py/project_interfaces/_project_interfaces_s.ep.rosidl_typesupport_introspection_c.c.o[0m
[15.979s] [100%] [32m[1mLinking C shared library rosidl_generator_py/project_interfaces/project_interfaces_s__rosidl_typesupport_introspection_c.cpython-38-x86_64-linux-gnu.so[0m
[16.040s] [100%] Built target project_interfaces__rosidl_typesupport_introspection_c__pyext
[16.060s] Invoked command in '/home/user/ros2_ws/build/project_interfaces' returned '0': CMAKE_PREFIX_PATH=${CMAKE_PREFIX_PATH}:/home/user/ros2_ws/install/wall_follower:/home/user/ros2_ws/install/logs_test:/home/user/ros2_ws/install/actions_quiz:/opt/ros/foxy _=/usr/bin/env /usr/bin/cmake --build /home/user/ros2_ws/build/project_interfaces -- -j8 -l8
[16.228s] Invoking command in '/home/user/ros2_ws/build/project_interfaces': CMAKE_PREFIX_PATH=${CMAKE_PREFIX_PATH}:/home/user/ros2_ws/install/wall_follower:/home/user/ros2_ws/install/logs_test:/home/user/ros2_ws/install/actions_quiz:/opt/ros/foxy _=/usr/bin/env /usr/bin/cmake --install /home/user/ros2_ws/build/project_interfaces
[16.247s] -- Install configuration: ""
[16.247s] -- Installing: /home/user/ros2_ws/install/project_interfaces/share/ament_index/resource_index/rosidl_interfaces/project_interfaces
[16.247s] -- Installing: /home/user/ros2_ws/install/project_interfaces/include/project_interfaces
[16.247s] -- Installing: /home/user/ros2_ws/install/project_interfaces/include/project_interfaces/srv
[16.248s] -- Installing: /home/user/ros2_ws/install/project_interfaces/include/project_interfaces/srv/detail
[16.248s] -- Installing: /home/user/ros2_ws/install/project_interfaces/include/project_interfaces/srv/detail/find_wall__functions.h
[16.248s] -- Installing: /home/user/ros2_ws/install/project_interfaces/include/project_interfaces/srv/detail/find_wall__functions.c
[16.248s] -- Installing: /home/user/ros2_ws/install/project_interfaces/include/project_interfaces/srv/detail/find_wall__struct.h
[16.248s] -- Installing: /home/user/ros2_ws/install/project_interfaces/include/project_interfaces/srv/detail/find_wall__type_support.h
[16.249s] -- Installing: /home/user/ros2_ws/install/project_interfaces/include/project_interfaces/srv/find_wall.h
[16.249s] -- Installing: /home/user/ros2_ws/install/project_interfaces/include/project_interfaces/msg
[16.249s] -- Installing: /home/user/ros2_ws/install/project_interfaces/include/project_interfaces/msg/rosidl_generator_c__visibility_control.h
[16.249s] -- Installing: /home/user/ros2_ws/install/project_interfaces/share/project_interfaces/environment/library_path.sh
[16.249s] -- Installing: /home/user/ros2_ws/install/project_interfaces/share/project_interfaces/environment/library_path.dsv
[16.250s] -- Installing: /home/user/ros2_ws/install/project_interfaces/lib/libproject_interfaces__rosidl_generator_c.so
[16.250s] -- Set runtime path of "/home/user/ros2_ws/install/project_interfaces/lib/libproject_interfaces__rosidl_generator_c.so" to ""
[16.250s] -- Up-to-date: /home/user/ros2_ws/install/project_interfaces/include/project_interfaces
[16.250s] -- Up-to-date: /home/user/ros2_ws/install/project_interfaces/include/project_interfaces/srv
[16.250s] -- Up-to-date: /home/user/ros2_ws/install/project_interfaces/include/project_interfaces/srv/detail
[16.250s] -- Installing: /home/user/ros2_ws/install/project_interfaces/include/project_interfaces/srv/detail/find_wall__rosidl_typesupport_fastrtps_c.h
[16.251s] -- Up-to-date: /home/user/ros2_ws/install/project_interfaces/include/project_interfaces/msg
[16.251s] -- Installing: /home/user/ros2_ws/install/project_interfaces/include/project_interfaces/msg/rosidl_typesupport_fastrtps_c__visibility_control.h
[16.251s] -- Installing: /home/user/ros2_ws/install/project_interfaces/lib/libproject_interfaces__rosidl_typesupport_fastrtps_c.so
[16.251s] -- Set runtime path of "/home/user/ros2_ws/install/project_interfaces/lib/libproject_interfaces__rosidl_typesupport_fastrtps_c.so" to ""
[16.252s] -- Up-to-date: /home/user/ros2_ws/install/project_interfaces/include/project_interfaces
[16.252s] -- Up-to-date: /home/user/ros2_ws/install/project_interfaces/include/project_interfaces/srv
[16.252s] -- Up-to-date: /home/user/ros2_ws/install/project_interfaces/include/project_interfaces/srv/detail
[16.252s] -- Installing: /home/user/ros2_ws/install/project_interfaces/include/project_interfaces/srv/detail/dds_fastrtps
[16.252s] -- Installing: /home/user/ros2_ws/install/project_interfaces/include/project_interfaces/srv/detail/find_wall__rosidl_typesupport_fastrtps_cpp.hpp
[16.252s] -- Up-to-date: /home/user/ros2_ws/install/project_interfaces/include/project_interfaces/msg
[16.253s] -- Installing: /home/user/ros2_ws/install/project_interfaces/include/project_interfaces/msg/rosidl_typesupport_fastrtps_cpp__visibility_control.h
[16.253s] -- Installing: /home/user/ros2_ws/install/project_interfaces/lib/libproject_interfaces__rosidl_typesupport_fastrtps_cpp.so
[16.253s] -- Set runtime path of "/home/user/ros2_ws/install/project_interfaces/lib/libproject_interfaces__rosidl_typesupport_fastrtps_cpp.so" to ""
[16.253s] -- Up-to-date: /home/user/ros2_ws/install/project_interfaces/include/project_interfaces
[16.253s] -- Up-to-date: /home/user/ros2_ws/install/project_interfaces/include/project_interfaces/srv
[16.253s] -- Up-to-date: /home/user/ros2_ws/install/project_interfaces/include/project_interfaces/srv/detail
[16.253s] -- Installing: /home/user/ros2_ws/install/project_interfaces/include/project_interfaces/srv/detail/find_wall__type_support.c
[16.254s] -- Installing: /home/user/ros2_ws/install/project_interfaces/include/project_interfaces/srv/detail/find_wall__rosidl_typesupport_introspection_c.h
[16.254s] -- Up-to-date: /home/user/ros2_ws/install/project_interfaces/include/project_interfaces/msg
[16.254s] -- Installing: /home/user/ros2_ws/install/project_interfaces/include/project_interfaces/msg/rosidl_typesupport_introspection_c__visibility_control.h
[16.254s] -- Installing: /home/user/ros2_ws/install/project_interfaces/lib/libproject_interfaces__rosidl_typesupport_introspection_c.so
[16.254s] -- Set runtime path of "/home/user/ros2_ws/install/project_interfaces/lib/libproject_interfaces__rosidl_typesupport_introspection_c.so" to ""
[16.254s] -- Installing: /home/user/ros2_ws/install/project_interfaces/lib/libproject_interfaces__rosidl_typesupport_c.so
[16.255s] -- Set runtime path of "/home/user/ros2_ws/install/project_interfaces/lib/libproject_interfaces__rosidl_typesupport_c.so" to ""
[16.255s] -- Up-to-date: /home/user/ros2_ws/install/project_interfaces/include/project_interfaces
[16.255s] -- Up-to-date: /home/user/ros2_ws/install/project_interfaces/include/project_interfaces/srv
[16.255s] -- Up-to-date: /home/user/ros2_ws/install/project_interfaces/include/project_interfaces/srv/detail
[16.255s] -- Installing: /home/user/ros2_ws/install/project_interfaces/include/project_interfaces/srv/detail/find_wall__struct.hpp
[16.255s] -- Installing: /home/user/ros2_ws/install/project_interfaces/include/project_interfaces/srv/detail/find_wall__builder.hpp
[16.255s] -- Installing: /home/user/ros2_ws/install/project_interfaces/include/project_interfaces/srv/detail/find_wall__traits.hpp
[16.255s] -- Installing: /home/user/ros2_ws/install/project_interfaces/include/project_interfaces/srv/find_wall.hpp
[16.256s] -- Up-to-date: /home/user/ros2_ws/install/project_interfaces/include/project_interfaces
[16.256s] -- Up-to-date: /home/user/ros2_ws/install/project_interfaces/include/project_interfaces/srv
[16.256s] -- Up-to-date: /home/user/ros2_ws/install/project_interfaces/include/project_interfaces/srv/detail
[16.256s] -- Installing: /home/user/ros2_ws/install/project_interfaces/include/project_interfaces/srv/detail/find_wall__type_support.cpp
[16.256s] -- Installing: /home/user/ros2_ws/install/project_interfaces/include/project_interfaces/srv/detail/find_wall__rosidl_typesupport_introspection_cpp.hpp
[16.256s] -- Installing: /home/user/ros2_ws/install/project_interfaces/lib/libproject_interfaces__rosidl_typesupport_introspection_cpp.so
[16.256s] -- Set runtime path of "/home/user/ros2_ws/install/project_interfaces/lib/libproject_interfaces__rosidl_typesupport_introspection_cpp.so" to ""
[16.256s] -- Installing: /home/user/ros2_ws/install/project_interfaces/lib/libproject_interfaces__rosidl_typesupport_cpp.so
[16.256s] -- Set runtime path of "/home/user/ros2_ws/install/project_interfaces/lib/libproject_interfaces__rosidl_typesupport_cpp.so" to ""
[16.256s] -- Installing: /home/user/ros2_ws/install/project_interfaces/share/project_interfaces/environment/pythonpath.sh
[16.256s] -- Installing: /home/user/ros2_ws/install/project_interfaces/share/project_interfaces/environment/pythonpath.dsv
[16.256s] -- Installing: /home/user/ros2_ws/install/project_interfaces/lib/python3.8/site-packages/project_interfaces/__init__.py
[16.304s] Compiling '/home/user/ros2_ws/install/project_interfaces/lib/python3.8/site-packages/project_interfaces/__init__.py'...
[16.311s] -- Installing: /home/user/ros2_ws/install/project_interfaces/lib/python3.8/site-packages/project_interfaces/srv
[16.311s] -- Installing: /home/user/ros2_ws/install/project_interfaces/lib/python3.8/site-packages/project_interfaces/srv/_find_wall.py
[16.312s] -- Installing: /home/user/ros2_ws/install/project_interfaces/lib/python3.8/site-packages/project_interfaces/srv/__init__.py
[16.312s] -- Installing: /home/user/ros2_ws/install/project_interfaces/lib/python3.8/site-packages/project_interfaces/srv/_find_wall_s.c
[16.312s] -- Installing: /home/user/ros2_ws/install/project_interfaces/lib/python3.8/site-packages/project_interfaces/project_interfaces_s__rosidl_typesupport_fastrtps_c.cpython-38-x86_64-linux-gnu.so
[16.313s] -- Set runtime path of "/home/user/ros2_ws/install/project_interfaces/lib/python3.8/site-packages/project_interfaces/project_interfaces_s__rosidl_typesupport_fastrtps_c.cpython-38-x86_64-linux-gnu.so" to ""
[16.313s] -- Installing: /home/user/ros2_ws/install/project_interfaces/lib/python3.8/site-packages/project_interfaces/project_interfaces_s__rosidl_typesupport_introspection_c.cpython-38-x86_64-linux-gnu.so
[16.314s] -- Set runtime path of "/home/user/ros2_ws/install/project_interfaces/lib/python3.8/site-packages/project_interfaces/project_interfaces_s__rosidl_typesupport_introspection_c.cpython-38-x86_64-linux-gnu.so" to ""
[16.314s] -- Installing: /home/user/ros2_ws/install/project_interfaces/lib/python3.8/site-packages/project_interfaces/project_interfaces_s__rosidl_typesupport_c.cpython-38-x86_64-linux-gnu.so
[16.315s] -- Set runtime path of "/home/user/ros2_ws/install/project_interfaces/lib/python3.8/site-packages/project_interfaces/project_interfaces_s__rosidl_typesupport_c.cpython-38-x86_64-linux-gnu.so" to ""
[16.315s] -- Installing: /home/user/ros2_ws/install/project_interfaces/lib/libproject_interfaces__python.so
[16.316s] -- Set runtime path of "/home/user/ros2_ws/install/project_interfaces/lib/libproject_interfaces__python.so" to ""
[16.316s] -- Installing: /home/user/ros2_ws/install/project_interfaces/share/project_interfaces/srv/FindWall.idl
[16.316s] -- Installing: /home/user/ros2_ws/install/project_interfaces/share/project_interfaces/srv/FindWall.srv
[16.316s] -- Installing: /home/user/ros2_ws/install/project_interfaces/share/project_interfaces/srv/FindWall_Request.msg
[16.317s] -- Installing: /home/user/ros2_ws/install/project_interfaces/share/project_interfaces/srv/FindWall_Response.msg
[16.319s] -- Installing: /home/user/ros2_ws/install/project_interfaces/share/ament_index/resource_index/package_run_dependencies/project_interfaces
[16.319s] -- Installing: /home/user/ros2_ws/install/project_interfaces/share/ament_index/resource_index/parent_prefix_path/project_interfaces
[16.319s] -- Installing: /home/user/ros2_ws/install/project_interfaces/share/project_interfaces/environment/ament_prefix_path.sh
[16.319s] -- Installing: /home/user/ros2_ws/install/project_interfaces/share/project_interfaces/environment/ament_prefix_path.dsv
[16.319s] -- Installing: /home/user/ros2_ws/install/project_interfaces/share/project_interfaces/environment/path.sh
[16.319s] -- Installing: /home/user/ros2_ws/install/project_interfaces/share/project_interfaces/environment/path.dsv
[16.319s] -- Installing: /home/user/ros2_ws/install/project_interfaces/share/project_interfaces/local_setup.bash
[16.320s] -- Installing: /home/user/ros2_ws/install/project_interfaces/share/project_interfaces/local_setup.sh
[16.320s] -- Installing: /home/user/ros2_ws/install/project_interfaces/share/project_interfaces/local_setup.zsh
[16.320s] -- Installing: /home/user/ros2_ws/install/project_interfaces/share/project_interfaces/local_setup.dsv
[16.320s] -- Installing: /home/user/ros2_ws/install/project_interfaces/share/project_interfaces/package.dsv
[16.321s] -- Installing: /home/user/ros2_ws/install/project_interfaces/share/ament_index/resource_index/packages/project_interfaces
[16.321s] -- Installing: /home/user/ros2_ws/install/project_interfaces/share/project_interfaces/cmake/project_interfaces__rosidl_generator_cExport.cmake
[16.321s] -- Installing: /home/user/ros2_ws/install/project_interfaces/share/project_interfaces/cmake/project_interfaces__rosidl_generator_cExport-noconfig.cmake
[16.321s] -- Installing: /home/user/ros2_ws/install/project_interfaces/share/project_interfaces/cmake/project_interfaces__rosidl_typesupport_introspection_cExport.cmake
[16.321s] -- Installing: /home/user/ros2_ws/install/project_interfaces/share/project_interfaces/cmake/project_interfaces__rosidl_typesupport_introspection_cExport-noconfig.cmake
[16.321s] -- Installing: /home/user/ros2_ws/install/project_interfaces/share/project_interfaces/cmake/project_interfaces__rosidl_typesupport_cExport.cmake
[16.321s] -- Installing: /home/user/ros2_ws/install/project_interfaces/share/project_interfaces/cmake/project_interfaces__rosidl_typesupport_cExport-noconfig.cmake
[16.322s] -- Installing: /home/user/ros2_ws/install/project_interfaces/share/project_interfaces/cmake/project_interfaces__rosidl_generator_cppExport.cmake
[16.322s] -- Installing: /home/user/ros2_ws/install/project_interfaces/share/project_interfaces/cmake/project_interfaces__rosidl_typesupport_introspection_cppExport.cmake
[16.322s] -- Installing: /home/user/ros2_ws/install/project_interfaces/share/project_interfaces/cmake/project_interfaces__rosidl_typesupport_introspection_cppExport-noconfig.cmake
[16.322s] -- Installing: /home/user/ros2_ws/install/project_interfaces/share/project_interfaces/cmake/project_interfaces__rosidl_typesupport_cppExport.cmake
[16.322s] -- Installing: /home/user/ros2_ws/install/project_interfaces/share/project_interfaces/cmake/project_interfaces__rosidl_typesupport_cppExport-noconfig.cmake
[16.322s] -- Installing: /home/user/ros2_ws/install/project_interfaces/share/project_interfaces/cmake/rosidl_cmake-extras.cmake
[16.322s] -- Installing: /home/user/ros2_ws/install/project_interfaces/share/project_interfaces/cmake/ament_cmake_export_dependencies-extras.cmake
[16.323s] -- Installing: /home/user/ros2_ws/install/project_interfaces/share/project_interfaces/cmake/ament_cmake_export_libraries-extras.cmake
[16.323s] -- Installing: /home/user/ros2_ws/install/project_interfaces/share/project_interfaces/cmake/ament_cmake_export_targets-extras.cmake
[16.323s] -- Installing: /home/user/ros2_ws/install/project_interfaces/share/project_interfaces/cmake/ament_cmake_export_include_directories-extras.cmake
[16.324s] -- Installing: /home/user/ros2_ws/install/project_interfaces/share/project_interfaces/cmake/rosidl_cmake_export_typesupport_libraries-extras.cmake
[16.324s] -- Installing: /home/user/ros2_ws/install/project_interfaces/share/project_interfaces/cmake/rosidl_cmake_export_typesupport_targets-extras.cmake
[16.324s] -- Installing: /home/user/ros2_ws/install/project_interfaces/share/project_interfaces/cmake/project_interfacesConfig.cmake
[16.324s] -- Installing: /home/user/ros2_ws/install/project_interfaces/share/project_interfaces/cmake/project_interfacesConfig-version.cmake
[16.325s] -- Installing: /home/user/ros2_ws/install/project_interfaces/share/project_interfaces/package.xml
[16.329s] Invoked command in '/home/user/ros2_ws/build/project_interfaces' returned '0': CMAKE_PREFIX_PATH=${CMAKE_PREFIX_PATH}:/home/user/ros2_ws/install/wall_follower:/home/user/ros2_ws/install/logs_test:/home/user/ros2_ws/install/actions_quiz:/opt/ros/foxy _=/usr/bin/env /usr/bin/cmake --install /home/user/ros2_ws/build/project_interfaces
