[1.060s] Invoking command in '/home/user/ros2_ws/src/wall_follower': PYTHONPATH=/home/user/ros2_ws/install/wall_follower/lib/python3.8/site-packages:${PYTHONPATH} _=/usr/bin/env /usr/bin/python3 setup.py egg_info --egg-base ../../build/wall_follower build --build-base /home/user/ros2_ws/build/wall_follower/build install --prefix /home/user/ros2_ws/install/wall_follower --record /home/user/ros2_ws/build/wall_follower/install.log --single-version-externally-managed
[1.897s] running egg_info
[1.897s] writing ../../build/wall_follower/wall_follower.egg-info/PKG-INFO
[1.897s] writing dependency_links to ../../build/wall_follower/wall_follower.egg-info/dependency_links.txt
[1.897s] writing entry points to ../../build/wall_follower/wall_follower.egg-info/entry_points.txt
[1.952s] writing requirements to ../../build/wall_follower/wall_follower.egg-info/requires.txt
[1.952s] writing top-level names to ../../build/wall_follower/wall_follower.egg-info/top_level.txt
[2.065s] reading manifest file '../../build/wall_follower/wall_follower.egg-info/SOURCES.txt'
[2.067s] writing manifest file '../../build/wall_follower/wall_follower.egg-info/SOURCES.txt'
[2.067s] running build
[2.067s] running build_py
[2.067s] copying wall_follower/wall_finder.py -> /home/user/ros2_ws/build/wall_follower/build/lib/wall_follower
[2.067s] running install
[2.068s] running install_lib
[2.069s] copying /home/user/ros2_ws/build/wall_follower/build/lib/wall_follower/wall_finder.py -> /home/user/ros2_ws/install/wall_follower/lib/python3.8/site-packages/wall_follower
[2.070s] byte-compiling /home/user/ros2_ws/install/wall_follower/lib/python3.8/site-packages/wall_follower/wall_finder.py to wall_finder.cpython-38.pyc
[2.070s] running install_data
[2.071s] running install_egg_info
[2.073s] removing '/home/user/ros2_ws/install/wall_follower/lib/python3.8/site-packages/wall_follower-0.0.0-py3.8.egg-info' (and everything under it)
[2.073s] Copying ../../build/wall_follower/wall_follower.egg-info to /home/user/ros2_ws/install/wall_follower/lib/python3.8/site-packages/wall_follower-0.0.0-py3.8.egg-info
[2.075s] running install_scripts
[2.164s] Installing laserScan_test_executable script to /home/user/ros2_ws/install/wall_follower/lib/wall_follower
[2.164s] Installing wall_finder_executable script to /home/user/ros2_ws/install/wall_follower/lib/wall_follower
[2.165s] Installing wall_follower_executable script to /home/user/ros2_ws/install/wall_follower/lib/wall_follower
[2.165s] writing list of installed files to '/home/user/ros2_ws/build/wall_follower/install.log'
[2.188s] Invoked command in '/home/user/ros2_ws/src/wall_follower' returned '0': PYTHONPATH=/home/user/ros2_ws/install/wall_follower/lib/python3.8/site-packages:${PYTHONPATH} _=/usr/bin/env /usr/bin/python3 setup.py egg_info --egg-base ../../build/wall_follower build --build-base /home/user/ros2_ws/build/wall_follower/build install --prefix /home/user/ros2_ws/install/wall_follower --record /home/user/ros2_ws/build/wall_follower/install.log --single-version-externally-managed
