[1.005s] Invoking command in '/home/user/ros2_ws/src/wall_follower': PYTHONPATH=/home/user/ros2_ws/install/wall_follower/lib/python3.8/site-packages:${PYTHONPATH} _=/usr/bin/env /usr/bin/python3 setup.py egg_info --egg-base ../../build/wall_follower build --build-base /home/user/ros2_ws/build/wall_follower/build install --prefix /home/user/ros2_ws/install/wall_follower --record /home/user/ros2_ws/build/wall_follower/install.log --single-version-externally-managed
[1.923s] running egg_info
[1.924s] writing ../../build/wall_follower/wall_follower.egg-info/PKG-INFO
[1.924s] writing dependency_links to ../../build/wall_follower/wall_follower.egg-info/dependency_links.txt
[1.924s] writing entry points to ../../build/wall_follower/wall_follower.egg-info/entry_points.txt
[1.924s] writing requirements to ../../build/wall_follower/wall_follower.egg-info/requires.txt
[1.925s] writing top-level names to ../../build/wall_follower/wall_follower.egg-info/top_level.txt
[2.089s] reading manifest file '../../build/wall_follower/wall_follower.egg-info/SOURCES.txt'
[2.089s] writing manifest file '../../build/wall_follower/wall_follower.egg-info/SOURCES.txt'
[2.089s] running build
[2.090s] running build_py
[2.090s] copying wall_follower/wall_finder.py -> /home/user/ros2_ws/build/wall_follower/build/lib/wall_follower
[2.090s] running install
[2.090s] running install_lib
[2.092s] copying /home/user/ros2_ws/build/wall_follower/build/lib/wall_follower/wall_finder.py -> /home/user/ros2_ws/install/wall_follower/lib/python3.8/site-packages/wall_follower
[2.093s] byte-compiling /home/user/ros2_ws/install/wall_follower/lib/python3.8/site-packages/wall_follower/wall_finder.py to wall_finder.cpython-38.pyc
[2.094s] running install_data
[2.095s] running install_egg_info
[2.098s] removing '/home/user/ros2_ws/install/wall_follower/lib/python3.8/site-packages/wall_follower-0.0.0-py3.8.egg-info' (and everything under it)
[2.098s] Copying ../../build/wall_follower/wall_follower.egg-info to /home/user/ros2_ws/install/wall_follower/lib/python3.8/site-packages/wall_follower-0.0.0-py3.8.egg-info
[2.099s] running install_scripts
[2.189s] Installing laserScan_test_executable script to /home/user/ros2_ws/install/wall_follower/lib/wall_follower
[2.189s] Installing wall_finder_executable script to /home/user/ros2_ws/install/wall_follower/lib/wall_follower
[2.190s] Installing wall_follower_executable script to /home/user/ros2_ws/install/wall_follower/lib/wall_follower
[2.190s] writing list of installed files to '/home/user/ros2_ws/build/wall_follower/install.log'
[2.218s] Invoked command in '/home/user/ros2_ws/src/wall_follower' returned '0': PYTHONPATH=/home/user/ros2_ws/install/wall_follower/lib/python3.8/site-packages:${PYTHONPATH} _=/usr/bin/env /usr/bin/python3 setup.py egg_info --egg-base ../../build/wall_follower build --build-base /home/user/ros2_ws/build/wall_follower/build install --prefix /home/user/ros2_ws/install/wall_follower --record /home/user/ros2_ws/build/wall_follower/install.log --single-version-externally-managed
