[0.813s] Invoking command in '/home/user/ros2_ws/src/wall_follower': PYTHONPATH=/home/user/ros2_ws/install/wall_follower/lib/python3.8/site-packages:${PYTHONPATH} _=/usr/bin/env /usr/bin/python3 setup.py egg_info --egg-base ../../build/wall_follower build --build-base /home/user/ros2_ws/build/wall_follower/build install --prefix /home/user/ros2_ws/install/wall_follower --record /home/user/ros2_ws/build/wall_follower/install.log --single-version-externally-managed
[1.507s] running egg_info
[1.507s] writing ../../build/wall_follower/wall_follower.egg-info/PKG-INFO
[1.507s] writing dependency_links to ../../build/wall_follower/wall_follower.egg-info/dependency_links.txt
[1.507s] writing entry points to ../../build/wall_follower/wall_follower.egg-info/entry_points.txt
[1.507s] writing requirements to ../../build/wall_follower/wall_follower.egg-info/requires.txt
[1.507s] writing top-level names to ../../build/wall_follower/wall_follower.egg-info/top_level.txt
[1.570s] reading manifest file '../../build/wall_follower/wall_follower.egg-info/SOURCES.txt'
[1.572s] writing manifest file '../../build/wall_follower/wall_follower.egg-info/SOURCES.txt'
[1.572s] running build
[1.572s] running build_py
[1.573s] copying wall_follower/odom_recorder.py -> /home/user/ros2_ws/build/wall_follower/build/lib/wall_follower
[1.574s] running install
[1.576s] running install_lib
[1.578s] copying /home/user/ros2_ws/build/wall_follower/build/lib/wall_follower/odom_recorder.py -> /home/user/ros2_ws/install/wall_follower/lib/python3.8/site-packages/wall_follower
[1.579s] byte-compiling /home/user/ros2_ws/install/wall_follower/lib/python3.8/site-packages/wall_follower/odom_recorder.py to odom_recorder.cpython-38.pyc
[1.580s] running install_data
[1.581s] copying launch/main.launch.py -> /home/user/ros2_ws/install/wall_follower/share/wall_follower
[1.582s] running install_egg_info
[1.585s] removing '/home/user/ros2_ws/install/wall_follower/lib/python3.8/site-packages/wall_follower-0.0.0-py3.8.egg-info' (and everything under it)
[1.585s] Copying ../../build/wall_follower/wall_follower.egg-info to /home/user/ros2_ws/install/wall_follower/lib/python3.8/site-packages/wall_follower-0.0.0-py3.8.egg-info
[1.587s] running install_scripts
[1.690s] Installing laserScan_test_executable script to /home/user/ros2_ws/install/wall_follower/lib/wall_follower
[1.691s] Installing odom_recorder_executable script to /home/user/ros2_ws/install/wall_follower/lib/wall_follower
[1.691s] Installing server_client_executable script to /home/user/ros2_ws/install/wall_follower/lib/wall_follower
[1.695s] Installing wall_finder_executable script to /home/user/ros2_ws/install/wall_follower/lib/wall_follower
[1.695s] Installing wall_finder_executable_2 script to /home/user/ros2_ws/install/wall_follower/lib/wall_follower
[1.696s] Installing wall_follower_executable script to /home/user/ros2_ws/install/wall_follower/lib/wall_follower
[1.697s] writing list of installed files to '/home/user/ros2_ws/build/wall_follower/install.log'
[1.736s] Invoked command in '/home/user/ros2_ws/src/wall_follower' returned '0': PYTHONPATH=/home/user/ros2_ws/install/wall_follower/lib/python3.8/site-packages:${PYTHONPATH} _=/usr/bin/env /usr/bin/python3 setup.py egg_info --egg-base ../../build/wall_follower build --build-base /home/user/ros2_ws/build/wall_follower/build install --prefix /home/user/ros2_ws/install/wall_follower --record /home/user/ros2_ws/build/wall_follower/install.log --single-version-externally-managed
