[0.368s] Invoking command in '/home/user/ros2_ws/src/wall_follower': PYTHONPATH=/home/user/ros2_ws/install/wall_follower/lib/python3.8/site-packages:${PYTHONPATH} _=/usr/bin/env /usr/bin/python3 setup.py egg_info --egg-base ../../build/wall_follower build --build-base /home/user/ros2_ws/build/wall_follower/build install --prefix /home/user/ros2_ws/install/wall_follower --record /home/user/ros2_ws/build/wall_follower/install.log --single-version-externally-managed
[0.697s] running egg_info
[0.697s] writing ../../build/wall_follower/wall_follower.egg-info/PKG-INFO
[0.698s] writing dependency_links to ../../build/wall_follower/wall_follower.egg-info/dependency_links.txt
[0.698s] writing entry points to ../../build/wall_follower/wall_follower.egg-info/entry_points.txt
[0.698s] writing requirements to ../../build/wall_follower/wall_follower.egg-info/requires.txt
[0.698s] writing top-level names to ../../build/wall_follower/wall_follower.egg-info/top_level.txt
[0.737s] reading manifest file '../../build/wall_follower/wall_follower.egg-info/SOURCES.txt'
[0.738s] writing manifest file '../../build/wall_follower/wall_follower.egg-info/SOURCES.txt'
[0.738s] running build
[0.738s] running build_py
[0.739s] running install
[0.739s] running install_lib
[0.741s] running install_data
[0.742s] running install_egg_info
[0.743s] removing '/home/user/ros2_ws/install/wall_follower/lib/python3.8/site-packages/wall_follower-0.0.0-py3.8.egg-info' (and everything under it)
[0.744s] Copying ../../build/wall_follower/wall_follower.egg-info to /home/user/ros2_ws/install/wall_follower/lib/python3.8/site-packages/wall_follower-0.0.0-py3.8.egg-info
[0.744s] running install_scripts
[0.763s] Installing laserScan_test_executable script to /home/user/ros2_ws/install/wall_follower/lib/wall_follower
[0.763s] Installing odom_recorder_executable script to /home/user/ros2_ws/install/wall_follower/lib/wall_follower
[0.763s] Installing server_client_executable script to /home/user/ros2_ws/install/wall_follower/lib/wall_follower
[0.764s] Installing wall_finder_executable script to /home/user/ros2_ws/install/wall_follower/lib/wall_follower
[0.764s] Installing wall_finder_executable_2 script to /home/user/ros2_ws/install/wall_follower/lib/wall_follower
[0.764s] Installing wall_follower_executable script to /home/user/ros2_ws/install/wall_follower/lib/wall_follower
[0.765s] writing list of installed files to '/home/user/ros2_ws/build/wall_follower/install.log'
[0.793s] Invoked command in '/home/user/ros2_ws/src/wall_follower' returned '0': PYTHONPATH=/home/user/ros2_ws/install/wall_follower/lib/python3.8/site-packages:${PYTHONPATH} _=/usr/bin/env /usr/bin/python3 setup.py egg_info --egg-base ../../build/wall_follower build --build-base /home/user/ros2_ws/build/wall_follower/build install --prefix /home/user/ros2_ws/install/wall_follower --record /home/user/ros2_ws/build/wall_follower/install.log --single-version-externally-managed
