[0.808s] Invoking command in '/home/user/ros2_ws/src/wall_follower': PYTHONPATH=/home/user/ros2_ws/install/wall_follower/lib/python3.8/site-packages:${PYTHONPATH} _=/usr/bin/env /usr/bin/python3 setup.py egg_info --egg-base ../../build/wall_follower build --build-base /home/user/ros2_ws/build/wall_follower/build install --prefix /home/user/ros2_ws/install/wall_follower --record /home/user/ros2_ws/build/wall_follower/install.log --single-version-externally-managed
[1.575s] running egg_info
[1.577s] writing ../../build/wall_follower/wall_follower.egg-info/PKG-INFO
[1.578s] writing dependency_links to ../../build/wall_follower/wall_follower.egg-info/dependency_links.txt
[1.581s] writing entry points to ../../build/wall_follower/wall_follower.egg-info/entry_points.txt
[1.583s] writing requirements to ../../build/wall_follower/wall_follower.egg-info/requires.txt
[1.585s] writing top-level names to ../../build/wall_follower/wall_follower.egg-info/top_level.txt
[1.711s] reading manifest file '../../build/wall_follower/wall_follower.egg-info/SOURCES.txt'
[1.712s] writing manifest file '../../build/wall_follower/wall_follower.egg-info/SOURCES.txt'
[1.712s] running build
[1.713s] running build_py
[1.713s] copying wall_follower/wall_finder_2.py -> /home/user/ros2_ws/build/wall_follower/build/lib/wall_follower
[1.713s] running install
[1.714s] running install_lib
[1.723s] copying /home/user/ros2_ws/build/wall_follower/build/lib/wall_follower/wall_finder_2.py -> /home/user/ros2_ws/install/wall_follower/lib/python3.8/site-packages/wall_follower
[1.728s] byte-compiling /home/user/ros2_ws/install/wall_follower/lib/python3.8/site-packages/wall_follower/wall_finder_2.py to wall_finder_2.cpython-38.pyc
[1.728s] running install_data
[1.728s] running install_egg_info
[1.729s] removing '/home/user/ros2_ws/install/wall_follower/lib/python3.8/site-packages/wall_follower-0.0.0-py3.8.egg-info' (and everything under it)
[1.730s] Copying ../../build/wall_follower/wall_follower.egg-info to /home/user/ros2_ws/install/wall_follower/lib/python3.8/site-packages/wall_follower-0.0.0-py3.8.egg-info
[1.732s] running install_scripts
[1.779s] Installing laserScan_test_executable script to /home/user/ros2_ws/install/wall_follower/lib/wall_follower
[1.779s] Installing server_client_executable script to /home/user/ros2_ws/install/wall_follower/lib/wall_follower
[1.779s] Installing wall_finder_executable script to /home/user/ros2_ws/install/wall_follower/lib/wall_follower
[1.779s] Installing wall_finder_executable_2 script to /home/user/ros2_ws/install/wall_follower/lib/wall_follower
[1.780s] Installing wall_follower_executable script to /home/user/ros2_ws/install/wall_follower/lib/wall_follower
[1.780s] writing list of installed files to '/home/user/ros2_ws/build/wall_follower/install.log'
[1.812s] Invoked command in '/home/user/ros2_ws/src/wall_follower' returned '0': PYTHONPATH=/home/user/ros2_ws/install/wall_follower/lib/python3.8/site-packages:${PYTHONPATH} _=/usr/bin/env /usr/bin/python3 setup.py egg_info --egg-base ../../build/wall_follower build --build-base /home/user/ros2_ws/build/wall_follower/build install --prefix /home/user/ros2_ws/install/wall_follower --record /home/user/ros2_ws/build/wall_follower/install.log --single-version-externally-managed
