[1.004s] Invoking command in '/home/user/ros2_ws/src/wall_follower': PYTHONPATH=/home/user/ros2_ws/install/wall_follower/lib/python3.8/site-packages:${PYTHONPATH} _=/usr/bin/env /usr/bin/python3 setup.py egg_info --egg-base ../../build/wall_follower build --build-base /home/user/ros2_ws/build/wall_follower/build install --prefix /home/user/ros2_ws/install/wall_follower --record /home/user/ros2_ws/build/wall_follower/install.log --single-version-externally-managed
[1.895s] running egg_info
[1.895s] writing ../../build/wall_follower/wall_follower.egg-info/PKG-INFO
[1.896s] writing dependency_links to ../../build/wall_follower/wall_follower.egg-info/dependency_links.txt
[1.896s] writing entry points to ../../build/wall_follower/wall_follower.egg-info/entry_points.txt
[1.896s] writing requirements to ../../build/wall_follower/wall_follower.egg-info/requires.txt
[1.896s] writing top-level names to ../../build/wall_follower/wall_follower.egg-info/top_level.txt
[2.002s] reading manifest file '../../build/wall_follower/wall_follower.egg-info/SOURCES.txt'
[2.002s] writing manifest file '../../build/wall_follower/wall_follower.egg-info/SOURCES.txt'
[2.002s] running build
[2.002s] running build_py
[2.003s] copying wall_follower/wall_finder.py -> /home/user/ros2_ws/build/wall_follower/build/lib/wall_follower
[2.003s] running install
[2.004s] running install_lib
[2.006s] copying /home/user/ros2_ws/build/wall_follower/build/lib/wall_follower/wall_finder.py -> /home/user/ros2_ws/install/wall_follower/lib/python3.8/site-packages/wall_follower
[2.007s] byte-compiling /home/user/ros2_ws/install/wall_follower/lib/python3.8/site-packages/wall_follower/wall_finder.py to wall_finder.cpython-38.pyc
[2.008s] running install_data
[2.010s] running install_egg_info
[2.013s] removing '/home/user/ros2_ws/install/wall_follower/lib/python3.8/site-packages/wall_follower-0.0.0-py3.8.egg-info' (and everything under it)
[2.013s] Copying ../../build/wall_follower/wall_follower.egg-info to /home/user/ros2_ws/install/wall_follower/lib/python3.8/site-packages/wall_follower-0.0.0-py3.8.egg-info
[2.015s] running install_scripts
[2.084s] Installing laserScan_test_executable script to /home/user/ros2_ws/install/wall_follower/lib/wall_follower
[2.084s] Installing odom_recorder_executable script to /home/user/ros2_ws/install/wall_follower/lib/wall_follower
[2.084s] Installing server_client_executable script to /home/user/ros2_ws/install/wall_follower/lib/wall_follower
[2.084s] Installing wall_finder_executable script to /home/user/ros2_ws/install/wall_follower/lib/wall_follower
[2.084s] Installing wall_finder_executable_2 script to /home/user/ros2_ws/install/wall_follower/lib/wall_follower
[2.085s] Installing wall_follower_executable script to /home/user/ros2_ws/install/wall_follower/lib/wall_follower
[2.085s] writing list of installed files to '/home/user/ros2_ws/build/wall_follower/install.log'
[2.161s] Invoked command in '/home/user/ros2_ws/src/wall_follower' returned '0': PYTHONPATH=/home/user/ros2_ws/install/wall_follower/lib/python3.8/site-packages:${PYTHONPATH} _=/usr/bin/env /usr/bin/python3 setup.py egg_info --egg-base ../../build/wall_follower build --build-base /home/user/ros2_ws/build/wall_follower/build install --prefix /home/user/ros2_ws/install/wall_follower --record /home/user/ros2_ws/build/wall_follower/install.log --single-version-externally-managed
