[0.868s] Invoking command in '/home/user/ros2_ws/src/wall_follower': PYTHONPATH=/home/user/ros2_ws/install/wall_follower/lib/python3.8/site-packages:${PYTHONPATH} _=/usr/bin/env /usr/bin/python3 setup.py egg_info --egg-base ../../build/wall_follower build --build-base /home/user/ros2_ws/build/wall_follower/build install --prefix /home/user/ros2_ws/install/wall_follower --record /home/user/ros2_ws/build/wall_follower/install.log --single-version-externally-managed
[1.718s] running egg_info
[1.720s] writing ../../build/wall_follower/wall_follower.egg-info/PKG-INFO
[1.721s] writing dependency_links to ../../build/wall_follower/wall_follower.egg-info/dependency_links.txt
[1.721s] writing entry points to ../../build/wall_follower/wall_follower.egg-info/entry_points.txt
[1.722s] writing requirements to ../../build/wall_follower/wall_follower.egg-info/requires.txt
[1.722s] writing top-level names to ../../build/wall_follower/wall_follower.egg-info/top_level.txt
[1.913s] reading manifest file '../../build/wall_follower/wall_follower.egg-info/SOURCES.txt'
[1.931s] writing manifest file '../../build/wall_follower/wall_follower.egg-info/SOURCES.txt'
[1.931s] running build
[1.931s] running build_py
[1.931s] copying wall_follower/laserScan_test.py -> /home/user/ros2_ws/build/wall_follower/build/lib/wall_follower
[1.932s] running install
[1.934s] running install_lib
[1.936s] copying /home/user/ros2_ws/build/wall_follower/build/lib/wall_follower/laserScan_test.py -> /home/user/ros2_ws/install/wall_follower/lib/python3.8/site-packages/wall_follower
[1.938s] byte-compiling /home/user/ros2_ws/install/wall_follower/lib/python3.8/site-packages/wall_follower/laserScan_test.py to laserScan_test.cpython-38.pyc
[1.939s] running install_data
[1.940s] running install_egg_info
[1.943s] removing '/home/user/ros2_ws/install/wall_follower/lib/python3.8/site-packages/wall_follower-0.0.0-py3.8.egg-info' (and everything under it)
[1.943s] Copying ../../build/wall_follower/wall_follower.egg-info to /home/user/ros2_ws/install/wall_follower/lib/python3.8/site-packages/wall_follower-0.0.0-py3.8.egg-info
[1.955s] running install_scripts
[1.977s] Installing laserScan_test_executable script to /home/user/ros2_ws/install/wall_follower/lib/wall_follower
[1.977s] Installing wall_follower_executable script to /home/user/ros2_ws/install/wall_follower/lib/wall_follower
[1.995s] writing list of installed files to '/home/user/ros2_ws/build/wall_follower/install.log'
[2.104s] Invoked command in '/home/user/ros2_ws/src/wall_follower' returned '0': PYTHONPATH=/home/user/ros2_ws/install/wall_follower/lib/python3.8/site-packages:${PYTHONPATH} _=/usr/bin/env /usr/bin/python3 setup.py egg_info --egg-base ../../build/wall_follower build --build-base /home/user/ros2_ws/build/wall_follower/build install --prefix /home/user/ros2_ws/install/wall_follower --record /home/user/ros2_ws/build/wall_follower/install.log --single-version-externally-managed
