[0.029s] Invoking command in '/home/user/ros2_ws/build/project_interfaces': CMAKE_PREFIX_PATH=${CMAKE_PREFIX_PATH}:/home/user/ros2_ws/install/wall_follower:/opt/ros/foxy _=/usr/bin/env /usr/bin/cmake --build /home/user/ros2_ws/build/project_interfaces -- -j8 -l8
[0.075s] -- Found ament_cmake: 0.9.9 (/opt/ros/foxy/share/ament_cmake/cmake)
[0.107s] -- Using PYTHON_EXECUTABLE: /usr/bin/python3
[0.430s] -- Found rclcpp: 2.4.0 (/opt/ros/foxy/share/rclcpp/cmake)
[0.495s] -- Using all available rosidl_typesupport_c: rosidl_typesupport_fastrtps_c;rosidl_typesupport_introspection_c
[0.501s] -- Found rosidl_adapter: 1.2.1 (/opt/ros/foxy/share/rosidl_adapter/cmake)
[0.768s] -- Using all available rosidl_typesupport_cpp: rosidl_typesupport_fastrtps_cpp;rosidl_typesupport_introspection_cpp
[0.841s] -- Found rmw_implementation_cmake: 1.0.3 (/opt/ros/foxy/share/rmw_implementation_cmake/cmake)
[0.844s] -- Using RMW implementation 'rmw_fastrtps_cpp' as default
[1.108s] -- Found geometry_msgs: 2.0.4 (/opt/ros/foxy/share/geometry_msgs/cmake)
[1.159s] -- Found rosidl_default_generators: 1.0.1 (/opt/ros/foxy/share/rosidl_default_generators/cmake)
[1.174s] CMake Error at /opt/ros/foxy/share/rosidl_cmake/cmake/rosidl_generate_interfaces.cmake:93 (message):
[1.174s]   rosidl_generate_interfaces() the passed file 'action/OdomRecord' doesn't
[1.174s]   exist relative to the CMAKE_CURRENT_SOURCE_DIR
[1.175s]   '/home/user/ros2_ws/src/project_interfaces'
[1.175s] Call Stack (most recent call first):
[1.175s]   CMakeLists.txt:24 (rosidl_generate_interfaces)
[1.175s] 
[1.175s] 
[1.177s] -- Configuring incomplete, errors occurred!
[1.177s] See also "/home/user/ros2_ws/build/project_interfaces/CMakeFiles/CMakeOutput.log".
[1.177s] See also "/home/user/ros2_ws/build/project_interfaces/CMakeFiles/CMakeError.log".
[1.186s] make: *** [Makefile:748: cmake_check_build_system] Error 1
[1.189s] Invoked command in '/home/user/ros2_ws/build/project_interfaces' returned '2': CMAKE_PREFIX_PATH=${CMAKE_PREFIX_PATH}:/home/user/ros2_ws/install/wall_follower:/opt/ros/foxy _=/usr/bin/env /usr/bin/cmake --build /home/user/ros2_ws/build/project_interfaces -- -j8 -l8
