[0.971s] Invoking command in '/home/user/ros2_ws/src/wall_follower': PYTHONPATH=/home/user/ros2_ws/install/wall_follower/lib/python3.8/site-packages:${PYTHONPATH} _=/usr/bin/env /usr/bin/python3 setup.py egg_info --egg-base ../../build/wall_follower build --build-base /home/user/ros2_ws/build/wall_follower/build install --prefix /home/user/ros2_ws/install/wall_follower --record /home/user/ros2_ws/build/wall_follower/install.log --single-version-externally-managed
[1.774s] running egg_info
[1.774s] writing ../../build/wall_follower/wall_follower.egg-info/PKG-INFO
[1.776s] writing dependency_links to ../../build/wall_follower/wall_follower.egg-info/dependency_links.txt
[1.776s] writing entry points to ../../build/wall_follower/wall_follower.egg-info/entry_points.txt
[1.777s] writing requirements to ../../build/wall_follower/wall_follower.egg-info/requires.txt
[1.777s] writing top-level names to ../../build/wall_follower/wall_follower.egg-info/top_level.txt
[1.949s] reading manifest file '../../build/wall_follower/wall_follower.egg-info/SOURCES.txt'
[1.950s] writing manifest file '../../build/wall_follower/wall_follower.egg-info/SOURCES.txt'
[1.950s] running build
[1.950s] running build_py
[1.951s] copying wall_follower/wall_finder_2.py -> /home/user/ros2_ws/build/wall_follower/build/lib/wall_follower
[1.951s] running install
[1.952s] running install_lib
[1.954s] copying /home/user/ros2_ws/build/wall_follower/build/lib/wall_follower/wall_finder_2.py -> /home/user/ros2_ws/install/wall_follower/lib/python3.8/site-packages/wall_follower
[1.954s] byte-compiling /home/user/ros2_ws/install/wall_follower/lib/python3.8/site-packages/wall_follower/wall_finder_2.py to wall_finder_2.cpython-38.pyc
[1.955s] running install_data
[1.956s] running install_egg_info
[1.958s] removing '/home/user/ros2_ws/install/wall_follower/lib/python3.8/site-packages/wall_follower-0.0.0-py3.8.egg-info' (and everything under it)
[1.959s] Copying ../../build/wall_follower/wall_follower.egg-info to /home/user/ros2_ws/install/wall_follower/lib/python3.8/site-packages/wall_follower-0.0.0-py3.8.egg-info
[1.960s] running install_scripts
[1.983s] Installing laserScan_test_executable script to /home/user/ros2_ws/install/wall_follower/lib/wall_follower
[1.984s] Installing server_client_executable script to /home/user/ros2_ws/install/wall_follower/lib/wall_follower
[1.985s] Installing wall_finder_executable script to /home/user/ros2_ws/install/wall_follower/lib/wall_follower
[1.986s] Installing wall_finder_executable_2 script to /home/user/ros2_ws/install/wall_follower/lib/wall_follower
[1.986s] Installing wall_follower_executable script to /home/user/ros2_ws/install/wall_follower/lib/wall_follower
[1.986s] writing list of installed files to '/home/user/ros2_ws/build/wall_follower/install.log'
[2.056s] Invoked command in '/home/user/ros2_ws/src/wall_follower' returned '0': PYTHONPATH=/home/user/ros2_ws/install/wall_follower/lib/python3.8/site-packages:${PYTHONPATH} _=/usr/bin/env /usr/bin/python3 setup.py egg_info --egg-base ../../build/wall_follower build --build-base /home/user/ros2_ws/build/wall_follower/build install --prefix /home/user/ros2_ws/install/wall_follower --record /home/user/ros2_ws/build/wall_follower/install.log --single-version-externally-managed
