[1.174s] Invoking command in '/home/user/ros2_ws/src/wall_follower': PYTHONPATH=/home/user/ros2_ws/install/wall_follower/lib/python3.8/site-packages:${PYTHONPATH} _=/usr/bin/env /usr/bin/python3 setup.py egg_info --egg-base ../../build/wall_follower build --build-base /home/user/ros2_ws/build/wall_follower/build install --prefix /home/user/ros2_ws/install/wall_follower --record /home/user/ros2_ws/build/wall_follower/install.log --single-version-externally-managed
[2.123s] running egg_info
[2.123s] writing ../../build/wall_follower/wall_follower.egg-info/PKG-INFO
[2.124s] writing dependency_links to ../../build/wall_follower/wall_follower.egg-info/dependency_links.txt
[2.124s] writing entry points to ../../build/wall_follower/wall_follower.egg-info/entry_points.txt
[2.125s] writing requirements to ../../build/wall_follower/wall_follower.egg-info/requires.txt
[2.125s] writing top-level names to ../../build/wall_follower/wall_follower.egg-info/top_level.txt
[2.199s] reading manifest file '../../build/wall_follower/wall_follower.egg-info/SOURCES.txt'
[2.200s] writing manifest file '../../build/wall_follower/wall_follower.egg-info/SOURCES.txt'
[2.201s] running build
[2.201s] running build_py
[2.201s] copying wall_follower/wall_following.py -> /home/user/ros2_ws/build/wall_follower/build/lib/wall_follower
[2.220s] running install
[2.221s] running install_lib
[2.232s] copying /home/user/ros2_ws/build/wall_follower/build/lib/wall_follower/wall_following.py -> /home/user/ros2_ws/install/wall_follower/lib/python3.8/site-packages/wall_follower
[2.233s] byte-compiling /home/user/ros2_ws/install/wall_follower/lib/python3.8/site-packages/wall_follower/wall_following.py to wall_following.cpython-38.pyc
[2.252s] running install_data
[2.252s] running install_egg_info
[2.253s] removing '/home/user/ros2_ws/install/wall_follower/lib/python3.8/site-packages/wall_follower-0.0.0-py3.8.egg-info' (and everything under it)
[2.254s] Copying ../../build/wall_follower/wall_follower.egg-info to /home/user/ros2_ws/install/wall_follower/lib/python3.8/site-packages/wall_follower-0.0.0-py3.8.egg-info
[2.257s] running install_scripts
[2.352s] Installing laserScan_test_executable script to /home/user/ros2_ws/install/wall_follower/lib/wall_follower
[2.352s] Installing wall_follower_executable script to /home/user/ros2_ws/install/wall_follower/lib/wall_follower
[2.352s] writing list of installed files to '/home/user/ros2_ws/build/wall_follower/install.log'
[2.400s] Invoked command in '/home/user/ros2_ws/src/wall_follower' returned '0': PYTHONPATH=/home/user/ros2_ws/install/wall_follower/lib/python3.8/site-packages:${PYTHONPATH} _=/usr/bin/env /usr/bin/python3 setup.py egg_info --egg-base ../../build/wall_follower build --build-base /home/user/ros2_ws/build/wall_follower/build install --prefix /home/user/ros2_ws/install/wall_follower --record /home/user/ros2_ws/build/wall_follower/install.log --single-version-externally-managed
