[0.491s] Invoking command in '/home/user/ros2_ws/src/wall_follower': PYTHONPATH=/home/user/ros2_ws/install/wall_follower/lib/python3.8/site-packages:${PYTHONPATH} _=/usr/bin/env /usr/bin/python3 setup.py egg_info --egg-base ../../build/wall_follower build --build-base /home/user/ros2_ws/build/wall_follower/build install --prefix /home/user/ros2_ws/install/wall_follower --record /home/user/ros2_ws/build/wall_follower/install.log --single-version-externally-managed
[0.901s] running egg_info
[0.902s] writing ../../build/wall_follower/wall_follower.egg-info/PKG-INFO
[0.902s] writing dependency_links to ../../build/wall_follower/wall_follower.egg-info/dependency_links.txt
[0.902s] writing entry points to ../../build/wall_follower/wall_follower.egg-info/entry_points.txt
[0.902s] writing requirements to ../../build/wall_follower/wall_follower.egg-info/requires.txt
[0.902s] writing top-level names to ../../build/wall_follower/wall_follower.egg-info/top_level.txt
[0.954s] reading manifest file '../../build/wall_follower/wall_follower.egg-info/SOURCES.txt'
[0.956s] writing manifest file '../../build/wall_follower/wall_follower.egg-info/SOURCES.txt'
[0.956s] running build
[0.956s] running build_py
[0.957s] copying wall_follower/laserScan_test.py -> /home/user/ros2_ws/build/wall_follower/build/lib/wall_follower
[0.957s] copying wall_follower/wall_finder.py -> /home/user/ros2_ws/build/wall_follower/build/lib/wall_follower
[0.958s] running install
[0.959s] running install_lib
[0.961s] copying /home/user/ros2_ws/build/wall_follower/build/lib/wall_follower/laserScan_test.py -> /home/user/ros2_ws/install/wall_follower/lib/python3.8/site-packages/wall_follower
[0.961s] copying /home/user/ros2_ws/build/wall_follower/build/lib/wall_follower/wall_finder.py -> /home/user/ros2_ws/install/wall_follower/lib/python3.8/site-packages/wall_follower
[0.962s] byte-compiling /home/user/ros2_ws/install/wall_follower/lib/python3.8/site-packages/wall_follower/laserScan_test.py to laserScan_test.cpython-38.pyc
[0.963s] byte-compiling /home/user/ros2_ws/install/wall_follower/lib/python3.8/site-packages/wall_follower/wall_finder.py to wall_finder.cpython-38.pyc
[0.965s] running install_data
[0.965s] running install_egg_info
[0.968s] removing '/home/user/ros2_ws/install/wall_follower/lib/python3.8/site-packages/wall_follower-0.0.0-py3.8.egg-info' (and everything under it)
[0.969s] Copying ../../build/wall_follower/wall_follower.egg-info to /home/user/ros2_ws/install/wall_follower/lib/python3.8/site-packages/wall_follower-0.0.0-py3.8.egg-info
[0.971s] running install_scripts
[0.999s] Installing laserScan_test_executable script to /home/user/ros2_ws/install/wall_follower/lib/wall_follower
[1.000s] Installing odom_recorder_executable script to /home/user/ros2_ws/install/wall_follower/lib/wall_follower
[1.001s] Installing server_client_executable script to /home/user/ros2_ws/install/wall_follower/lib/wall_follower
[1.002s] Installing wall_finder_executable script to /home/user/ros2_ws/install/wall_follower/lib/wall_follower
[1.002s] Installing wall_finder_executable_2 script to /home/user/ros2_ws/install/wall_follower/lib/wall_follower
[1.003s] Installing wall_follower_executable script to /home/user/ros2_ws/install/wall_follower/lib/wall_follower
[1.004s] writing list of installed files to '/home/user/ros2_ws/build/wall_follower/install.log'
[1.042s] Invoked command in '/home/user/ros2_ws/src/wall_follower' returned '0': PYTHONPATH=/home/user/ros2_ws/install/wall_follower/lib/python3.8/site-packages:${PYTHONPATH} _=/usr/bin/env /usr/bin/python3 setup.py egg_info --egg-base ../../build/wall_follower build --build-base /home/user/ros2_ws/build/wall_follower/build install --prefix /home/user/ros2_ws/install/wall_follower --record /home/user/ros2_ws/build/wall_follower/install.log --single-version-externally-managed
