[0.976s] Invoking command in '/home/user/ros2_ws/src/wall_follower': PYTHONPATH=/home/user/ros2_ws/install/wall_follower/lib/python3.8/site-packages:${PYTHONPATH} _=/usr/bin/env /usr/bin/python3 setup.py egg_info --egg-base ../../build/wall_follower build --build-base /home/user/ros2_ws/build/wall_follower/build install --prefix /home/user/ros2_ws/install/wall_follower --record /home/user/ros2_ws/build/wall_follower/install.log --single-version-externally-managed
[1.854s] running egg_info
[1.876s] writing ../../build/wall_follower/wall_follower.egg-info/PKG-INFO
[1.876s] writing dependency_links to ../../build/wall_follower/wall_follower.egg-info/dependency_links.txt
[1.876s] writing entry points to ../../build/wall_follower/wall_follower.egg-info/entry_points.txt
[1.876s] writing requirements to ../../build/wall_follower/wall_follower.egg-info/requires.txt
[1.876s] writing top-level names to ../../build/wall_follower/wall_follower.egg-info/top_level.txt
[1.971s] reading manifest file '../../build/wall_follower/wall_follower.egg-info/SOURCES.txt'
[1.974s] writing manifest file '../../build/wall_follower/wall_follower.egg-info/SOURCES.txt'
[1.974s] running build
[1.974s] running build_py
[1.975s] copying wall_follower/odom_recorder.py -> /home/user/ros2_ws/build/wall_follower/build/lib/wall_follower
[1.977s] running install
[1.979s] running install_lib
[1.986s] copying /home/user/ros2_ws/build/wall_follower/build/lib/wall_follower/odom_recorder.py -> /home/user/ros2_ws/install/wall_follower/lib/python3.8/site-packages/wall_follower
[1.990s] byte-compiling /home/user/ros2_ws/install/wall_follower/lib/python3.8/site-packages/wall_follower/odom_recorder.py to odom_recorder.cpython-38.pyc
[1.992s] running install_data
[1.995s] running install_egg_info
[2.004s] removing '/home/user/ros2_ws/install/wall_follower/lib/python3.8/site-packages/wall_follower-0.0.0-py3.8.egg-info' (and everything under it)
[2.005s] Copying ../../build/wall_follower/wall_follower.egg-info to /home/user/ros2_ws/install/wall_follower/lib/python3.8/site-packages/wall_follower-0.0.0-py3.8.egg-info
[2.007s] running install_scripts
[2.108s] Installing laserScan_test_executable script to /home/user/ros2_ws/install/wall_follower/lib/wall_follower
[2.108s] Installing odom_recorder_executable script to /home/user/ros2_ws/install/wall_follower/lib/wall_follower
[2.108s] Installing server_client_executable script to /home/user/ros2_ws/install/wall_follower/lib/wall_follower
[2.108s] Installing wall_finder_executable script to /home/user/ros2_ws/install/wall_follower/lib/wall_follower
[2.109s] Installing wall_finder_executable_2 script to /home/user/ros2_ws/install/wall_follower/lib/wall_follower
[2.109s] Installing wall_follower_executable script to /home/user/ros2_ws/install/wall_follower/lib/wall_follower
[2.109s] writing list of installed files to '/home/user/ros2_ws/build/wall_follower/install.log'
[2.206s] Invoked command in '/home/user/ros2_ws/src/wall_follower' returned '0': PYTHONPATH=/home/user/ros2_ws/install/wall_follower/lib/python3.8/site-packages:${PYTHONPATH} _=/usr/bin/env /usr/bin/python3 setup.py egg_info --egg-base ../../build/wall_follower build --build-base /home/user/ros2_ws/build/wall_follower/build install --prefix /home/user/ros2_ws/install/wall_follower --record /home/user/ros2_ws/build/wall_follower/install.log --single-version-externally-managed
