[0.030s] Invoking command in '/home/user/ros2_ws/build/project_msgs': CMAKE_PREFIX_PATH=${CMAKE_PREFIX_PATH}:/home/user/ros2_ws/install/wall_follower:/home/user/ros2_ws/install/logs_test:/home/user/ros2_ws/install/actions_quiz:/opt/ros/foxy _=/usr/bin/env /usr/bin/cmake /home/user/ros2_ws/src/project_msgs -DCMAKE_INSTALL_PREFIX=/home/user/ros2_ws/install/project_msgs
[0.253s] -- Found ament_cmake: 0.9.9 (/opt/ros/foxy/share/ament_cmake/cmake)
[0.303s] -- Found PythonInterp: /usr/bin/python3 (found suitable version "3.8.10", minimum required is "3") 
[0.303s] -- Using PYTHON_EXECUTABLE: /usr/bin/python3
[0.685s] -- Found rclcpp: 2.4.0 (/opt/ros/foxy/share/rclcpp/cmake)
[0.794s] -- Using all available rosidl_typesupport_c: rosidl_typesupport_fastrtps_c;rosidl_typesupport_introspection_c
[0.805s] -- Found rosidl_adapter: 1.2.1 (/opt/ros/foxy/share/rosidl_adapter/cmake)
[1.121s] -- Using all available rosidl_typesupport_cpp: rosidl_typesupport_fastrtps_cpp;rosidl_typesupport_introspection_cpp
[1.251s] -- Found rmw_implementation_cmake: 1.0.3 (/opt/ros/foxy/share/rmw_implementation_cmake/cmake)
[1.256s] -- Using RMW implementation 'rmw_fastrtps_cpp' as default
[1.533s] -- Found rosidl_default_generators: 1.0.1 (/opt/ros/foxy/share/rosidl_default_generators/cmake)
[1.564s] -- Found ament_lint_auto: 0.9.6 (/opt/ros/foxy/share/ament_lint_auto/cmake)
[1.705s] -- Found PythonInterp: /usr/bin/python3 (found version "3.8.10") 
[2.054s] CMake Error at /opt/ros/foxy/share/rosidl_adapter/cmake/rosidl_adapt_interfaces.cmake:60 (message):
[2.054s]   execute_process(/usr/bin/python3 -m rosidl_adapter --package-name
[2.054s]   project_msgs --arguments-file
[2.055s]   /home/user/ros2_ws/build/project_msgs/rosidl_adapter__arguments__project_msgs.json
[2.055s]   --output-dir
[2.055s]   /home/user/ros2_ws/build/project_msgs/rosidl_adapter/project_msgs
[2.055s]   --output-file
[2.055s]   /home/user/ros2_ws/build/project_msgs/rosidl_adapter/project_msgs.idls)
[2.055s]   returned error code 1:
[2.055s] 
[2.055s]   Error with: project_msgs FindWall_Request FindWall.srv
[2.055s] 
[2.056s]   Traceback (most recent call last):
[2.056s] 
[2.056s]     File "/usr/lib/python3.8/runpy.py", line 194, in _run_module_as_main
[2.056s]       return _run_code(code, main_globals, None,
[2.056s]     File "/usr/lib/python3.8/runpy.py", line 87, in _run_code
[2.056s]       exec(code, run_globals)
[2.056s]     File "/opt/ros/foxy/lib/python3.8/site-packages/rosidl_adapter/__main__.py", line 19, in <module>
[2.057s]       sys.exit(main())
[2.057s]     File "/opt/ros/foxy/lib/python3.8/site-packages/rosidl_adapter/main.py", line 53, in main
[2.057s]       abs_idl_file = convert_to_idl(
[2.057s]     File "/opt/ros/foxy/lib/python3.8/site-packages/rosidl_adapter/__init__.py", line 24, in convert_to_idl
[2.057s]       return convert_srv_to_idl(
[2.057s]     File "/opt/ros/foxy/lib/python3.8/site-packages/rosidl_adapter/srv/__init__.py", line 28, in convert_srv_to_idl
[2.057s]       srv = parse_service_string(package_name, input_file.stem, content)
[2.058s]     File "/opt/ros/foxy/lib/python3.8/site-packages/rosidl_adapter/parser.py", line 852, in parse_service_string
[2.058s]       request_message = parse_message_string(
[2.058s]     File "/opt/ros/foxy/lib/python3.8/site-packages/rosidl_adapter/parser.py", line 506, in parse_message_string
[2.058s]       raise InvalidFieldDefinition(line)
[2.058s] 
[2.058s]   rosidl_adapter.parser.InvalidFieldDefinition: FindWall.srv
[2.058s] 
[2.058s] Call Stack (most recent call first):
[2.058s]   /opt/ros/foxy/share/rosidl_cmake/cmake/rosidl_generate_interfaces.cmake:130 (rosidl_adapt_interfaces)
[2.059s]   CMakeLists.txt:33 (rosidl_generate_interfaces)
[2.059s] 
[2.059s] 
[2.059s] -- Configuring incomplete, errors occurred!
[2.059s] See also "/home/user/ros2_ws/build/project_msgs/CMakeFiles/CMakeOutput.log".
[2.059s] See also "/home/user/ros2_ws/build/project_msgs/CMakeFiles/CMakeError.log".
[2.084s] Invoked command in '/home/user/ros2_ws/build/project_msgs' returned '1': CMAKE_PREFIX_PATH=${CMAKE_PREFIX_PATH}:/home/user/ros2_ws/install/wall_follower:/home/user/ros2_ws/install/logs_test:/home/user/ros2_ws/install/actions_quiz:/opt/ros/foxy _=/usr/bin/env /usr/bin/cmake /home/user/ros2_ws/src/project_msgs -DCMAKE_INSTALL_PREFIX=/home/user/ros2_ws/install/project_msgs
