[0.977s] Invoking command in '/home/user/ros2_ws/src/wall_follower': PYTHONPATH=/home/user/ros2_ws/install/wall_follower/lib/python3.8/site-packages:${PYTHONPATH} _=/usr/bin/env /usr/bin/python3 setup.py egg_info --egg-base ../../build/wall_follower build --build-base /home/user/ros2_ws/build/wall_follower/build install --prefix /home/user/ros2_ws/install/wall_follower --record /home/user/ros2_ws/build/wall_follower/install.log --single-version-externally-managed
[1.866s] running egg_info
[1.867s] writing ../../build/wall_follower/wall_follower.egg-info/PKG-INFO
[1.868s] writing dependency_links to ../../build/wall_follower/wall_follower.egg-info/dependency_links.txt
[1.868s] writing entry points to ../../build/wall_follower/wall_follower.egg-info/entry_points.txt
[1.868s] writing requirements to ../../build/wall_follower/wall_follower.egg-info/requires.txt
[1.869s] writing top-level names to ../../build/wall_follower/wall_follower.egg-info/top_level.txt
[1.915s] reading manifest file '../../build/wall_follower/wall_follower.egg-info/SOURCES.txt'
[1.965s] writing manifest file '../../build/wall_follower/wall_follower.egg-info/SOURCES.txt'
[1.965s] running build
[1.965s] running build_py
[1.965s] copying wall_follower/service_client.py -> /home/user/ros2_ws/build/wall_follower/build/lib/wall_follower
[1.965s] running install
[1.967s] running install_lib
[1.967s] copying /home/user/ros2_ws/build/wall_follower/build/lib/wall_follower/service_client.py -> /home/user/ros2_ws/install/wall_follower/lib/python3.8/site-packages/wall_follower
[1.967s] byte-compiling /home/user/ros2_ws/install/wall_follower/lib/python3.8/site-packages/wall_follower/service_client.py to service_client.cpython-38.pyc
[1.967s] running install_data
[1.967s]   File "/home/user/ros2_ws/install/wall_follower/lib/python3.8/site-packages/wall_follower/service_client.py", line 45
[1.967s]     result_cleaned = [{'x' = p.x, 'y' = p.y, 'theta' = p.z} for p in result]
[1.967s]                            ^
[1.968s] SyntaxError: invalid syntax
[1.968s] 
[1.968s] running install_egg_info
[1.969s] removing '/home/user/ros2_ws/install/wall_follower/lib/python3.8/site-packages/wall_follower-0.0.0-py3.8.egg-info' (and everything under it)
[1.970s] Copying ../../build/wall_follower/wall_follower.egg-info to /home/user/ros2_ws/install/wall_follower/lib/python3.8/site-packages/wall_follower-0.0.0-py3.8.egg-info
[1.971s] running install_scripts
[1.993s] Installing laserScan_test_executable script to /home/user/ros2_ws/install/wall_follower/lib/wall_follower
[1.993s] Installing odom_recorder_executable script to /home/user/ros2_ws/install/wall_follower/lib/wall_follower
[1.993s] Installing server_client_executable script to /home/user/ros2_ws/install/wall_follower/lib/wall_follower
[1.993s] Installing wall_finder_executable script to /home/user/ros2_ws/install/wall_follower/lib/wall_follower
[1.993s] Installing wall_finder_executable_2 script to /home/user/ros2_ws/install/wall_follower/lib/wall_follower
[1.993s] Installing wall_follower_executable script to /home/user/ros2_ws/install/wall_follower/lib/wall_follower
[1.994s] writing list of installed files to '/home/user/ros2_ws/build/wall_follower/install.log'
[2.075s] Invoked command in '/home/user/ros2_ws/src/wall_follower' returned '0': PYTHONPATH=/home/user/ros2_ws/install/wall_follower/lib/python3.8/site-packages:${PYTHONPATH} _=/usr/bin/env /usr/bin/python3 setup.py egg_info --egg-base ../../build/wall_follower build --build-base /home/user/ros2_ws/build/wall_follower/build install --prefix /home/user/ros2_ws/install/wall_follower --record /home/user/ros2_ws/build/wall_follower/install.log --single-version-externally-managed
