[0.016s] Invoking command in '/home/user/ros2_ws/build/project_msgs': CMAKE_PREFIX_PATH=${CMAKE_PREFIX_PATH}:/home/user/ros2_ws/install/wall_follower:/opt/ros/foxy _=/usr/bin/env /usr/bin/cmake /home/user/ros2_ws/src/project_msgs -DCMAKE_INSTALL_PREFIX=/home/user/ros2_ws/install/project_msgs
[0.035s] -- Found ament_cmake: 0.9.9 (/opt/ros/foxy/share/ament_cmake/cmake)
[0.061s] -- Found PythonInterp: /usr/bin/python3 (found suitable version "3.8.10", minimum required is "3") 
[0.061s] -- Using PYTHON_EXECUTABLE: /usr/bin/python3
[0.307s] -- Found rclcpp: 2.4.0 (/opt/ros/foxy/share/rclcpp/cmake)
[0.354s] -- Using all available rosidl_typesupport_c: rosidl_typesupport_fastrtps_c;rosidl_typesupport_introspection_c
[0.358s] -- Found rosidl_adapter: 1.2.1 (/opt/ros/foxy/share/rosidl_adapter/cmake)
[0.564s] -- Using all available rosidl_typesupport_cpp: rosidl_typesupport_fastrtps_cpp;rosidl_typesupport_introspection_cpp
[0.628s] -- Found rmw_implementation_cmake: 1.0.3 (/opt/ros/foxy/share/rmw_implementation_cmake/cmake)
[0.630s] -- Using RMW implementation 'rmw_fastrtps_cpp' as default
[0.823s] -- Found ament_lint_auto: 0.9.6 (/opt/ros/foxy/share/ament_lint_auto/cmake)
[0.926s] -- Found PythonInterp: /usr/bin/python3 (found version "3.8.10") 
[1.086s] CMake Error at /opt/ros/foxy/share/rosidl_adapter/cmake/rosidl_adapt_interfaces.cmake:60 (message):
[1.086s]   execute_process(/usr/bin/python3 -m rosidl_adapter --package-name
[1.086s]   project_msgs --arguments-file
[1.086s]   /home/user/ros2_ws/build/project_msgs/rosidl_adapter__arguments__project_msgs.json
[1.086s]   --output-dir
[1.086s]   /home/user/ros2_ws/build/project_msgs/rosidl_adapter/project_msgs
[1.086s]   --output-file
[1.086s]   /home/user/ros2_ws/build/project_msgs/rosidl_adapter/project_msgs.idls)
[1.086s]   returned error code 1:
[1.087s] 
[1.087s]   Error with: project_msgs FindWall_Request FindWall.srv
[1.087s] 
[1.087s]   Traceback (most recent call last):
[1.087s] 
[1.087s]     File "/usr/lib/python3.8/runpy.py", line 194, in _run_module_as_main
[1.087s]       return _run_code(code, main_globals, None,
[1.087s]     File "/usr/lib/python3.8/runpy.py", line 87, in _run_code
[1.087s]       exec(code, run_globals)
[1.087s]     File "/opt/ros/foxy/lib/python3.8/site-packages/rosidl_adapter/__main__.py", line 19, in <module>
[1.087s]       sys.exit(main())
[1.087s]     File "/opt/ros/foxy/lib/python3.8/site-packages/rosidl_adapter/main.py", line 53, in main
[1.087s]       abs_idl_file = convert_to_idl(
[1.087s]     File "/opt/ros/foxy/lib/python3.8/site-packages/rosidl_adapter/__init__.py", line 24, in convert_to_idl
[1.087s]       return convert_srv_to_idl(
[1.087s]     File "/opt/ros/foxy/lib/python3.8/site-packages/rosidl_adapter/srv/__init__.py", line 28, in convert_srv_to_idl
[1.088s]       srv = parse_service_string(package_name, input_file.stem, content)
[1.088s]     File "/opt/ros/foxy/lib/python3.8/site-packages/rosidl_adapter/parser.py", line 852, in parse_service_string
[1.088s]       request_message = parse_message_string(
[1.088s]     File "/opt/ros/foxy/lib/python3.8/site-packages/rosidl_adapter/parser.py", line 506, in parse_message_string
[1.088s]       raise InvalidFieldDefinition(line)
[1.088s] 
[1.088s]   rosidl_adapter.parser.InvalidFieldDefinition: FindWall.srv
[1.088s] 
[1.088s] Call Stack (most recent call first):
[1.088s]   /opt/ros/foxy/share/rosidl_cmake/cmake/rosidl_generate_interfaces.cmake:130 (rosidl_adapt_interfaces)
[1.088s]   CMakeLists.txt:32 (rosidl_generate_interfaces)
[1.088s] 
[1.088s] 
[1.089s] -- Configuring incomplete, errors occurred!
[1.089s] See also "/home/user/ros2_ws/build/project_msgs/CMakeFiles/CMakeOutput.log".
[1.089s] See also "/home/user/ros2_ws/build/project_msgs/CMakeFiles/CMakeError.log".
[1.099s] Invoked command in '/home/user/ros2_ws/build/project_msgs' returned '1': CMAKE_PREFIX_PATH=${CMAKE_PREFIX_PATH}:/home/user/ros2_ws/install/wall_follower:/opt/ros/foxy _=/usr/bin/env /usr/bin/cmake /home/user/ros2_ws/src/project_msgs -DCMAKE_INSTALL_PREFIX=/home/user/ros2_ws/install/project_msgs
