[1.036s] Invoking command in '/home/user/ros2_ws/src/wall_follower': PYTHONPATH=/home/user/ros2_ws/install/wall_follower/lib/python3.8/site-packages:${PYTHONPATH} _=/usr/bin/env /usr/bin/python3 setup.py egg_info --egg-base ../../build/wall_follower build --build-base /home/user/ros2_ws/build/wall_follower/build install --prefix /home/user/ros2_ws/install/wall_follower --record /home/user/ros2_ws/build/wall_follower/install.log --single-version-externally-managed
[1.801s] running egg_info
[1.803s] writing ../../build/wall_follower/wall_follower.egg-info/PKG-INFO
[1.804s] writing dependency_links to ../../build/wall_follower/wall_follower.egg-info/dependency_links.txt
[1.804s] writing entry points to ../../build/wall_follower/wall_follower.egg-info/entry_points.txt
[1.805s] writing requirements to ../../build/wall_follower/wall_follower.egg-info/requires.txt
[1.805s] writing top-level names to ../../build/wall_follower/wall_follower.egg-info/top_level.txt
[1.863s] reading manifest file '../../build/wall_follower/wall_follower.egg-info/SOURCES.txt'
[1.863s] writing manifest file '../../build/wall_follower/wall_follower.egg-info/SOURCES.txt'
[1.863s] running build
[1.863s] running build_py
[1.864s] copying wall_follower/wall_following.py -> /home/user/ros2_ws/build/wall_follower/build/lib/wall_follower
[1.864s] running install
[1.865s] running install_lib
[1.867s] copying /home/user/ros2_ws/build/wall_follower/build/lib/wall_follower/wall_following.py -> /home/user/ros2_ws/install/wall_follower/lib/python3.8/site-packages/wall_follower
[1.868s] byte-compiling /home/user/ros2_ws/install/wall_follower/lib/python3.8/site-packages/wall_follower/wall_following.py to wall_following.cpython-38.pyc
[1.890s] running install_data
[1.894s] running install_egg_info
[1.895s] removing '/home/user/ros2_ws/install/wall_follower/lib/python3.8/site-packages/wall_follower-0.0.0-py3.8.egg-info' (and everything under it)
[1.896s] Copying ../../build/wall_follower/wall_follower.egg-info to /home/user/ros2_ws/install/wall_follower/lib/python3.8/site-packages/wall_follower-0.0.0-py3.8.egg-info
[1.907s] running install_scripts
[2.013s] Installing laserScan_test_executable script to /home/user/ros2_ws/install/wall_follower/lib/wall_follower
[2.013s] Installing wall_follower_executable script to /home/user/ros2_ws/install/wall_follower/lib/wall_follower
[2.014s] writing list of installed files to '/home/user/ros2_ws/build/wall_follower/install.log'
[2.063s] Invoked command in '/home/user/ros2_ws/src/wall_follower' returned '0': PYTHONPATH=/home/user/ros2_ws/install/wall_follower/lib/python3.8/site-packages:${PYTHONPATH} _=/usr/bin/env /usr/bin/python3 setup.py egg_info --egg-base ../../build/wall_follower build --build-base /home/user/ros2_ws/build/wall_follower/build install --prefix /home/user/ros2_ws/install/wall_follower --record /home/user/ros2_ws/build/wall_follower/install.log --single-version-externally-managed
