[0.923s] Invoking command in '/home/user/ros2_ws/src/wall_follower': PYTHONPATH=/home/user/ros2_ws/install/wall_follower/lib/python3.8/site-packages:${PYTHONPATH} _=/usr/bin/env /usr/bin/python3 setup.py egg_info --egg-base ../../build/wall_follower build --build-base /home/user/ros2_ws/build/wall_follower/build install --prefix /home/user/ros2_ws/install/wall_follower --record /home/user/ros2_ws/build/wall_follower/install.log --single-version-externally-managed
[1.838s] running egg_info
[1.841s] writing ../../build/wall_follower/wall_follower.egg-info/PKG-INFO
[1.841s] writing dependency_links to ../../build/wall_follower/wall_follower.egg-info/dependency_links.txt
[1.841s] writing entry points to ../../build/wall_follower/wall_follower.egg-info/entry_points.txt
[1.843s] writing requirements to ../../build/wall_follower/wall_follower.egg-info/requires.txt
[1.843s] writing top-level names to ../../build/wall_follower/wall_follower.egg-info/top_level.txt
[1.935s] reading manifest file '../../build/wall_follower/wall_follower.egg-info/SOURCES.txt'
[1.937s] writing manifest file '../../build/wall_follower/wall_follower.egg-info/SOURCES.txt'
[1.937s] running build
[1.937s] running build_py
[1.937s] copying wall_follower/laserScan_test.py -> /home/user/ros2_ws/build/wall_follower/build/lib/wall_follower
[1.938s] running install
[1.939s] running install_lib
[1.941s] copying /home/user/ros2_ws/build/wall_follower/build/lib/wall_follower/laserScan_test.py -> /home/user/ros2_ws/install/wall_follower/lib/python3.8/site-packages/wall_follower
[1.941s] byte-compiling /home/user/ros2_ws/install/wall_follower/lib/python3.8/site-packages/wall_follower/laserScan_test.py to laserScan_test.cpython-38.pyc
[1.948s] running install_data
[1.948s] running install_egg_info
[1.949s] removing '/home/user/ros2_ws/install/wall_follower/lib/python3.8/site-packages/wall_follower-0.0.0-py3.8.egg-info' (and everything under it)
[1.949s] Copying ../../build/wall_follower/wall_follower.egg-info to /home/user/ros2_ws/install/wall_follower/lib/python3.8/site-packages/wall_follower-0.0.0-py3.8.egg-info
[1.949s] running install_scripts
[1.977s] Installing laserScan_test_executable script to /home/user/ros2_ws/install/wall_follower/lib/wall_follower
[1.977s] Installing wall_follower_executable script to /home/user/ros2_ws/install/wall_follower/lib/wall_follower
[1.977s] writing list of installed files to '/home/user/ros2_ws/build/wall_follower/install.log'
[2.044s] Invoked command in '/home/user/ros2_ws/src/wall_follower' returned '0': PYTHONPATH=/home/user/ros2_ws/install/wall_follower/lib/python3.8/site-packages:${PYTHONPATH} _=/usr/bin/env /usr/bin/python3 setup.py egg_info --egg-base ../../build/wall_follower build --build-base /home/user/ros2_ws/build/wall_follower/build install --prefix /home/user/ros2_ws/install/wall_follower --record /home/user/ros2_ws/build/wall_follower/install.log --single-version-externally-managed
