[1.003s] Invoking command in '/home/user/ros2_ws/src/wall_follower': PYTHONPATH=/home/user/ros2_ws/install/wall_follower/lib/python3.8/site-packages:${PYTHONPATH} _=/usr/bin/env /usr/bin/python3 setup.py egg_info --egg-base ../../build/wall_follower build --build-base /home/user/ros2_ws/build/wall_follower/build install --prefix /home/user/ros2_ws/install/wall_follower --record /home/user/ros2_ws/build/wall_follower/install.log --single-version-externally-managed
[1.822s] running egg_info
[1.823s] writing ../../build/wall_follower/wall_follower.egg-info/PKG-INFO
[1.823s] writing dependency_links to ../../build/wall_follower/wall_follower.egg-info/dependency_links.txt
[1.823s] writing entry points to ../../build/wall_follower/wall_follower.egg-info/entry_points.txt
[1.823s] writing requirements to ../../build/wall_follower/wall_follower.egg-info/requires.txt
[1.823s] writing top-level names to ../../build/wall_follower/wall_follower.egg-info/top_level.txt
[1.932s] reading manifest file '../../build/wall_follower/wall_follower.egg-info/SOURCES.txt'
[1.933s] writing manifest file '../../build/wall_follower/wall_follower.egg-info/SOURCES.txt'
[1.933s] running build
[1.933s] running build_py
[1.933s] running install
[1.934s] running install_lib
[1.936s] running install_data
[1.936s] running install_egg_info
[1.938s] removing '/home/user/ros2_ws/install/wall_follower/lib/python3.8/site-packages/wall_follower-0.0.0-py3.8.egg-info' (and everything under it)
[1.939s] Copying ../../build/wall_follower/wall_follower.egg-info to /home/user/ros2_ws/install/wall_follower/lib/python3.8/site-packages/wall_follower-0.0.0-py3.8.egg-info
[1.939s] running install_scripts
[2.014s] Installing laserScan_test_executable script to /home/user/ros2_ws/install/wall_follower/lib/wall_follower
[2.014s] Installing odom_recorder_executable script to /home/user/ros2_ws/install/wall_follower/lib/wall_follower
[2.014s] Installing server_client_executable script to /home/user/ros2_ws/install/wall_follower/lib/wall_follower
[2.015s] Installing wall_finder_executable script to /home/user/ros2_ws/install/wall_follower/lib/wall_follower
[2.015s] Installing wall_finder_executable_2 script to /home/user/ros2_ws/install/wall_follower/lib/wall_follower
[2.015s] Installing wall_follower_executable script to /home/user/ros2_ws/install/wall_follower/lib/wall_follower
[2.016s] writing list of installed files to '/home/user/ros2_ws/build/wall_follower/install.log'
[2.117s] Invoked command in '/home/user/ros2_ws/src/wall_follower' returned '0': PYTHONPATH=/home/user/ros2_ws/install/wall_follower/lib/python3.8/site-packages:${PYTHONPATH} _=/usr/bin/env /usr/bin/python3 setup.py egg_info --egg-base ../../build/wall_follower build --build-base /home/user/ros2_ws/build/wall_follower/build install --prefix /home/user/ros2_ws/install/wall_follower --record /home/user/ros2_ws/build/wall_follower/install.log --single-version-externally-managed
