[1.051s] Invoking command in '/home/user/ros2_ws/src/wall_follower': PYTHONPATH=/home/user/ros2_ws/install/wall_follower/lib/python3.8/site-packages:${PYTHONPATH} _=/usr/bin/env /usr/bin/python3 setup.py egg_info --egg-base ../../build/wall_follower build --build-base /home/user/ros2_ws/build/wall_follower/build install --prefix /home/user/ros2_ws/install/wall_follower --record /home/user/ros2_ws/build/wall_follower/install.log --single-version-externally-managed
[2.048s] running egg_info
[2.050s] writing ../../build/wall_follower/wall_follower.egg-info/PKG-INFO
[2.051s] writing dependency_links to ../../build/wall_follower/wall_follower.egg-info/dependency_links.txt
[2.051s] writing entry points to ../../build/wall_follower/wall_follower.egg-info/entry_points.txt
[2.052s] writing requirements to ../../build/wall_follower/wall_follower.egg-info/requires.txt
[2.052s] writing top-level names to ../../build/wall_follower/wall_follower.egg-info/top_level.txt
[2.233s] reading manifest file '../../build/wall_follower/wall_follower.egg-info/SOURCES.txt'
[2.233s] writing manifest file '../../build/wall_follower/wall_follower.egg-info/SOURCES.txt'
[2.234s] running build
[2.234s] running build_py
[2.234s] copying wall_follower/wall_finder.py -> /home/user/ros2_ws/build/wall_follower/build/lib/wall_follower
[2.235s] running install
[2.235s] running install_lib
[2.235s] copying /home/user/ros2_ws/build/wall_follower/build/lib/wall_follower/wall_finder.py -> /home/user/ros2_ws/install/wall_follower/lib/python3.8/site-packages/wall_follower
[2.236s] byte-compiling /home/user/ros2_ws/install/wall_follower/lib/python3.8/site-packages/wall_follower/wall_finder.py to wall_finder.cpython-38.pyc
[2.238s] running install_data
[2.239s] running install_egg_info
[2.241s] removing '/home/user/ros2_ws/install/wall_follower/lib/python3.8/site-packages/wall_follower-0.0.0-py3.8.egg-info' (and everything under it)
[2.241s] Copying ../../build/wall_follower/wall_follower.egg-info to /home/user/ros2_ws/install/wall_follower/lib/python3.8/site-packages/wall_follower-0.0.0-py3.8.egg-info
[2.242s] running install_scripts
[2.262s] Installing laserScan_test_executable script to /home/user/ros2_ws/install/wall_follower/lib/wall_follower
[2.262s] Installing wall_finder_executable script to /home/user/ros2_ws/install/wall_follower/lib/wall_follower
[2.263s] Installing wall_follower_executable script to /home/user/ros2_ws/install/wall_follower/lib/wall_follower
[2.263s] writing list of installed files to '/home/user/ros2_ws/build/wall_follower/install.log'
[2.340s] Invoked command in '/home/user/ros2_ws/src/wall_follower' returned '0': PYTHONPATH=/home/user/ros2_ws/install/wall_follower/lib/python3.8/site-packages:${PYTHONPATH} _=/usr/bin/env /usr/bin/python3 setup.py egg_info --egg-base ../../build/wall_follower build --build-base /home/user/ros2_ws/build/wall_follower/build install --prefix /home/user/ros2_ws/install/wall_follower --record /home/user/ros2_ws/build/wall_follower/install.log --single-version-externally-managed
