[0.330s] Invoking command in '/home/user/ros2_ws/src/wall_follower': PYTHONPATH=/home/user/ros2_ws/install/wall_follower/lib/python3.8/site-packages:${PYTHONPATH} _=/usr/bin/env /usr/bin/python3 setup.py egg_info --egg-base ../../build/wall_follower build --build-base /home/user/ros2_ws/build/wall_follower/build install --prefix /home/user/ros2_ws/install/wall_follower --record /home/user/ros2_ws/build/wall_follower/install.log --single-version-externally-managed
[0.733s] running egg_info
[0.734s] writing ../../build/wall_follower/wall_follower.egg-info/PKG-INFO
[0.734s] writing dependency_links to ../../build/wall_follower/wall_follower.egg-info/dependency_links.txt
[0.734s] writing entry points to ../../build/wall_follower/wall_follower.egg-info/entry_points.txt
[0.734s] writing requirements to ../../build/wall_follower/wall_follower.egg-info/requires.txt
[0.734s] writing top-level names to ../../build/wall_follower/wall_follower.egg-info/top_level.txt
[0.935s] reading manifest file '../../build/wall_follower/wall_follower.egg-info/SOURCES.txt'
[0.936s] writing manifest file '../../build/wall_follower/wall_follower.egg-info/SOURCES.txt'
[0.936s] running build
[0.936s] running build_py
[0.936s] copying wall_follower/laserScan_test.py -> /home/user/ros2_ws/build/wall_follower/build/lib/wall_follower
[0.936s] copying wall_follower/wall_following.py -> /home/user/ros2_ws/build/wall_follower/build/lib/wall_follower
[0.937s] copying wall_follower/wall_finder.py -> /home/user/ros2_ws/build/wall_follower/build/lib/wall_follower
[0.937s] running install
[0.938s] running install_lib
[0.939s] copying /home/user/ros2_ws/build/wall_follower/build/lib/wall_follower/laserScan_test.py -> /home/user/ros2_ws/install/wall_follower/lib/python3.8/site-packages/wall_follower
[0.940s] copying /home/user/ros2_ws/build/wall_follower/build/lib/wall_follower/wall_following.py -> /home/user/ros2_ws/install/wall_follower/lib/python3.8/site-packages/wall_follower
[0.940s] copying /home/user/ros2_ws/build/wall_follower/build/lib/wall_follower/wall_finder.py -> /home/user/ros2_ws/install/wall_follower/lib/python3.8/site-packages/wall_follower
[0.940s] byte-compiling /home/user/ros2_ws/install/wall_follower/lib/python3.8/site-packages/wall_follower/laserScan_test.py to laserScan_test.cpython-38.pyc
[0.941s] byte-compiling /home/user/ros2_ws/install/wall_follower/lib/python3.8/site-packages/wall_follower/wall_following.py to wall_following.cpython-38.pyc
[0.942s] byte-compiling /home/user/ros2_ws/install/wall_follower/lib/python3.8/site-packages/wall_follower/wall_finder.py to wall_finder.cpython-38.pyc
[0.943s] running install_data
[0.944s] running install_egg_info
[0.947s] removing '/home/user/ros2_ws/install/wall_follower/lib/python3.8/site-packages/wall_follower-0.0.0-py3.8.egg-info' (and everything under it)
[0.947s] Copying ../../build/wall_follower/wall_follower.egg-info to /home/user/ros2_ws/install/wall_follower/lib/python3.8/site-packages/wall_follower-0.0.0-py3.8.egg-info
[0.948s] running install_scripts
[0.970s] Installing laserScan_test_executable script to /home/user/ros2_ws/install/wall_follower/lib/wall_follower
[0.970s] Installing odom_recorder_executable script to /home/user/ros2_ws/install/wall_follower/lib/wall_follower
[0.971s] Installing server_client_executable script to /home/user/ros2_ws/install/wall_follower/lib/wall_follower
[0.971s] Installing wall_finder_executable script to /home/user/ros2_ws/install/wall_follower/lib/wall_follower
[0.971s] Installing wall_finder_executable_2 script to /home/user/ros2_ws/install/wall_follower/lib/wall_follower
[0.971s] Installing wall_follower_executable script to /home/user/ros2_ws/install/wall_follower/lib/wall_follower
[0.971s] writing list of installed files to '/home/user/ros2_ws/build/wall_follower/install.log'
[0.993s] Invoked command in '/home/user/ros2_ws/src/wall_follower' returned '0': PYTHONPATH=/home/user/ros2_ws/install/wall_follower/lib/python3.8/site-packages:${PYTHONPATH} _=/usr/bin/env /usr/bin/python3 setup.py egg_info --egg-base ../../build/wall_follower build --build-base /home/user/ros2_ws/build/wall_follower/build install --prefix /home/user/ros2_ws/install/wall_follower --record /home/user/ros2_ws/build/wall_follower/install.log --single-version-externally-managed
