[0.989s] Invoking command in '/home/user/ros2_ws/src/wall_follower': PYTHONPATH=/home/user/ros2_ws/install/wall_follower/lib/python3.8/site-packages:${PYTHONPATH} _=/usr/bin/env /usr/bin/python3 setup.py egg_info --egg-base ../../build/wall_follower build --build-base /home/user/ros2_ws/build/wall_follower/build install --prefix /home/user/ros2_ws/install/wall_follower --record /home/user/ros2_ws/build/wall_follower/install.log --single-version-externally-managed
[1.810s] running egg_info
[1.810s] writing ../../build/wall_follower/wall_follower.egg-info/PKG-INFO
[1.811s] writing dependency_links to ../../build/wall_follower/wall_follower.egg-info/dependency_links.txt
[1.811s] writing entry points to ../../build/wall_follower/wall_follower.egg-info/entry_points.txt
[1.811s] writing requirements to ../../build/wall_follower/wall_follower.egg-info/requires.txt
[1.811s] writing top-level names to ../../build/wall_follower/wall_follower.egg-info/top_level.txt
[1.912s] reading manifest file '../../build/wall_follower/wall_follower.egg-info/SOURCES.txt'
[1.914s] writing manifest file '../../build/wall_follower/wall_follower.egg-info/SOURCES.txt'
[1.982s] running build
[1.982s] running build_py
[1.982s] copying wall_follower/odom_recorder.py -> /home/user/ros2_ws/build/wall_follower/build/lib/wall_follower
[1.983s] running install
[1.984s] running install_lib
[1.985s] copying /home/user/ros2_ws/build/wall_follower/build/lib/wall_follower/odom_recorder.py -> /home/user/ros2_ws/install/wall_follower/lib/python3.8/site-packages/wall_follower
[1.986s] byte-compiling /home/user/ros2_ws/install/wall_follower/lib/python3.8/site-packages/wall_follower/odom_recorder.py to odom_recorder.cpython-38.pyc
[1.987s] running install_data
[1.989s] running install_egg_info
[1.990s] removing '/home/user/ros2_ws/install/wall_follower/lib/python3.8/site-packages/wall_follower-0.0.0-py3.8.egg-info' (and everything under it)
[1.991s] Copying ../../build/wall_follower/wall_follower.egg-info to /home/user/ros2_ws/install/wall_follower/lib/python3.8/site-packages/wall_follower-0.0.0-py3.8.egg-info
[1.992s] running install_scripts
[2.014s] Installing laserScan_test_executable script to /home/user/ros2_ws/install/wall_follower/lib/wall_follower
[2.014s] Installing odom_recorder_executable script to /home/user/ros2_ws/install/wall_follower/lib/wall_follower
[2.018s] Installing server_client_executable script to /home/user/ros2_ws/install/wall_follower/lib/wall_follower
[2.019s] Installing wall_finder_executable script to /home/user/ros2_ws/install/wall_follower/lib/wall_follower
[2.019s] Installing wall_finder_executable_2 script to /home/user/ros2_ws/install/wall_follower/lib/wall_follower
[2.019s] Installing wall_follower_executable script to /home/user/ros2_ws/install/wall_follower/lib/wall_follower
[2.019s] writing list of installed files to '/home/user/ros2_ws/build/wall_follower/install.log'
[2.087s] Invoked command in '/home/user/ros2_ws/src/wall_follower' returned '0': PYTHONPATH=/home/user/ros2_ws/install/wall_follower/lib/python3.8/site-packages:${PYTHONPATH} _=/usr/bin/env /usr/bin/python3 setup.py egg_info --egg-base ../../build/wall_follower build --build-base /home/user/ros2_ws/build/wall_follower/build install --prefix /home/user/ros2_ws/install/wall_follower --record /home/user/ros2_ws/build/wall_follower/install.log --single-version-externally-managed
