[0.420s] Invoking command in '/home/user/ros2_ws/src/wall_follower': PYTHONPATH=/home/user/ros2_ws/install/wall_follower/lib/python3.8/site-packages:${PYTHONPATH} _=/usr/bin/env /usr/bin/python3 setup.py egg_info --egg-base ../../build/wall_follower build --build-base /home/user/ros2_ws/build/wall_follower/build install --prefix /home/user/ros2_ws/install/wall_follower --record /home/user/ros2_ws/build/wall_follower/install.log --single-version-externally-managed
[0.805s] running egg_info
[0.806s] writing ../../build/wall_follower/wall_follower.egg-info/PKG-INFO
[0.806s] writing dependency_links to ../../build/wall_follower/wall_follower.egg-info/dependency_links.txt
[0.806s] writing entry points to ../../build/wall_follower/wall_follower.egg-info/entry_points.txt
[0.807s] writing requirements to ../../build/wall_follower/wall_follower.egg-info/requires.txt
[0.807s] writing top-level names to ../../build/wall_follower/wall_follower.egg-info/top_level.txt
[0.851s] reading manifest file '../../build/wall_follower/wall_follower.egg-info/SOURCES.txt'
[0.852s] writing manifest file '../../build/wall_follower/wall_follower.egg-info/SOURCES.txt'
[0.852s] running build
[0.852s] running build_py
[0.853s] running install
[0.854s] running install_lib
[0.857s] running install_data
[0.858s] running install_egg_info
[0.860s] removing '/home/user/ros2_ws/install/wall_follower/lib/python3.8/site-packages/wall_follower-0.0.0-py3.8.egg-info' (and everything under it)
[0.861s] Copying ../../build/wall_follower/wall_follower.egg-info to /home/user/ros2_ws/install/wall_follower/lib/python3.8/site-packages/wall_follower-0.0.0-py3.8.egg-info
[0.862s] running install_scripts
[0.888s] Installing laserScan_test_executable script to /home/user/ros2_ws/install/wall_follower/lib/wall_follower
[0.888s] Installing odom_recorder_executable script to /home/user/ros2_ws/install/wall_follower/lib/wall_follower
[0.889s] Installing server_client_executable script to /home/user/ros2_ws/install/wall_follower/lib/wall_follower
[0.889s] Installing wall_finder_executable script to /home/user/ros2_ws/install/wall_follower/lib/wall_follower
[0.889s] Installing wall_finder_executable_2 script to /home/user/ros2_ws/install/wall_follower/lib/wall_follower
[0.889s] Installing wall_follower_executable script to /home/user/ros2_ws/install/wall_follower/lib/wall_follower
[0.890s] writing list of installed files to '/home/user/ros2_ws/build/wall_follower/install.log'
[0.939s] Invoked command in '/home/user/ros2_ws/src/wall_follower' returned '0': PYTHONPATH=/home/user/ros2_ws/install/wall_follower/lib/python3.8/site-packages:${PYTHONPATH} _=/usr/bin/env /usr/bin/python3 setup.py egg_info --egg-base ../../build/wall_follower build --build-base /home/user/ros2_ws/build/wall_follower/build install --prefix /home/user/ros2_ws/install/wall_follower --record /home/user/ros2_ws/build/wall_follower/install.log --single-version-externally-managed
