[0.995s] Invoking command in '/home/user/ros2_ws/src/wall_follower': PYTHONPATH=/home/user/ros2_ws/install/wall_follower/lib/python3.8/site-packages:${PYTHONPATH} _=/usr/bin/env /usr/bin/python3 setup.py egg_info --egg-base ../../build/wall_follower build --build-base /home/user/ros2_ws/build/wall_follower/build install --prefix /home/user/ros2_ws/install/wall_follower --record /home/user/ros2_ws/build/wall_follower/install.log --single-version-externally-managed
[1.977s] running egg_info
[1.977s] writing ../../build/wall_follower/wall_follower.egg-info/PKG-INFO
[1.978s] writing dependency_links to ../../build/wall_follower/wall_follower.egg-info/dependency_links.txt
[1.979s] writing entry points to ../../build/wall_follower/wall_follower.egg-info/entry_points.txt
[1.980s] writing requirements to ../../build/wall_follower/wall_follower.egg-info/requires.txt
[1.980s] writing top-level names to ../../build/wall_follower/wall_follower.egg-info/top_level.txt
[2.078s] reading manifest file '../../build/wall_follower/wall_follower.egg-info/SOURCES.txt'
[2.079s] writing manifest file '../../build/wall_follower/wall_follower.egg-info/SOURCES.txt'
[2.079s] running build
[2.079s] running build_py
[2.080s] running install
[2.080s] running install_lib
[2.082s] running install_data
[2.083s] running install_egg_info
[2.085s] removing '/home/user/ros2_ws/install/wall_follower/lib/python3.8/site-packages/wall_follower-0.0.0-py3.8.egg-info' (and everything under it)
[2.085s] Copying ../../build/wall_follower/wall_follower.egg-info to /home/user/ros2_ws/install/wall_follower/lib/python3.8/site-packages/wall_follower-0.0.0-py3.8.egg-info
[2.087s] running install_scripts
[2.162s] Installing wall_follower_executable script to /home/user/ros2_ws/install/wall_follower/lib/wall_follower
[2.162s] writing list of installed files to '/home/user/ros2_ws/build/wall_follower/install.log'
[2.277s] Invoked command in '/home/user/ros2_ws/src/wall_follower' returned '0': PYTHONPATH=/home/user/ros2_ws/install/wall_follower/lib/python3.8/site-packages:${PYTHONPATH} _=/usr/bin/env /usr/bin/python3 setup.py egg_info --egg-base ../../build/wall_follower build --build-base /home/user/ros2_ws/build/wall_follower/build install --prefix /home/user/ros2_ws/install/wall_follower --record /home/user/ros2_ws/build/wall_follower/install.log --single-version-externally-managed
