[0.025s] Invoking command in '/home/user/ros2_ws/build/project_interfaces': CMAKE_PREFIX_PATH=${CMAKE_PREFIX_PATH}:/home/user/ros2_ws/install/wall_follower:/opt/ros/foxy _=/usr/bin/env /usr/bin/cmake --build /home/user/ros2_ws/build/project_interfaces -- -j8 -l8
[0.098s] -- Found ament_cmake: 0.9.9 (/opt/ros/foxy/share/ament_cmake/cmake)
[0.139s] -- Using PYTHON_EXECUTABLE: /usr/bin/python3
[0.524s] -- Found rclcpp: 2.4.0 (/opt/ros/foxy/share/rclcpp/cmake)
[0.592s] -- Using all available rosidl_typesupport_c: rosidl_typesupport_fastrtps_c;rosidl_typesupport_introspection_c
[0.597s] -- Found rosidl_adapter: 1.2.1 (/opt/ros/foxy/share/rosidl_adapter/cmake)
[0.867s] -- Using all available rosidl_typesupport_cpp: rosidl_typesupport_fastrtps_cpp;rosidl_typesupport_introspection_cpp
[0.967s] -- Found rmw_implementation_cmake: 1.0.3 (/opt/ros/foxy/share/rmw_implementation_cmake/cmake)
[0.970s] -- Using RMW implementation 'rmw_fastrtps_cpp' as default
[1.254s] -- Found geometry_msgs: 2.0.4 (/opt/ros/foxy/share/geometry_msgs/cmake)
[1.316s] -- Found rosidl_default_generators: 1.0.1 (/opt/ros/foxy/share/rosidl_default_generators/cmake)
[1.369s] -- Found PythonInterp: /usr/bin/python3 (found version "3.8.10") 
[1.816s] CMake Error at /opt/ros/foxy/share/rosidl_adapter/cmake/rosidl_adapt_interfaces.cmake:60 (message):
[1.816s]   execute_process(/usr/bin/python3 -m rosidl_adapter --package-name
[1.816s]   project_interfaces --arguments-file
[1.816s]   /home/user/ros2_ws/build/project_interfaces/rosidl_adapter__arguments__project_interfaces.json
[1.816s]   --output-dir
[1.816s]   /home/user/ros2_ws/build/project_interfaces/rosidl_adapter/project_interfaces
[1.817s]   --output-file
[1.817s]   /home/user/ros2_ws/build/project_interfaces/rosidl_adapter/project_interfaces.idls)
[1.817s]   returned error code 1:
[1.817s] 
[1.817s]   Error processing 'geometry_msgs/msg/Point[] list_of_odoms' of
[1.817s]   'project_interfaces/OdomRecord_Result': 'geometry_msgs/msg/Point'
[1.817s] 
[1.817s]   Traceback (most recent call last):
[1.817s] 
[1.818s]     File "/usr/lib/python3.8/runpy.py", line 194, in _run_module_as_main
[1.818s]       return _run_code(code, main_globals, None,
[1.818s]     File "/usr/lib/python3.8/runpy.py", line 87, in _run_code
[1.818s]       exec(code, run_globals)
[1.818s]     File "/opt/ros/foxy/lib/python3.8/site-packages/rosidl_adapter/__main__.py", line 19, in <module>
[1.819s]       sys.exit(main())
[1.819s]     File "/opt/ros/foxy/lib/python3.8/site-packages/rosidl_adapter/main.py", line 53, in main
[1.819s]       abs_idl_file = convert_to_idl(
[1.819s]     File "/opt/ros/foxy/lib/python3.8/site-packages/rosidl_adapter/__init__.py", line 29, in convert_to_idl
[1.819s]       return convert_action_to_idl(
[1.819s]     File "/opt/ros/foxy/lib/python3.8/site-packages/rosidl_adapter/action/__init__.py", line 28, in convert_action_to_idl
[1.819s]       action = parse_action_string(package_name, input_file.stem, content)
[1.819s]     File "/opt/ros/foxy/lib/python3.8/site-packages/rosidl_adapter/parser.py", line 894, in parse_action_string
[1.820s]       result_message = parse_message_string(
[1.820s]     File "/opt/ros/foxy/lib/python3.8/site-packages/rosidl_adapter/parser.py", line 516, in parse_message_string
[1.820s]       Type(type_string, context_package_name=pkg_name),
[1.820s]     File "/opt/ros/foxy/lib/python3.8/site-packages/rosidl_adapter/parser.py", line 276, in __init__
[1.820s]       super(Type, self).__init__(
[1.820s]     File "/opt/ros/foxy/lib/python3.8/site-packages/rosidl_adapter/parser.py", line 189, in __init__
[1.820s]       raise InvalidResourceName(type_string)
[1.820s] 
[1.820s]   rosidl_adapter.parser.InvalidResourceName: geometry_msgs/msg/Point
[1.820s] 
[1.820s] Call Stack (most recent call first):
[1.821s]   /opt/ros/foxy/share/rosidl_cmake/cmake/rosidl_generate_interfaces.cmake:130 (rosidl_adapt_interfaces)
[1.821s]   CMakeLists.txt:24 (rosidl_generate_interfaces)
[1.821s] 
[1.821s] 
[1.821s] -- Configuring incomplete, errors occurred!
[1.821s] See also "/home/user/ros2_ws/build/project_interfaces/CMakeFiles/CMakeOutput.log".
[1.821s] See also "/home/user/ros2_ws/build/project_interfaces/CMakeFiles/CMakeError.log".
[1.834s] make: *** [Makefile:748: cmake_check_build_system] Error 1
[1.837s] Invoked command in '/home/user/ros2_ws/build/project_interfaces' returned '2': CMAKE_PREFIX_PATH=${CMAKE_PREFIX_PATH}:/home/user/ros2_ws/install/wall_follower:/opt/ros/foxy _=/usr/bin/env /usr/bin/cmake --build /home/user/ros2_ws/build/project_interfaces -- -j8 -l8
