[0.929s] Invoking command in '/home/user/ros2_ws/src/wall_follower': PYTHONPATH=/home/user/ros2_ws/install/wall_follower/lib/python3.8/site-packages:${PYTHONPATH} _=/usr/bin/env /usr/bin/python3 setup.py egg_info --egg-base ../../build/wall_follower build --build-base /home/user/ros2_ws/build/wall_follower/build install --prefix /home/user/ros2_ws/install/wall_follower --record /home/user/ros2_ws/build/wall_follower/install.log --single-version-externally-managed
[2.031s] running egg_info
[2.032s] creating ../../build/wall_follower/wall_follower.egg-info
[2.032s] writing ../../build/wall_follower/wall_follower.egg-info/PKG-INFO
[2.033s] writing dependency_links to ../../build/wall_follower/wall_follower.egg-info/dependency_links.txt
[2.033s] writing entry points to ../../build/wall_follower/wall_follower.egg-info/entry_points.txt
[2.033s] writing requirements to ../../build/wall_follower/wall_follower.egg-info/requires.txt
[2.033s] writing top-level names to ../../build/wall_follower/wall_follower.egg-info/top_level.txt
[2.143s] writing manifest file '../../build/wall_follower/wall_follower.egg-info/SOURCES.txt'
[2.436s] reading manifest file '../../build/wall_follower/wall_follower.egg-info/SOURCES.txt'
[2.437s] writing manifest file '../../build/wall_follower/wall_follower.egg-info/SOURCES.txt'
[2.437s] running build
[2.437s] running build_py
[2.437s] creating /home/user/ros2_ws/build/wall_follower/build
[2.438s] creating /home/user/ros2_ws/build/wall_follower/build/lib
[2.438s] creating /home/user/ros2_ws/build/wall_follower/build/lib/wall_follower
[2.438s] copying wall_follower/wall_following.py -> /home/user/ros2_ws/build/wall_follower/build/lib/wall_follower
[2.438s] copying wall_follower/__init__.py -> /home/user/ros2_ws/build/wall_follower/build/lib/wall_follower
[2.438s] running install
[2.439s] running install_lib
[2.441s] creating /home/user/ros2_ws/install/wall_follower/lib/python3.8/site-packages/wall_follower
[2.442s] copying /home/user/ros2_ws/build/wall_follower/build/lib/wall_follower/wall_following.py -> /home/user/ros2_ws/install/wall_follower/lib/python3.8/site-packages/wall_follower
[2.442s] copying /home/user/ros2_ws/build/wall_follower/build/lib/wall_follower/__init__.py -> /home/user/ros2_ws/install/wall_follower/lib/python3.8/site-packages/wall_follower
[2.442s] byte-compiling /home/user/ros2_ws/install/wall_follower/lib/python3.8/site-packages/wall_follower/wall_following.py to wall_following.cpython-38.pyc
[2.444s] byte-compiling /home/user/ros2_ws/install/wall_follower/lib/python3.8/site-packages/wall_follower/__init__.py to __init__.cpython-38.pyc
[2.444s] running install_data
[2.445s] creating /home/user/ros2_ws/install/wall_follower/share/ament_index
[2.445s] creating /home/user/ros2_ws/install/wall_follower/share/ament_index/resource_index
[2.445s] creating /home/user/ros2_ws/install/wall_follower/share/ament_index/resource_index/packages
[2.445s] copying resource/wall_follower -> /home/user/ros2_ws/install/wall_follower/share/ament_index/resource_index/packages
[2.445s] copying package.xml -> /home/user/ros2_ws/install/wall_follower/share/wall_follower
[2.446s] copying launch/start_wall_following.launch.py -> /home/user/ros2_ws/install/wall_follower/share/wall_follower
[2.446s] running install_egg_info
[2.449s] Copying ../../build/wall_follower/wall_follower.egg-info to /home/user/ros2_ws/install/wall_follower/lib/python3.8/site-packages/wall_follower-0.0.0-py3.8.egg-info
[2.498s] running install_scripts
[2.530s] Installing wall_follower_executable script to /home/user/ros2_ws/install/wall_follower/lib/wall_follower
[2.531s] writing list of installed files to '/home/user/ros2_ws/build/wall_follower/install.log'
[2.613s] Invoked command in '/home/user/ros2_ws/src/wall_follower' returned '0': PYTHONPATH=/home/user/ros2_ws/install/wall_follower/lib/python3.8/site-packages:${PYTHONPATH} _=/usr/bin/env /usr/bin/python3 setup.py egg_info --egg-base ../../build/wall_follower build --build-base /home/user/ros2_ws/build/wall_follower/build install --prefix /home/user/ros2_ws/install/wall_follower --record /home/user/ros2_ws/build/wall_follower/install.log --single-version-externally-managed
