[0.027s] Invoking command in '/home/user/ros2_ws/build/project_msgs': CMAKE_PREFIX_PATH=${CMAKE_PREFIX_PATH}:/home/user/ros2_ws/install/wall_follower:/opt/ros/foxy _=/usr/bin/env /usr/bin/cmake /home/user/ros2_ws/src/project_msgs -DCMAKE_INSTALL_PREFIX=/home/user/ros2_ws/install/project_msgs
[7.715s] -- The C compiler identification is GNU 9.3.0
[12.273s] -- The CXX compiler identification is GNU 9.3.0
[12.292s] -- Check for working C compiler: /usr/bin/cc
[12.585s] -- Check for working C compiler: /usr/bin/cc -- works
[12.588s] -- Detecting C compiler ABI info
[12.722s] -- Detecting C compiler ABI info - done
[12.738s] -- Detecting C compile features
[12.854s] -- Detecting C compile features - done
[12.863s] -- Check for working CXX compiler: /usr/bin/c++
[12.983s] -- Check for working CXX compiler: /usr/bin/c++ -- works
[12.984s] -- Detecting CXX compiler ABI info
[13.086s] -- Detecting CXX compiler ABI info - done
[13.102s] -- Detecting CXX compile features
[13.102s] -- Detecting CXX compile features - done
[13.119s] -- Found ament_cmake: 0.9.9 (/opt/ros/foxy/share/ament_cmake/cmake)
[13.266s] -- Found PythonInterp: /usr/bin/python3 (found suitable version "3.8.10", minimum required is "3") 
[13.266s] -- Using PYTHON_EXECUTABLE: /usr/bin/python3
[13.827s] -- Found rclcpp: 2.4.0 (/opt/ros/foxy/share/rclcpp/cmake)
[13.972s] -- Using all available rosidl_typesupport_c: rosidl_typesupport_fastrtps_c;rosidl_typesupport_introspection_c
[13.998s] -- Found rosidl_adapter: 1.2.1 (/opt/ros/foxy/share/rosidl_adapter/cmake)
[14.453s] -- Found OpenSSL: /usr/lib/x86_64-linux-gnu/libcrypto.so (found version "1.1.1f")  
[14.584s] -- Found FastRTPS: /opt/ros/foxy/include  
[14.782s] -- Using all available rosidl_typesupport_cpp: rosidl_typesupport_fastrtps_cpp;rosidl_typesupport_introspection_cpp
[15.031s] -- Found rmw_implementation_cmake: 1.0.3 (/opt/ros/foxy/share/rmw_implementation_cmake/cmake)
[15.037s] -- Using RMW implementation 'rmw_fastrtps_cpp' as default
[15.040s] -- Looking for pthread.h
[15.678s] -- Looking for pthread.h - found
[15.678s] -- Performing Test CMAKE_HAVE_LIBC_PTHREAD
[15.785s] -- Performing Test CMAKE_HAVE_LIBC_PTHREAD - Failed
[15.786s] -- Looking for pthread_create in pthreads
[15.868s] -- Looking for pthread_create in pthreads - not found
[15.868s] -- Looking for pthread_create in pthread
[15.966s] -- Looking for pthread_create in pthread - found
[15.966s] -- Found Threads: TRUE  
[16.250s] -- Found ament_lint_auto: 0.9.6 (/opt/ros/foxy/share/ament_lint_auto/cmake)
[16.418s] -- Found PythonInterp: /usr/bin/python3 (found version "3.8.10") 
[16.746s] CMake Error at /opt/ros/foxy/share/rosidl_adapter/cmake/rosidl_adapt_interfaces.cmake:60 (message):
[16.746s]   execute_process(/usr/bin/python3 -m rosidl_adapter --package-name
[16.746s]   project_msgs --arguments-file
[16.746s]   /home/user/ros2_ws/build/project_msgs/rosidl_adapter__arguments__project_msgs.json
[16.747s]   --output-dir
[16.747s]   /home/user/ros2_ws/build/project_msgs/rosidl_adapter/project_msgs
[16.747s]   --output-file
[16.747s]   /home/user/ros2_ws/build/project_msgs/rosidl_adapter/project_msgs.idls)
[16.747s]   returned error code 1:
[16.747s] 
[16.747s]   Error with: project_msgs FindWall_Request FindWall.srv
[16.747s] 
[16.747s]   Traceback (most recent call last):
[16.747s] 
[16.747s]     File "/usr/lib/python3.8/runpy.py", line 194, in _run_module_as_main
[16.747s]       return _run_code(code, main_globals, None,
[16.748s]     File "/usr/lib/python3.8/runpy.py", line 87, in _run_code
[16.748s]       exec(code, run_globals)
[16.748s]     File "/opt/ros/foxy/lib/python3.8/site-packages/rosidl_adapter/__main__.py", line 19, in <module>
[16.748s]       sys.exit(main())
[16.748s]     File "/opt/ros/foxy/lib/python3.8/site-packages/rosidl_adapter/main.py", line 53, in main
[16.748s]       abs_idl_file = convert_to_idl(
[16.748s]     File "/opt/ros/foxy/lib/python3.8/site-packages/rosidl_adapter/__init__.py", line 24, in convert_to_idl
[16.748s]       return convert_srv_to_idl(
[16.748s]     File "/opt/ros/foxy/lib/python3.8/site-packages/rosidl_adapter/srv/__init__.py", line 28, in convert_srv_to_idl
[16.748s]       srv = parse_service_string(package_name, input_file.stem, content)
[16.748s]     File "/opt/ros/foxy/lib/python3.8/site-packages/rosidl_adapter/parser.py", line 852, in parse_service_string
[16.748s]       request_message = parse_message_string(
[16.749s]     File "/opt/ros/foxy/lib/python3.8/site-packages/rosidl_adapter/parser.py", line 506, in parse_message_string
[16.749s]       raise InvalidFieldDefinition(line)
[16.749s] 
[16.749s]   rosidl_adapter.parser.InvalidFieldDefinition: FindWall.srv
[16.749s] 
[16.749s] Call Stack (most recent call first):
[16.749s]   /opt/ros/foxy/share/rosidl_cmake/cmake/rosidl_generate_interfaces.cmake:130 (rosidl_adapt_interfaces)
[16.749s]   CMakeLists.txt:32 (rosidl_generate_interfaces)
[16.749s] 
[16.749s] 
[16.750s] -- Configuring incomplete, errors occurred!
[16.750s] See also "/home/user/ros2_ws/build/project_msgs/CMakeFiles/CMakeOutput.log".
[16.750s] See also "/home/user/ros2_ws/build/project_msgs/CMakeFiles/CMakeError.log".
[16.759s] Invoked command in '/home/user/ros2_ws/build/project_msgs' returned '1': CMAKE_PREFIX_PATH=${CMAKE_PREFIX_PATH}:/home/user/ros2_ws/install/wall_follower:/opt/ros/foxy _=/usr/bin/env /usr/bin/cmake /home/user/ros2_ws/src/project_msgs -DCMAKE_INSTALL_PREFIX=/home/user/ros2_ws/install/project_msgs
