[0.859s] Invoking command in '/home/user/ros2_ws/src/wall_follower': PYTHONPATH=/home/user/ros2_ws/install/wall_follower/lib/python3.8/site-packages:${PYTHONPATH} _=/usr/bin/env /usr/bin/python3 setup.py egg_info --egg-base ../../build/wall_follower build --build-base /home/user/ros2_ws/build/wall_follower/build install --prefix /home/user/ros2_ws/install/wall_follower --record /home/user/ros2_ws/build/wall_follower/install.log --single-version-externally-managed
[1.661s] running egg_info
[1.661s] writing ../../build/wall_follower/wall_follower.egg-info/PKG-INFO
[1.662s] writing dependency_links to ../../build/wall_follower/wall_follower.egg-info/dependency_links.txt
[1.662s] writing entry points to ../../build/wall_follower/wall_follower.egg-info/entry_points.txt
[1.663s] writing requirements to ../../build/wall_follower/wall_follower.egg-info/requires.txt
[1.663s] writing top-level names to ../../build/wall_follower/wall_follower.egg-info/top_level.txt
[1.763s] reading manifest file '../../build/wall_follower/wall_follower.egg-info/SOURCES.txt'
[1.767s] writing manifest file '../../build/wall_follower/wall_follower.egg-info/SOURCES.txt'
[1.767s] running build
[1.767s] running build_py
[1.767s] copying wall_follower/wall_following.py -> /home/user/ros2_ws/build/wall_follower/build/lib/wall_follower
[1.767s] running install
[1.767s] running install_lib
[1.769s] copying /home/user/ros2_ws/build/wall_follower/build/lib/wall_follower/wall_following.py -> /home/user/ros2_ws/install/wall_follower/lib/python3.8/site-packages/wall_follower
[1.770s] byte-compiling /home/user/ros2_ws/install/wall_follower/lib/python3.8/site-packages/wall_follower/wall_following.py to wall_following.cpython-38.pyc
[1.772s] running install_data
[1.773s]   File "/home/user/ros2_ws/install/wall_follower/lib/python3.8/site-packages/wall_follower/wall_following.py", line 44
[1.773s]     response = await self.client_call()
[1.773s]                ^
[1.773s] SyntaxError: 'await' outside async function
[1.773s] 
[1.774s] running install_egg_info
[1.777s] removing '/home/user/ros2_ws/install/wall_follower/lib/python3.8/site-packages/wall_follower-0.0.0-py3.8.egg-info' (and everything under it)
[1.778s] Copying ../../build/wall_follower/wall_follower.egg-info to /home/user/ros2_ws/install/wall_follower/lib/python3.8/site-packages/wall_follower-0.0.0-py3.8.egg-info
[1.779s] running install_scripts
[1.803s] Installing laserScan_test_executable script to /home/user/ros2_ws/install/wall_follower/lib/wall_follower
[1.804s] Installing server_client_executable script to /home/user/ros2_ws/install/wall_follower/lib/wall_follower
[1.804s] Installing wall_finder_executable script to /home/user/ros2_ws/install/wall_follower/lib/wall_follower
[1.804s] Installing wall_follower_executable script to /home/user/ros2_ws/install/wall_follower/lib/wall_follower
[1.804s] writing list of installed files to '/home/user/ros2_ws/build/wall_follower/install.log'
[1.870s] Invoked command in '/home/user/ros2_ws/src/wall_follower' returned '0': PYTHONPATH=/home/user/ros2_ws/install/wall_follower/lib/python3.8/site-packages:${PYTHONPATH} _=/usr/bin/env /usr/bin/python3 setup.py egg_info --egg-base ../../build/wall_follower build --build-base /home/user/ros2_ws/build/wall_follower/build install --prefix /home/user/ros2_ws/install/wall_follower --record /home/user/ros2_ws/build/wall_follower/install.log --single-version-externally-managed
