[0.975s] Invoking command in '/home/user/ros2_ws/src/wall_follower': PYTHONPATH=/home/user/ros2_ws/install/wall_follower/lib/python3.8/site-packages:${PYTHONPATH} _=/usr/bin/env /usr/bin/python3 setup.py egg_info --egg-base ../../build/wall_follower build --build-base /home/user/ros2_ws/build/wall_follower/build install --prefix /home/user/ros2_ws/install/wall_follower --record /home/user/ros2_ws/build/wall_follower/install.log --single-version-externally-managed
[1.995s] running egg_info
[1.997s] writing ../../build/wall_follower/wall_follower.egg-info/PKG-INFO
[1.998s] writing dependency_links to ../../build/wall_follower/wall_follower.egg-info/dependency_links.txt
[1.998s] writing entry points to ../../build/wall_follower/wall_follower.egg-info/entry_points.txt
[1.999s] writing requirements to ../../build/wall_follower/wall_follower.egg-info/requires.txt
[1.999s] writing top-level names to ../../build/wall_follower/wall_follower.egg-info/top_level.txt
[2.161s] reading manifest file '../../build/wall_follower/wall_follower.egg-info/SOURCES.txt'
[2.163s] writing manifest file '../../build/wall_follower/wall_follower.egg-info/SOURCES.txt'
[2.164s] running build
[2.164s] running build_py
[2.164s] copying wall_follower/laserScan_test.py -> /home/user/ros2_ws/build/wall_follower/build/lib/wall_follower
[2.165s] running install
[2.166s] running install_lib
[2.168s] copying /home/user/ros2_ws/build/wall_follower/build/lib/wall_follower/laserScan_test.py -> /home/user/ros2_ws/install/wall_follower/lib/python3.8/site-packages/wall_follower
[2.169s] byte-compiling /home/user/ros2_ws/install/wall_follower/lib/python3.8/site-packages/wall_follower/laserScan_test.py to laserScan_test.cpython-38.pyc
[2.170s] running install_data
[2.172s] running install_egg_info
[2.180s] removing '/home/user/ros2_ws/install/wall_follower/lib/python3.8/site-packages/wall_follower-0.0.0-py3.8.egg-info' (and everything under it)
[2.181s] Copying ../../build/wall_follower/wall_follower.egg-info to /home/user/ros2_ws/install/wall_follower/lib/python3.8/site-packages/wall_follower-0.0.0-py3.8.egg-info
[2.181s] running install_scripts
[2.262s] Installing laserScan_test_executable script to /home/user/ros2_ws/install/wall_follower/lib/wall_follower
[2.263s] Installing wall_follower_executable script to /home/user/ros2_ws/install/wall_follower/lib/wall_follower
[2.264s] writing list of installed files to '/home/user/ros2_ws/build/wall_follower/install.log'
[2.302s] Invoked command in '/home/user/ros2_ws/src/wall_follower' returned '0': PYTHONPATH=/home/user/ros2_ws/install/wall_follower/lib/python3.8/site-packages:${PYTHONPATH} _=/usr/bin/env /usr/bin/python3 setup.py egg_info --egg-base ../../build/wall_follower build --build-base /home/user/ros2_ws/build/wall_follower/build install --prefix /home/user/ros2_ws/install/wall_follower --record /home/user/ros2_ws/build/wall_follower/install.log --single-version-externally-managed
