[0.851s] Invoking command in '/home/user/ros2_ws/src/wall_follower': PYTHONPATH=/home/user/ros2_ws/install/wall_follower/lib/python3.8/site-packages:${PYTHONPATH} _=/usr/bin/env /usr/bin/python3 setup.py egg_info --egg-base ../../build/wall_follower build --build-base /home/user/ros2_ws/build/wall_follower/build install --prefix /home/user/ros2_ws/install/wall_follower --record /home/user/ros2_ws/build/wall_follower/install.log --single-version-externally-managed
[1.742s] running egg_info
[1.743s] writing ../../build/wall_follower/wall_follower.egg-info/PKG-INFO
[1.744s] writing dependency_links to ../../build/wall_follower/wall_follower.egg-info/dependency_links.txt
[1.744s] writing entry points to ../../build/wall_follower/wall_follower.egg-info/entry_points.txt
[1.744s] writing requirements to ../../build/wall_follower/wall_follower.egg-info/requires.txt
[1.745s] writing top-level names to ../../build/wall_follower/wall_follower.egg-info/top_level.txt
[1.838s] reading manifest file '../../build/wall_follower/wall_follower.egg-info/SOURCES.txt'
[1.840s] writing manifest file '../../build/wall_follower/wall_follower.egg-info/SOURCES.txt'
[1.841s] running build
[1.842s] running build_py
[1.842s] copying wall_follower/wall_following.py -> /home/user/ros2_ws/build/wall_follower/build/lib/wall_follower
[1.843s] running install
[1.843s] running install_lib
[1.845s] copying /home/user/ros2_ws/build/wall_follower/build/lib/wall_follower/wall_following.py -> /home/user/ros2_ws/install/wall_follower/lib/python3.8/site-packages/wall_follower
[1.847s] byte-compiling /home/user/ros2_ws/install/wall_follower/lib/python3.8/site-packages/wall_follower/wall_following.py to wall_following.cpython-38.pyc
[1.848s] running install_data
[1.849s] running install_egg_info
[1.852s] removing '/home/user/ros2_ws/install/wall_follower/lib/python3.8/site-packages/wall_follower-0.0.0-py3.8.egg-info' (and everything under it)
[1.853s] Copying ../../build/wall_follower/wall_follower.egg-info to /home/user/ros2_ws/install/wall_follower/lib/python3.8/site-packages/wall_follower-0.0.0-py3.8.egg-info
[1.854s] running install_scripts
[1.909s] Installing laserScan_test_executable script to /home/user/ros2_ws/install/wall_follower/lib/wall_follower
[1.909s] Installing wall_follower_executable script to /home/user/ros2_ws/install/wall_follower/lib/wall_follower
[1.909s] writing list of installed files to '/home/user/ros2_ws/build/wall_follower/install.log'
[1.961s] Invoked command in '/home/user/ros2_ws/src/wall_follower' returned '0': PYTHONPATH=/home/user/ros2_ws/install/wall_follower/lib/python3.8/site-packages:${PYTHONPATH} _=/usr/bin/env /usr/bin/python3 setup.py egg_info --egg-base ../../build/wall_follower build --build-base /home/user/ros2_ws/build/wall_follower/build install --prefix /home/user/ros2_ws/install/wall_follower --record /home/user/ros2_ws/build/wall_follower/install.log --single-version-externally-managed
