[1.110s] Invoking command in '/home/user/ros2_ws/src/wall_follower': PYTHONPATH=/home/user/ros2_ws/install/wall_follower/lib/python3.8/site-packages:${PYTHONPATH} _=/usr/bin/env /usr/bin/python3 setup.py egg_info --egg-base ../../build/wall_follower build --build-base /home/user/ros2_ws/build/wall_follower/build install --prefix /home/user/ros2_ws/install/wall_follower --record /home/user/ros2_ws/build/wall_follower/install.log --single-version-externally-managed
[2.005s] running egg_info
[2.006s] writing ../../build/wall_follower/wall_follower.egg-info/PKG-INFO
[2.006s] writing dependency_links to ../../build/wall_follower/wall_follower.egg-info/dependency_links.txt
[2.007s] writing entry points to ../../build/wall_follower/wall_follower.egg-info/entry_points.txt
[2.007s] writing requirements to ../../build/wall_follower/wall_follower.egg-info/requires.txt
[2.008s] writing top-level names to ../../build/wall_follower/wall_follower.egg-info/top_level.txt
[2.096s] reading manifest file '../../build/wall_follower/wall_follower.egg-info/SOURCES.txt'
[2.105s] writing manifest file '../../build/wall_follower/wall_follower.egg-info/SOURCES.txt'
[2.107s] running build
[2.108s] running build_py
[2.109s] copying wall_follower/wall_following.py -> /home/user/ros2_ws/build/wall_follower/build/lib/wall_follower
[2.109s] running install
[2.109s] running install_lib
[2.111s] copying /home/user/ros2_ws/build/wall_follower/build/lib/wall_follower/wall_following.py -> /home/user/ros2_ws/install/wall_follower/lib/python3.8/site-packages/wall_follower
[2.113s] byte-compiling /home/user/ros2_ws/install/wall_follower/lib/python3.8/site-packages/wall_follower/wall_following.py to wall_following.cpython-38.pyc
[2.115s] running install_data
[2.117s] running install_egg_info
[2.119s] removing '/home/user/ros2_ws/install/wall_follower/lib/python3.8/site-packages/wall_follower-0.0.0-py3.8.egg-info' (and everything under it)
[2.120s] Copying ../../build/wall_follower/wall_follower.egg-info to /home/user/ros2_ws/install/wall_follower/lib/python3.8/site-packages/wall_follower-0.0.0-py3.8.egg-info
[2.122s] running install_scripts
[2.201s] Installing laserScan_test_executable script to /home/user/ros2_ws/install/wall_follower/lib/wall_follower
[2.201s] Installing server_client_executable script to /home/user/ros2_ws/install/wall_follower/lib/wall_follower
[2.201s] Installing wall_finder_executable script to /home/user/ros2_ws/install/wall_follower/lib/wall_follower
[2.202s] Installing wall_finder_executable_2 script to /home/user/ros2_ws/install/wall_follower/lib/wall_follower
[2.202s] Installing wall_follower_executable script to /home/user/ros2_ws/install/wall_follower/lib/wall_follower
[2.202s] writing list of installed files to '/home/user/ros2_ws/build/wall_follower/install.log'
[2.266s] Invoked command in '/home/user/ros2_ws/src/wall_follower' returned '0': PYTHONPATH=/home/user/ros2_ws/install/wall_follower/lib/python3.8/site-packages:${PYTHONPATH} _=/usr/bin/env /usr/bin/python3 setup.py egg_info --egg-base ../../build/wall_follower build --build-base /home/user/ros2_ws/build/wall_follower/build install --prefix /home/user/ros2_ws/install/wall_follower --record /home/user/ros2_ws/build/wall_follower/install.log --single-version-externally-managed
