[0.488s] DEBUG:colcon:Command line arguments: ['/usr/bin/colcon', 'build', '--packages-select', 'project_interfaces']
[0.488s] DEBUG:colcon:Parsed command line arguments: Namespace(ament_cmake_args=None, base_paths=['.'], build_base='build', catkin_cmake_args=None, catkin_skip_building_tests=False, cmake_args=None, cmake_clean_cache=False, cmake_clean_first=False, cmake_force_configure=False, cmake_target=None, cmake_target_skip_unavailable=False, continue_on_error=False, event_handlers=None, executor='parallel', ignore_user_meta=False, install_base='install', log_base=None, log_level=None, main=<bound method BuildVerb.main of <colcon_core.verb.build.BuildVerb object at 0x7f1244592940>>, merge_install=False, metas=['./colcon.meta'], packages_above=None, packages_above_and_dependencies=None, packages_above_depth=None, packages_end=None, packages_ignore=None, packages_ignore_regex=None, packages_select=['project_interfaces'], packages_select_build_failed=False, packages_select_by_dep=None, packages_select_regex=None, packages_select_test_failures=False, packages_skip=None, packages_skip_build_finished=False, packages_skip_by_dep=None, packages_skip_regex=None, packages_skip_test_passed=False, packages_skip_up_to=None, packages_start=None, packages_up_to=None, packages_up_to_regex=None, parallel_workers=8, paths=None, symlink_install=False, test_result_base=None, verb_extension=<colcon_core.verb.build.BuildVerb object at 0x7f1244592940>, verb_name='build', verb_parser=<colcon_defaults.argument_parser.defaults.DefaultArgumentsDecorator object at 0x7f1244592eb0>)
[0.496s] Level 1:colcon.colcon_core.package_discovery:discover_packages(colcon_meta) check parameters
[0.496s] Level 1:colcon.colcon_core.package_discovery:discover_packages(recursive) check parameters
[0.496s] Level 1:colcon.colcon_core.package_discovery:discover_packages(ignore) check parameters
[0.496s] Level 1:colcon.colcon_core.package_discovery:discover_packages(path) check parameters
[0.496s] Level 1:colcon.colcon_core.package_discovery:discover_packages(colcon_meta) discover
[0.496s] Level 1:colcon.colcon_core.package_discovery:discover_packages(recursive) discover
[0.496s] INFO:colcon.colcon_core.package_discovery:Crawling recursively for packages in '/home/user/ros2_ws'
[0.496s] Level 1:colcon.colcon_core.package_identification:_identify(.) by extensions ['ignore', 'ignore_ament_install']
[0.496s] Level 1:colcon.colcon_core.package_identification:_identify(.) by extension 'ignore'
[0.497s] Level 1:colcon.colcon_core.package_identification:_identify(.) by extension 'ignore_ament_install'
[0.497s] Level 1:colcon.colcon_core.package_identification:_identify(.) by extensions ['colcon_pkg']
[0.497s] Level 1:colcon.colcon_core.package_identification:_identify(.) by extension 'colcon_pkg'
[0.497s] Level 1:colcon.colcon_core.package_identification:_identify(.) by extensions ['colcon_meta']
[0.497s] Level 1:colcon.colcon_core.package_identification:_identify(.) by extension 'colcon_meta'
[0.497s] Level 1:colcon.colcon_core.package_identification:_identify(.) by extensions ['ros']
[0.497s] Level 1:colcon.colcon_core.package_identification:_identify(.) by extension 'ros'
[0.512s] Level 1:colcon.colcon_core.package_identification:_identify(.) by extensions ['cmake', 'python']
[0.512s] Level 1:colcon.colcon_core.package_identification:_identify(.) by extension 'cmake'
[0.512s] Level 1:colcon.colcon_core.package_identification:_identify(.) by extension 'python'
[0.512s] Level 1:colcon.colcon_core.package_identification:_identify(.) by extensions ['python_setup_py']
[0.512s] Level 1:colcon.colcon_core.package_identification:_identify(.) by extension 'python_setup_py'
[0.512s] Level 1:colcon.colcon_core.package_identification:_identify(build) by extensions ['ignore', 'ignore_ament_install']
[0.513s] Level 1:colcon.colcon_core.package_identification:_identify(build) by extension 'ignore'
[0.513s] Level 1:colcon.colcon_core.package_identification:_identify(build) ignored
[0.513s] Level 1:colcon.colcon_core.package_identification:_identify(install) by extensions ['ignore', 'ignore_ament_install']
[0.513s] Level 1:colcon.colcon_core.package_identification:_identify(install) by extension 'ignore'
[0.513s] Level 1:colcon.colcon_core.package_identification:_identify(install) ignored
[0.513s] Level 1:colcon.colcon_core.package_identification:_identify(log) by extensions ['ignore', 'ignore_ament_install']
[0.513s] Level 1:colcon.colcon_core.package_identification:_identify(log) by extension 'ignore'
[0.513s] Level 1:colcon.colcon_core.package_identification:_identify(log) ignored
[0.514s] Level 1:colcon.colcon_core.package_identification:_identify(src) by extensions ['ignore', 'ignore_ament_install']
[0.514s] Level 1:colcon.colcon_core.package_identification:_identify(src) by extension 'ignore'
[0.514s] Level 1:colcon.colcon_core.package_identification:_identify(src) by extension 'ignore_ament_install'
[0.514s] Level 1:colcon.colcon_core.package_identification:_identify(src) by extensions ['colcon_pkg']
[0.514s] Level 1:colcon.colcon_core.package_identification:_identify(src) by extension 'colcon_pkg'
[0.514s] Level 1:colcon.colcon_core.package_identification:_identify(src) by extensions ['colcon_meta']
[0.514s] Level 1:colcon.colcon_core.package_identification:_identify(src) by extension 'colcon_meta'
[0.514s] Level 1:colcon.colcon_core.package_identification:_identify(src) by extensions ['ros']
[0.514s] Level 1:colcon.colcon_core.package_identification:_identify(src) by extension 'ros'
[0.514s] Level 1:colcon.colcon_core.package_identification:_identify(src) by extensions ['cmake', 'python']
[0.514s] Level 1:colcon.colcon_core.package_identification:_identify(src) by extension 'cmake'
[0.514s] Level 1:colcon.colcon_core.package_identification:_identify(src) by extension 'python'
[0.514s] Level 1:colcon.colcon_core.package_identification:_identify(src) by extensions ['python_setup_py']
[0.514s] Level 1:colcon.colcon_core.package_identification:_identify(src) by extension 'python_setup_py'
[0.514s] Level 1:colcon.colcon_core.package_identification:_identify(src/project_interfaces) by extensions ['ignore', 'ignore_ament_install']
[0.515s] Level 1:colcon.colcon_core.package_identification:_identify(src/project_interfaces) by extension 'ignore'
[0.515s] Level 1:colcon.colcon_core.package_identification:_identify(src/project_interfaces) by extension 'ignore_ament_install'
[0.515s] Level 1:colcon.colcon_core.package_identification:_identify(src/project_interfaces) by extensions ['colcon_pkg']
[0.515s] Level 1:colcon.colcon_core.package_identification:_identify(src/project_interfaces) by extension 'colcon_pkg'
[0.515s] Level 1:colcon.colcon_core.package_identification:_identify(src/project_interfaces) by extensions ['colcon_meta']
[0.515s] Level 1:colcon.colcon_core.package_identification:_identify(src/project_interfaces) by extension 'colcon_meta'
[0.515s] Level 1:colcon.colcon_core.package_identification:_identify(src/project_interfaces) by extensions ['ros']
[0.515s] Level 1:colcon.colcon_core.package_identification:_identify(src/project_interfaces) by extension 'ros'
[0.518s] DEBUG:colcon.colcon_core.package_identification:Package 'src/project_interfaces' with type 'ros.ament_cmake' and name 'project_interfaces'
[0.518s] Level 1:colcon.colcon_core.package_identification:_identify(src/wall_follower) by extensions ['ignore', 'ignore_ament_install']
[0.518s] Level 1:colcon.colcon_core.package_identification:_identify(src/wall_follower) by extension 'ignore'
[0.518s] Level 1:colcon.colcon_core.package_identification:_identify(src/wall_follower) by extension 'ignore_ament_install'
[0.518s] Level 1:colcon.colcon_core.package_identification:_identify(src/wall_follower) by extensions ['colcon_pkg']
[0.518s] Level 1:colcon.colcon_core.package_identification:_identify(src/wall_follower) by extension 'colcon_pkg'
[0.518s] Level 1:colcon.colcon_core.package_identification:_identify(src/wall_follower) by extensions ['colcon_meta']
[0.518s] Level 1:colcon.colcon_core.package_identification:_identify(src/wall_follower) by extension 'colcon_meta'
[0.519s] Level 1:colcon.colcon_core.package_identification:_identify(src/wall_follower) by extensions ['ros']
[0.519s] Level 1:colcon.colcon_core.package_identification:_identify(src/wall_follower) by extension 'ros'
[0.520s] DEBUG:colcon.colcon_core.package_identification:Package 'src/wall_follower' with type 'ros.ament_python' and name 'wall_follower'
[0.520s] Level 1:colcon.colcon_core.package_discovery:discover_packages(recursive) using defaults
[0.520s] Level 1:colcon.colcon_core.package_discovery:discover_packages(ignore) discover
[0.521s] Level 1:colcon.colcon_core.package_discovery:discover_packages(ignore) using defaults
[0.521s] Level 1:colcon.colcon_core.package_discovery:discover_packages(path) discover
[0.521s] Level 1:colcon.colcon_core.package_discovery:discover_packages(path) using defaults
[0.552s] INFO:colcon.colcon_core.package_selection:Skipping not selected package 'wall_follower' in 'src/wall_follower'
[0.557s] Level 5:colcon.colcon_core.verb:set package 'project_interfaces' build argument 'cmake_args' from command line to 'None'
[0.557s] Level 5:colcon.colcon_core.verb:set package 'project_interfaces' build argument 'cmake_target' from command line to 'None'
[0.557s] Level 5:colcon.colcon_core.verb:set package 'project_interfaces' build argument 'cmake_target_skip_unavailable' from command line to 'False'
[0.557s] Level 5:colcon.colcon_core.verb:set package 'project_interfaces' build argument 'cmake_clean_cache' from command line to 'False'
[0.557s] Level 5:colcon.colcon_core.verb:set package 'project_interfaces' build argument 'cmake_clean_first' from command line to 'False'
[0.557s] Level 5:colcon.colcon_core.verb:set package 'project_interfaces' build argument 'cmake_force_configure' from command line to 'False'
[0.557s] Level 5:colcon.colcon_core.verb:set package 'project_interfaces' build argument 'ament_cmake_args' from command line to 'None'
[0.557s] Level 5:colcon.colcon_core.verb:set package 'project_interfaces' build argument 'catkin_cmake_args' from command line to 'None'
[0.558s] Level 5:colcon.colcon_core.verb:set package 'project_interfaces' build argument 'catkin_skip_building_tests' from command line to 'False'
[0.558s] DEBUG:colcon.colcon_core.verb:Building package 'project_interfaces' with the following arguments: {'ament_cmake_args': None, 'build_base': '/home/user/ros2_ws/build/project_interfaces', 'catkin_cmake_args': None, 'catkin_skip_building_tests': False, 'cmake_args': None, 'cmake_clean_cache': False, 'cmake_clean_first': False, 'cmake_force_configure': False, 'cmake_target': None, 'cmake_target_skip_unavailable': False, 'install_base': '/home/user/ros2_ws/install/project_interfaces', 'merge_install': False, 'path': '/home/user/ros2_ws/src/project_interfaces', 'symlink_install': False, 'test_result_base': None}
[0.558s] INFO:colcon.colcon_core.executor:Executing jobs using 'parallel' executor
[0.562s] DEBUG:colcon.colcon_parallel_executor.executor.parallel:run_until_complete
[0.563s] INFO:colcon.colcon_ros.task.ament_cmake.build:Building ROS package in '/home/user/ros2_ws/src/project_interfaces' with build type 'ament_cmake'
[0.563s] INFO:colcon.colcon_cmake.task.cmake.build:Building CMake package in '/home/user/ros2_ws/src/project_interfaces'
[0.568s] INFO:colcon.colcon_core.plugin_system:Skipping extension 'colcon_core.shell.bat': Not used on non-Windows systems
[0.568s] INFO:colcon.colcon_core.shell:Skip shell extension 'powershell' for command environment: Not usable outside of PowerShell
[0.568s] DEBUG:colcon.colcon_core.shell:Skip shell extension 'dsv' for command environment
[0.572s] DEBUG:colcon.colcon_core.shell:Ignoring prefix path '/opt/ros/foxy'
[0.589s] DEBUG:colcon.colcon_core.event_handler.log_command:Invoking command in '/home/user/ros2_ws/build/project_interfaces': CMAKE_PREFIX_PATH=${CMAKE_PREFIX_PATH}:/home/user/ros2_ws/install/wall_follower:/opt/ros/foxy _=/usr/bin/env /usr/bin/cmake --build /home/user/ros2_ws/build/project_interfaces -- -j8 -l8
[28.695s] DEBUG:colcon.colcon_core.event_handler.log_command:Invoked command in '/home/user/ros2_ws/build/project_interfaces' returned '0': CMAKE_PREFIX_PATH=${CMAKE_PREFIX_PATH}:/home/user/ros2_ws/install/wall_follower:/opt/ros/foxy _=/usr/bin/env /usr/bin/cmake --build /home/user/ros2_ws/build/project_interfaces -- -j8 -l8
[28.927s] DEBUG:colcon.colcon_core.event_handler.log_command:Invoking command in '/home/user/ros2_ws/build/project_interfaces': CMAKE_PREFIX_PATH=${CMAKE_PREFIX_PATH}:/home/user/ros2_ws/install/wall_follower:/opt/ros/foxy _=/usr/bin/env /usr/bin/cmake --install /home/user/ros2_ws/build/project_interfaces
[29.063s] Level 1:colcon.colcon_core.environment:create_environment_scripts_only(project_interfaces)
[29.063s] DEBUG:colcon.colcon_core.event_handler.log_command:Invoked command in '/home/user/ros2_ws/build/project_interfaces' returned '0': CMAKE_PREFIX_PATH=${CMAKE_PREFIX_PATH}:/home/user/ros2_ws/install/wall_follower:/opt/ros/foxy _=/usr/bin/env /usr/bin/cmake --install /home/user/ros2_ws/build/project_interfaces
[29.072s] Level 1:colcon.colcon_core.environment:checking '/home/user/ros2_ws/install/project_interfaces' for CMake module files
[29.073s] Level 1:colcon.colcon_core.environment:checking '/home/user/ros2_ws/install/project_interfaces' for CMake config files
[29.074s] Level 1:colcon.colcon_core.shell:create_environment_hook('project_interfaces', 'cmake_prefix_path')
[29.075s] INFO:colcon.colcon_core.shell:Creating environment hook '/home/user/ros2_ws/install/project_interfaces/share/project_interfaces/hook/cmake_prefix_path.ps1'
[29.076s] INFO:colcon.colcon_core.shell:Creating environment descriptor '/home/user/ros2_ws/install/project_interfaces/share/project_interfaces/hook/cmake_prefix_path.dsv'
[29.077s] INFO:colcon.colcon_core.shell:Creating environment hook '/home/user/ros2_ws/install/project_interfaces/share/project_interfaces/hook/cmake_prefix_path.sh'
[29.078s] Level 1:colcon.colcon_core.environment:checking '/home/user/ros2_ws/install/project_interfaces/lib'
[29.078s] Level 1:colcon.colcon_core.shell:create_environment_hook('project_interfaces', 'ld_library_path_lib')
[29.079s] INFO:colcon.colcon_core.shell:Creating environment hook '/home/user/ros2_ws/install/project_interfaces/share/project_interfaces/hook/ld_library_path_lib.ps1'
[29.080s] INFO:colcon.colcon_core.shell:Creating environment descriptor '/home/user/ros2_ws/install/project_interfaces/share/project_interfaces/hook/ld_library_path_lib.dsv'
[29.081s] INFO:colcon.colcon_core.shell:Creating environment hook '/home/user/ros2_ws/install/project_interfaces/share/project_interfaces/hook/ld_library_path_lib.sh'
[29.081s] Level 1:colcon.colcon_core.environment:checking '/home/user/ros2_ws/install/project_interfaces/bin'
[29.082s] Level 1:colcon.colcon_core.environment:checking '/home/user/ros2_ws/install/project_interfaces/lib/pkgconfig/project_interfaces.pc'
[29.082s] Level 1:colcon.colcon_core.environment:checking '/home/user/ros2_ws/install/project_interfaces/lib/python3.8/site-packages'
[29.082s] Level 1:colcon.colcon_core.shell:create_environment_hook('project_interfaces', 'pythonpath')
[29.083s] INFO:colcon.colcon_core.shell:Creating environment hook '/home/user/ros2_ws/install/project_interfaces/share/project_interfaces/hook/pythonpath.ps1'
[29.083s] INFO:colcon.colcon_core.shell:Creating environment descriptor '/home/user/ros2_ws/install/project_interfaces/share/project_interfaces/hook/pythonpath.dsv'
[29.084s] INFO:colcon.colcon_core.shell:Creating environment hook '/home/user/ros2_ws/install/project_interfaces/share/project_interfaces/hook/pythonpath.sh'
[29.086s] INFO:colcon.colcon_core.shell:Creating package script '/home/user/ros2_ws/install/project_interfaces/share/project_interfaces/package.ps1'
[29.087s] INFO:colcon.colcon_core.shell:Creating package descriptor '/home/user/ros2_ws/install/project_interfaces/share/project_interfaces/package.dsv'
[29.088s] INFO:colcon.colcon_core.shell:Creating package script '/home/user/ros2_ws/install/project_interfaces/share/project_interfaces/package.sh'
[29.089s] INFO:colcon.colcon_core.shell:Creating package script '/home/user/ros2_ws/install/project_interfaces/share/project_interfaces/package.bash'
[29.090s] INFO:colcon.colcon_core.shell:Creating package script '/home/user/ros2_ws/install/project_interfaces/share/project_interfaces/package.zsh'
[29.091s] Level 1:colcon.colcon_core.environment:create_file_with_runtime_dependencies(/home/user/ros2_ws/install/project_interfaces/share/colcon-core/packages/project_interfaces)
[29.325s] Level 1:colcon.colcon_core.environment:create_environment_scripts_only(project_interfaces)
[29.326s] Level 1:colcon.colcon_core.environment:checking '/home/user/ros2_ws/install/project_interfaces' for CMake module files
[29.327s] Level 1:colcon.colcon_core.environment:checking '/home/user/ros2_ws/install/project_interfaces' for CMake config files
[29.329s] Level 1:colcon.colcon_core.shell:create_environment_hook('project_interfaces', 'cmake_prefix_path')
[29.329s] INFO:colcon.colcon_core.shell:Creating environment hook '/home/user/ros2_ws/install/project_interfaces/share/project_interfaces/hook/cmake_prefix_path.ps1'
[29.330s] INFO:colcon.colcon_core.shell:Creating environment descriptor '/home/user/ros2_ws/install/project_interfaces/share/project_interfaces/hook/cmake_prefix_path.dsv'
[29.331s] INFO:colcon.colcon_core.shell:Creating environment hook '/home/user/ros2_ws/install/project_interfaces/share/project_interfaces/hook/cmake_prefix_path.sh'
[29.332s] Level 1:colcon.colcon_core.environment:checking '/home/user/ros2_ws/install/project_interfaces/lib'
[29.332s] Level 1:colcon.colcon_core.shell:create_environment_hook('project_interfaces', 'ld_library_path_lib')
[29.333s] INFO:colcon.colcon_core.shell:Creating environment hook '/home/user/ros2_ws/install/project_interfaces/share/project_interfaces/hook/ld_library_path_lib.ps1'
[29.333s] INFO:colcon.colcon_core.shell:Creating environment descriptor '/home/user/ros2_ws/install/project_interfaces/share/project_interfaces/hook/ld_library_path_lib.dsv'
[29.334s] INFO:colcon.colcon_core.shell:Creating environment hook '/home/user/ros2_ws/install/project_interfaces/share/project_interfaces/hook/ld_library_path_lib.sh'
[29.334s] Level 1:colcon.colcon_core.environment:checking '/home/user/ros2_ws/install/project_interfaces/bin'
[29.334s] Level 1:colcon.colcon_core.environment:checking '/home/user/ros2_ws/install/project_interfaces/lib/pkgconfig/project_interfaces.pc'
[29.334s] Level 1:colcon.colcon_core.environment:checking '/home/user/ros2_ws/install/project_interfaces/lib/python3.8/site-packages'
[29.334s] Level 1:colcon.colcon_core.shell:create_environment_hook('project_interfaces', 'pythonpath')
[29.335s] INFO:colcon.colcon_core.shell:Creating environment hook '/home/user/ros2_ws/install/project_interfaces/share/project_interfaces/hook/pythonpath.ps1'
[29.336s] INFO:colcon.colcon_core.shell:Creating environment descriptor '/home/user/ros2_ws/install/project_interfaces/share/project_interfaces/hook/pythonpath.dsv'
[29.336s] INFO:colcon.colcon_core.shell:Creating environment hook '/home/user/ros2_ws/install/project_interfaces/share/project_interfaces/hook/pythonpath.sh'
[29.337s] INFO:colcon.colcon_core.shell:Creating package script '/home/user/ros2_ws/install/project_interfaces/share/project_interfaces/package.ps1'
[29.338s] INFO:colcon.colcon_core.shell:Creating package descriptor '/home/user/ros2_ws/install/project_interfaces/share/project_interfaces/package.dsv'
[29.339s] INFO:colcon.colcon_core.shell:Creating package script '/home/user/ros2_ws/install/project_interfaces/share/project_interfaces/package.sh'
[29.340s] INFO:colcon.colcon_core.shell:Creating package script '/home/user/ros2_ws/install/project_interfaces/share/project_interfaces/package.bash'
[29.340s] INFO:colcon.colcon_core.shell:Creating package script '/home/user/ros2_ws/install/project_interfaces/share/project_interfaces/package.zsh'
[29.341s] Level 1:colcon.colcon_core.environment:create_file_with_runtime_dependencies(/home/user/ros2_ws/install/project_interfaces/share/colcon-core/packages/project_interfaces)
[29.342s] DEBUG:colcon.colcon_parallel_executor.executor.parallel:closing loop
[29.342s] DEBUG:colcon.colcon_parallel_executor.executor.parallel:loop closed
[29.342s] DEBUG:colcon.colcon_parallel_executor.executor.parallel:run_until_complete finished with '0'
[29.342s] DEBUG:colcon.colcon_core.event_reactor:joining thread
[29.350s] INFO:colcon.colcon_core.plugin_system:Skipping extension 'colcon_notification.desktop_notification.notify_send': Could not find 'notify-send'
[29.351s] INFO:colcon.colcon_core.plugin_system:Skipping extension 'colcon_notification.desktop_notification.terminal_notifier': Not used on non-Darwin systems
[29.351s] INFO:colcon.colcon_core.plugin_system:Skipping extension 'colcon_notification.desktop_notification.win32': Not used on non-Windows systems
[29.351s] INFO:colcon.colcon_notification.desktop_notification:Sending desktop notification using 'notify2'
[29.359s] DEBUG:colcon.colcon_notification.desktop_notification.notify2:Failed to initialize notify2: org.freedesktop.DBus.Error.ServiceUnknown: The name org.freedesktop.Notifications was not provided by any .service files
[29.359s] DEBUG:colcon.colcon_core.event_reactor:joined thread
[29.360s] INFO:colcon.colcon_core.shell:Creating prefix script '/home/user/ros2_ws/install/local_setup.ps1'
[29.362s] INFO:colcon.colcon_core.shell:Creating prefix util module '/home/user/ros2_ws/install/_local_setup_util_ps1.py'
[29.363s] INFO:colcon.colcon_core.shell:Creating prefix chain script '/home/user/ros2_ws/install/setup.ps1'
[29.366s] INFO:colcon.colcon_core.shell:Creating prefix script '/home/user/ros2_ws/install/local_setup.sh'
[29.367s] INFO:colcon.colcon_core.shell:Creating prefix util module '/home/user/ros2_ws/install/_local_setup_util_sh.py'
[29.368s] INFO:colcon.colcon_core.shell:Creating prefix chain script '/home/user/ros2_ws/install/setup.sh'
[29.372s] INFO:colcon.colcon_core.shell:Creating prefix script '/home/user/ros2_ws/install/local_setup.bash'
[29.372s] INFO:colcon.colcon_core.shell:Creating prefix chain script '/home/user/ros2_ws/install/setup.bash'
[29.376s] INFO:colcon.colcon_core.shell:Creating prefix script '/home/user/ros2_ws/install/local_setup.zsh'
[29.376s] INFO:colcon.colcon_core.shell:Creating prefix chain script '/home/user/ros2_ws/install/setup.zsh'
