[0.961s] Invoking command in '/home/user/ros2_ws/src/wall_follower': PYTHONPATH=/home/user/ros2_ws/install/wall_follower/lib/python3.8/site-packages:${PYTHONPATH} _=/usr/bin/env /usr/bin/python3 setup.py egg_info --egg-base ../../build/wall_follower build --build-base /home/user/ros2_ws/build/wall_follower/build install --prefix /home/user/ros2_ws/install/wall_follower --record /home/user/ros2_ws/build/wall_follower/install.log --single-version-externally-managed
[1.756s] running egg_info
[1.757s] writing ../../build/wall_follower/wall_follower.egg-info/PKG-INFO
[1.757s] writing dependency_links to ../../build/wall_follower/wall_follower.egg-info/dependency_links.txt
[1.758s] writing entry points to ../../build/wall_follower/wall_follower.egg-info/entry_points.txt
[1.758s] writing requirements to ../../build/wall_follower/wall_follower.egg-info/requires.txt
[1.769s] writing top-level names to ../../build/wall_follower/wall_follower.egg-info/top_level.txt
[1.844s] reading manifest file '../../build/wall_follower/wall_follower.egg-info/SOURCES.txt'
[1.847s] writing manifest file '../../build/wall_follower/wall_follower.egg-info/SOURCES.txt'
[1.847s] running build
[1.847s] running build_py
[1.847s] copying wall_follower/laserScan_test.py -> /home/user/ros2_ws/build/wall_follower/build/lib/wall_follower
[1.848s] running install
[1.850s] running install_lib
[1.851s] copying /home/user/ros2_ws/build/wall_follower/build/lib/wall_follower/laserScan_test.py -> /home/user/ros2_ws/install/wall_follower/lib/python3.8/site-packages/wall_follower
[1.852s] byte-compiling /home/user/ros2_ws/install/wall_follower/lib/python3.8/site-packages/wall_follower/laserScan_test.py to laserScan_test.cpython-38.pyc
[1.853s] running install_data
[1.854s] running install_egg_info
[1.863s] removing '/home/user/ros2_ws/install/wall_follower/lib/python3.8/site-packages/wall_follower-0.0.0-py3.8.egg-info' (and everything under it)
[1.863s] Copying ../../build/wall_follower/wall_follower.egg-info to /home/user/ros2_ws/install/wall_follower/lib/python3.8/site-packages/wall_follower-0.0.0-py3.8.egg-info
[1.866s] running install_scripts
[1.938s] Installing laserScan_test_executable script to /home/user/ros2_ws/install/wall_follower/lib/wall_follower
[1.939s] Installing wall_follower_executable script to /home/user/ros2_ws/install/wall_follower/lib/wall_follower
[1.942s] writing list of installed files to '/home/user/ros2_ws/build/wall_follower/install.log'
[1.978s] Invoked command in '/home/user/ros2_ws/src/wall_follower' returned '0': PYTHONPATH=/home/user/ros2_ws/install/wall_follower/lib/python3.8/site-packages:${PYTHONPATH} _=/usr/bin/env /usr/bin/python3 setup.py egg_info --egg-base ../../build/wall_follower build --build-base /home/user/ros2_ws/build/wall_follower/build install --prefix /home/user/ros2_ws/install/wall_follower --record /home/user/ros2_ws/build/wall_follower/install.log --single-version-externally-managed
