[0.968s] Invoking command in '/home/user/ros2_ws/src/wall_follower': PYTHONPATH=/home/user/ros2_ws/install/wall_follower/lib/python3.8/site-packages:${PYTHONPATH} _=/usr/bin/env /usr/bin/python3 setup.py egg_info --egg-base ../../build/wall_follower build --build-base /home/user/ros2_ws/build/wall_follower/build install --prefix /home/user/ros2_ws/install/wall_follower --record /home/user/ros2_ws/build/wall_follower/install.log --single-version-externally-managed
[1.776s] running egg_info
[1.776s] writing ../../build/wall_follower/wall_follower.egg-info/PKG-INFO
[1.777s] writing dependency_links to ../../build/wall_follower/wall_follower.egg-info/dependency_links.txt
[1.777s] writing entry points to ../../build/wall_follower/wall_follower.egg-info/entry_points.txt
[1.777s] writing requirements to ../../build/wall_follower/wall_follower.egg-info/requires.txt
[1.777s] writing top-level names to ../../build/wall_follower/wall_follower.egg-info/top_level.txt
[1.869s] reading manifest file '../../build/wall_follower/wall_follower.egg-info/SOURCES.txt'
[1.871s] writing manifest file '../../build/wall_follower/wall_follower.egg-info/SOURCES.txt'
[1.871s] running build
[1.871s] running build_py
[1.872s] copying wall_follower/wall_following.py -> /home/user/ros2_ws/build/wall_follower/build/lib/wall_follower
[1.872s] running install
[1.873s] running install_lib
[1.874s] copying /home/user/ros2_ws/build/wall_follower/build/lib/wall_follower/wall_following.py -> /home/user/ros2_ws/install/wall_follower/lib/python3.8/site-packages/wall_follower
[1.875s] byte-compiling /home/user/ros2_ws/install/wall_follower/lib/python3.8/site-packages/wall_follower/wall_following.py to wall_following.cpython-38.pyc
[1.877s] running install_data
[1.877s] running install_egg_info
[1.879s] removing '/home/user/ros2_ws/install/wall_follower/lib/python3.8/site-packages/wall_follower-0.0.0-py3.8.egg-info' (and everything under it)
[1.880s] Copying ../../build/wall_follower/wall_follower.egg-info to /home/user/ros2_ws/install/wall_follower/lib/python3.8/site-packages/wall_follower-0.0.0-py3.8.egg-info
[1.881s] running install_scripts
[1.904s] Installing laserScan_test_executable script to /home/user/ros2_ws/install/wall_follower/lib/wall_follower
[1.904s] Installing server_client_executable script to /home/user/ros2_ws/install/wall_follower/lib/wall_follower
[1.904s] Installing wall_finder_executable script to /home/user/ros2_ws/install/wall_follower/lib/wall_follower
[1.905s] Installing wall_follower_executable script to /home/user/ros2_ws/install/wall_follower/lib/wall_follower
[1.905s] writing list of installed files to '/home/user/ros2_ws/build/wall_follower/install.log'
[1.979s] Invoked command in '/home/user/ros2_ws/src/wall_follower' returned '0': PYTHONPATH=/home/user/ros2_ws/install/wall_follower/lib/python3.8/site-packages:${PYTHONPATH} _=/usr/bin/env /usr/bin/python3 setup.py egg_info --egg-base ../../build/wall_follower build --build-base /home/user/ros2_ws/build/wall_follower/build install --prefix /home/user/ros2_ws/install/wall_follower --record /home/user/ros2_ws/build/wall_follower/install.log --single-version-externally-managed
