[1.072s] Invoking command in '/home/user/ros2_ws/src/wall_follower': PYTHONPATH=/home/user/ros2_ws/install/wall_follower/lib/python3.8/site-packages:${PYTHONPATH} _=/usr/bin/env /usr/bin/python3 setup.py egg_info --egg-base ../../build/wall_follower build --build-base /home/user/ros2_ws/build/wall_follower/build install --prefix /home/user/ros2_ws/install/wall_follower --record /home/user/ros2_ws/build/wall_follower/install.log --single-version-externally-managed
[1.899s] running egg_info
[1.899s] writing ../../build/wall_follower/wall_follower.egg-info/PKG-INFO
[1.900s] writing dependency_links to ../../build/wall_follower/wall_follower.egg-info/dependency_links.txt
[1.900s] writing entry points to ../../build/wall_follower/wall_follower.egg-info/entry_points.txt
[1.900s] writing requirements to ../../build/wall_follower/wall_follower.egg-info/requires.txt
[1.900s] writing top-level names to ../../build/wall_follower/wall_follower.egg-info/top_level.txt
[2.002s] reading manifest file '../../build/wall_follower/wall_follower.egg-info/SOURCES.txt'
[2.004s] writing manifest file '../../build/wall_follower/wall_follower.egg-info/SOURCES.txt'
[2.004s] running build
[2.004s] running build_py
[2.004s] copying wall_follower/wall_finder.py -> /home/user/ros2_ws/build/wall_follower/build/lib/wall_follower
[2.071s] running install
[2.071s] running install_lib
[2.071s] copying /home/user/ros2_ws/build/wall_follower/build/lib/wall_follower/wall_finder.py -> /home/user/ros2_ws/install/wall_follower/lib/python3.8/site-packages/wall_follower
[2.071s] byte-compiling /home/user/ros2_ws/install/wall_follower/lib/python3.8/site-packages/wall_follower/wall_finder.py to wall_finder.cpython-38.pyc
[2.071s] running install_data
[2.072s] running install_egg_info
[2.076s] removing '/home/user/ros2_ws/install/wall_follower/lib/python3.8/site-packages/wall_follower-0.0.0-py3.8.egg-info' (and everything under it)
[2.077s] Copying ../../build/wall_follower/wall_follower.egg-info to /home/user/ros2_ws/install/wall_follower/lib/python3.8/site-packages/wall_follower-0.0.0-py3.8.egg-info
[2.080s] running install_scripts
[2.102s] Installing laserScan_test_executable script to /home/user/ros2_ws/install/wall_follower/lib/wall_follower
[2.102s] Installing wall_finder_executable script to /home/user/ros2_ws/install/wall_follower/lib/wall_follower
[2.102s] Installing wall_follower_executable script to /home/user/ros2_ws/install/wall_follower/lib/wall_follower
[2.102s] writing list of installed files to '/home/user/ros2_ws/build/wall_follower/install.log'
[2.185s] Invoked command in '/home/user/ros2_ws/src/wall_follower' returned '0': PYTHONPATH=/home/user/ros2_ws/install/wall_follower/lib/python3.8/site-packages:${PYTHONPATH} _=/usr/bin/env /usr/bin/python3 setup.py egg_info --egg-base ../../build/wall_follower build --build-base /home/user/ros2_ws/build/wall_follower/build install --prefix /home/user/ros2_ws/install/wall_follower --record /home/user/ros2_ws/build/wall_follower/install.log --single-version-externally-managed
